23/03/2022 17:14:38.45 [Information] -------------------------------
23/03/2022 17:14:38.49 [Information] *** Begin Prepare ''!
23/03/2022 17:14:38.49 [Information] *** Begin prepare project 'default (1) V1.0.0.0'!
23/03/2022 17:14:49.63 [Information] *** Start preparation of 'default (1)' path 'C:\KRC\User\ProjectRoot\default (1)\default (1).wvs'
23/03/2022 17:14:56.05 [Information] Prepare Installation of project "default (1) V1.0.0.0".
23/03/2022 17:14:56.05 [Information] Current project was "427630_br V1.0.0".
23/03/2022 17:14:56.21 [Information] °°° Begin adding actions for project 'default (1) V1.0.0.0'!
23/03/2022 17:14:56.29 [Warning] Element Type changed for {ExternalFileManifest Safety:Copy(Config:\User\Common\SCTLCRC.XML) - Automatic} -> config
23/03/2022 17:14:56.29 [Warning] Element Type changed for {ExternalFileManifest Safety:Copy(Config:\User\Common\MotionDrivers\motiondrv.ini) - Automatic, SavedExternal} -> config
23/03/2022 17:14:56.29 [Warning] Element Type changed for {ExternalFileManifest File:Copy(KRC:\R1\Mada\machine.upg) - SavedExternal} -> krl
23/03/2022 17:14:56.29 [Warning] Element Type changed for {ExternalFileManifest File:Copy(KRC:\R1\Mada\robcor.upg) - SavedExternal} -> krl
23/03/2022 17:14:56.29 [Warning] Element Type changed for {ExternalFileManifest File:Copy(KRC:\STEU\Mada\custom.upg) - SavedExternal} -> krl
23/03/2022 17:14:56.29 [Warning] Element Type changed for {ExternalFileManifest File:Copy(KRC:\STEU\Mada\machine.upg) - SavedExternal} -> krl
23/03/2022 17:14:56.29 [Warning] Element Type changed for {ExternalFileManifest File:Copy(KRC:\STEU\Mada\option.upg) - SavedExternal} -> krl
23/03/2022 17:14:56.29 [Warning] Element Type changed for {ExternalFileManifest Config:Copy(Config:\User\Common\SafetyConfigData.xml) - SavedExternal} -> safety
23/03/2022 17:14:56.29 [Warning] Element Type changed for {ExternalFileManifest Config:Copy(Config:\User\Common\SCtlPara.sg) - SavedExternal} -> safety
23/03/2022 17:14:56.31 [Information] SafetyHandler ignores element: '{ExternalFileManifest safety:Copy(Config:\User\Common\SafetyConfigData.xml) - SavedExternal}'
23/03/2022 17:14:56.31 [Information] SafetyHandler ignores element: '{ExternalFileManifest safety:Copy(Config:\User\Common\SCtlPara.sg) - SavedExternal}'
23/03/2022 17:14:56.31 [Information] SafetyHandler ignores element: '{ExternalFileManifest safety:Copy(Config:\User\Common\HNFINFO.SAF) - SavedExternal}'
23/03/2022 17:14:57.48 [Information] ° Reboot requested before activation = False
23/03/2022 17:14:57.58 [Information] °°° Begin initialize actions for project 'default (1) V1.0.0.0'!
23/03/2022 17:14:57.61 [Information] [Copy]	Action ignore: 'New:file.Copy(C:\KRC\User\Settings.xml), 1500, 0'. MD5 check is identical!
23/03/2022 17:14:57.72 [Information] [Copy]	Action ignore: 'New:file.Copy(C:\KRC\User\SmartHMI.User.config), 1500, 0'. MD5 check is identical!
23/03/2022 17:14:57.82 [Information] [Copy]	Action ignore: 'New:file.Copy(C:\KRC\User\ProjectExternalFileList.xml), 1500, 0'. MD5 check is identical!
23/03/2022 17:14:57.83 [Information] [Copy]	Action ignore: 'New:file.Copy(C:\KRC\User\KukaPMService.User.config), 1500, 0'. MD5 check is identical!
23/03/2022 17:14:57.83 [Information] [Copy]	Action ignore: 'New:file.Copy(C:\KRC\User\MaintenanceHandBook.User.config), 1500, 0'. MD5 check is identical!
23/03/2022 17:14:57.83 [Information] [Copy]	Action ignore: 'New:file.Copy(C:\KRC\User\PMService.user.config), 1500, 0'. MD5 check is identical!
23/03/2022 17:14:57.84 [Information] [Copy]	Action ignore: 'New:file.Copy(C:\KRC\User\InstallTech.cfg), 1500, 0'. MD5 check is identical!
23/03/2022 17:14:57.84 [Information] [Copy]	Action ignore: 'New:file.Copy(C:\KRC\User\AdvMonitoring\AdvMonitoringConfig.xml), 1500, 0'. MD5 check is identical!
23/03/2022 17:14:57.84 [Information] [Copy]	Action ignore: 'New:file.Copy(C:\KRC\User\Data\UserAdvMonitoring.kxr), 1500, 0'. MD5 check is identical!
23/03/2022 17:14:57.85 [Information] [Copy]	Action ignore: 'New:file.Copy(C:\KRC\User\SetupWizardStates.xml), 1500, 0'. MD5 check is identical!
23/03/2022 17:14:57.85 [Information] [Copy]	Action ignore: 'New:file.Copy(C:\KRC\User\WaitForUserList.xml), 1500, 0'. MD5 check is identical!
23/03/2022 17:14:57.86 [Information] [Copy]	Action ignore: 'New:file.Copy(C:\KRC\User\Cross3.User.config), 1500, 0'. MD5 check is identical!
23/03/2022 17:14:58.01 [Information] [Copy]	Action ignore: 'New:file.Copy(C:\KRC\User\WorkVisualServiceHost.User.config), 1500, 0'. MD5 check is identical!
23/03/2022 17:14:58.11 [Information] [Copy]	Action ignore: 'New:file.Copy(C:\KRC\User\InitialProjectSetup.User.config), 1500, 0'. MD5 check is identical!
23/03/2022 17:14:58.11 [Information] [Copy]	Action ignore: 'New:file.Copy(C:\KRC\User\ConfigMon.ini), 1500, 0'. MD5 check is identical!
23/03/2022 17:14:58.12 [Information] [Copy]	Action ignore: 'New:config.Copy(Config:\User\Common\CabCtrl.xml), 2000, 0'. MD5 check is identical!
23/03/2022 17:14:58.12 [Information] [Copy]	Action ignore: 'New:config.Copy(Config:\User\Common\Mada\LDP.xml), 2000, 0'. MD5 check is identical!
23/03/2022 17:14:58.13 [Information] [Copy]	Action ignore: 'New:config.Copy(Config:\User\Cabinet\NGSharedO.xml), 2000, 0'. MD5 check is identical!
23/03/2022 17:14:58.13 [Information] [Copy]	Action ignore: 'New:config.Copy(Config:\User\Common\Mada\MotionDrivers\mdrBrakeTest.ini), 2000, 0'. MD5 check is identical!
23/03/2022 17:14:58.13 [Information] [Copy]	Action ignore: 'New:config.Copy(Config:\User\Common\Mada\MotionDrivers\MdlCtlDataDrv.ini), 2000, 0'. MD5 check is identical!
23/03/2022 17:14:58.13 [Information] [Copy]	Action ignore: 'New:config.Copy(Config:\User\Common\Mada\NextGenDriveTech.xml), 2000, 0'. MD5 check is identical!
23/03/2022 17:14:58.14 [Information] [Copy]	Action ignore: 'New:config.Copy(Config:\User\Common\Supply\KPP_400V_10.xml), 2000, 0'. MD5 check is identical!
23/03/2022 17:14:58.14 [Information] [Copy]	Action ignore: 'New:config.Copy(Config:\User\Common\Servofile\S_KPP_400V_10.xml), 2000, 0'. MD5 check is identical!
23/03/2022 17:14:58.70 [Information] [Copy]	Action ignore: 'New:config.Copy(Config:\User\Common\Mada\MMAxisAdapter.xml), 2000, 0'. MD5 check is identical!
23/03/2022 17:14:58.77 [Information] [Copy]	Action ignore: 'New:config.Copy(Config:\User\Common\Mada\EAWaggonDriverConfig.xml), 2000, 0'. MD5 check is identical!
23/03/2022 17:14:58.81 [Information] [Copy]	Action ignore: 'New:config.Copy(Config:\User\Common\Mada\CFCore.xml), 2000, 0'. MD5 check is identical!
23/03/2022 17:14:58.81 [Information] [Copy]	Action ignore: 'New:config.Copy(Config:\User\Common\Mada\CFCoreWaggonDriverConfig.xml), 2000, 0'. MD5 check is identical!
23/03/2022 17:14:58.82 [Information] [copy]	Action ignore: 'New:config.copy(Config:\User\Common\Modules_SysBusDriver.xml), 2000, 0'. MD5 check is identical!
23/03/2022 17:14:58.82 [Information] [copy]	Action ignore: 'New:config.copy(Config:\User\Common\SysBusDriver.xml), 2000, 0'. MD5 check is identical!
23/03/2022 17:14:58.83 [Information] [copy]	Action ignore: 'New:config.copy(Config:\User\Common\Modules_TimeSync.xml), 2000, 0'. MD5 check is identical!
23/03/2022 17:14:58.83 [Information] [Copy]	Action ignore: 'New:config.Copy(Config:\User\Common\PersistPC\NGDecouple.xml), 2000, 0'. MD5 check is identical!
23/03/2022 17:14:58.83 [Information] [copy]	Action ignore: 'New:config.copy(Config:\User\Common\connectionchain.xml), 2000, 0'. MD5 check is identical!
23/03/2022 17:14:58.84 [Information] [copy]	Action ignore: 'New:config.copy(Config:\User\Common\KNet.xml), 2000, 0'. MD5 check is identical!
23/03/2022 17:14:58.84 [Information] [Copy]	Action ignore: 'New:config.Copy(Config:\User\Common\MotionDrivers\motiondrv.ini), 2000, 0'. MD5 check is identical!
23/03/2022 17:14:59.07 [Information] [Copy]	Action ignore: 'New:config.Copy(Config:\User\Common\Mada\CtrlGainTab.bin), 2000, 0'. MD5 check is identical!
23/03/2022 17:14:59.17 [Information] [Copy]	Action ignore: 'New:config.Copy(Config:\User\Common\Mada\MotionDrivers\motiondrv.ini), 2000, 0'. MD5 check is identical!
23/03/2022 17:14:59.18 [Information] [copy]	Action ignore: 'New:config.copy(Config:\User\Common\TimeSync.xml), 2000, 0'. MD5 check is identical!
23/03/2022 17:14:59.18 [Information] [copy]	Action ignore: 'New:config.copy(Config:\User\Common\TimeSyncBase.xml), 2000, 0'. MD5 check is identical!
23/03/2022 17:14:59.18 [Information] [Copy]	Action ignore: 'New:config.Copy(Config:\User\Common\SCTLCRC.XML), 2000, 0'. MD5 check is identical!
23/03/2022 17:14:59.19 [Information] [Copy]	Action ignore: 'New:config.Copy(Config:\User\Common\Supply\KPP_sr400-244V_15.xml), 2000, 0'. MD5 check is identical!
23/03/2022 17:14:59.19 [Information] [Copy]	Action ignore: 'New:config.Copy(Config:\User\Common\Mada\NGAxis\A5.xml), 2000, 0'. MD5 check is identical!
23/03/2022 17:14:59.19 [Information] [Copy]	Action ignore: 'New:config.Copy(Config:\User\Common\Mada\NGAxis\CtrlA5AddFct.xml), 2000, 0'. MD5 check is identical!
23/03/2022 17:14:59.20 [Information] [Copy]	Action ignore: 'New:config.Copy(Config:\User\Common\Mada\NGAxis\CtrlA5.xml), 2000, 0'. MD5 check is identical!
23/03/2022 17:14:59.20 [Information] [Copy]	Action ignore: 'New:config.Copy(Config:\User\Common\Mada\NGAxis\A6.xml), 2000, 0'. MD5 check is identical!
23/03/2022 17:14:59.20 [Information] [Copy]	Action ignore: 'New:config.Copy(Config:\User\Common\Mada\NGAxis\CtrlA6AddFct.xml), 2000, 0'. MD5 check is identical!
23/03/2022 17:14:59.21 [Information] [Copy]	Action ignore: 'New:config.Copy(Config:\User\Common\Mada\NGAxis\CtrlA6.xml), 2000, 0'. MD5 check is identical!
23/03/2022 17:14:59.31 [Information] [Copy]	Action ignore: 'New:config.Copy(Config:\User\Common\ServoFile\S_SSR5-AKM22-11_KSPsr5_244V_V1.xml), 2000, 0'. MD5 check is identical!
23/03/2022 17:14:59.42 [Information] [Copy]	Action ignore: 'New:config.Copy(Config:\User\Common\Motor\M_SSR5-AKM22-11_KSPsr5_244V_V1.xml), 2000, 0'. MD5 check is identical!
23/03/2022 17:14:59.42 [Information] [Copy]	Action ignore: 'New:config.Copy(Config:\User\Common\Mada\NGAxis\A3.xml), 2000, 0'. MD5 check is identical!
23/03/2022 17:14:59.42 [Information] [Copy]	Action ignore: 'New:config.Copy(Config:\User\Common\Mada\NGAxis\A4.xml), 2000, 0'. MD5 check is identical!
23/03/2022 17:14:59.43 [Information] [Copy]	Action ignore: 'New:config.Copy(Config:\User\Common\Mada\NGAxis\CtrlA4AddFct.xml), 2000, 0'. MD5 check is identical!
23/03/2022 17:14:59.43 [Information] [Copy]	Action ignore: 'New:config.Copy(Config:\User\Common\Mada\NGAxis\CtrlA4.xml), 2000, 0'. MD5 check is identical!
23/03/2022 17:14:59.43 [Information] [Copy]	Action ignore: 'New:config.Copy(Config:\User\Common\Mada\NGAxis\CtrlE3.xml), 2000, 0'. MD5 check is identical!
23/03/2022 17:14:59.44 [Information] [Copy]	Action ignore: 'New:config.Copy(Config:\User\Common\Mada\NGAxis\E2.xml), 2000, 0'. MD5 check is identical!
23/03/2022 17:14:59.44 [Information] [Copy]	Action ignore: 'New:config.Copy(Config:\User\Common\Mada\NGAxis\CtrlE2AddFct.xml), 2000, 0'. MD5 check is identical!
23/03/2022 17:14:59.44 [Information] [Copy]	Action ignore: 'New:config.Copy(Config:\User\Common\Servofile\S_KPP_sr400-244V_15.xml), 2000, 0'. MD5 check is identical!
23/03/2022 17:14:59.45 [Information] [Copy]	Action ignore: 'New:config.Copy(Config:\User\Common\Mada\NGAxis\E3.xml), 2000, 0'. MD5 check is identical!
23/03/2022 17:14:59.45 [Information] [Copy]	Action ignore: 'New:config.Copy(Config:\User\Common\Mada\NGAxis\CtrlE3AddFct.xml), 2000, 0'. MD5 check is identical!
23/03/2022 17:14:59.49 [Information] [Copy]	Action ignore: 'New:config.Copy(Config:\User\Common\Mada\NGAxis\CtrlE1.xml), 2000, 0'. MD5 check is identical!
23/03/2022 17:14:59.49 [Information] [Copy]	Action ignore: 'New:config.Copy(Config:\User\Common\ServoFile\S_G1_KSP40_400V_V1.xml), 2000, 0'. MD5 check is identical!
23/03/2022 17:14:59.49 [Information] [Copy]	Action ignore: 'New:config.Copy(Config:\User\Common\Motor\M_G1_KSP40_400V_V1.xml), 2000, 0'. MD5 check is identical!
23/03/2022 17:14:59.50 [Information] [Copy]	Action ignore: 'New:config.Copy(Config:\User\Common\Mada\NGAxis\CtrlE2.xml), 2000, 0'. MD5 check is identical!
23/03/2022 17:14:59.50 [Information] [Copy]	Action ignore: 'New:config.Copy(Config:\User\Common\Mada\NGAxis\E1.xml), 2000, 0'. MD5 check is identical!
23/03/2022 17:14:59.50 [Information] [Copy]	Action ignore: 'New:config.Copy(Config:\User\Common\Mada\NGAxis\CtrlE1AddFct.xml), 2000, 0'. MD5 check is identical!
23/03/2022 17:14:59.51 [Information] [Copy]	Action ignore: 'New:config.Copy(Config:\User\Common\AsyncDataToKrl.xml), 2000, 0'. MD5 check is identical!
23/03/2022 17:14:59.51 [Information] [Copy]	Action ignore: 'New:config.Copy(Config:\User\Common\MotionDrivers\mdrConveyor.ini), 2000, 0'. MD5 check is identical!
23/03/2022 17:14:59.52 [Information] [Copy]	Action ignore: 'New:config.Copy(Config:\User\Common\MotionDrivers\mdrBrakeTest.ini), 2000, 0'. MD5 check is identical!
23/03/2022 17:14:59.52 [Information] [Copy]	Action ignore: 'New:config.Copy(Config:\User\Common\MotionDrivers\loadDataDevice.ini), 2000, 0'. MD5 check is identical!
23/03/2022 17:14:59.53 [Information] [Copy]	Action ignore: 'New:config.Copy(Config:\User\Common\MotionDrivers\mdrSignalMonitor.ini), 2000, 0'. MD5 check is identical!
23/03/2022 17:14:59.53 [Information] [Copy]	Action ignore: 'New:config.Copy(Config:\User\Common\MotionDrivers\mdrJointOffset.ini), 2000, 0'. MD5 check is identical!
23/03/2022 17:14:59.54 [Information] [Copy]	Action ignore: 'New:config.Copy(Config:\User\Common\MotionDrivers\mdrEmily.ini), 2000, 0'. MD5 check is identical!
23/03/2022 17:14:59.54 [Information] [Copy]	Action ignore: 'New:config.Copy(Config:\User\Common\Mada\SimuAxis\A3.xml), 2000, 0'. MD5 check is identical!
23/03/2022 17:14:59.54 [Information] [Copy]	Action ignore: 'New:config.Copy(Config:\User\Common\Mada\SimuAxis\A2.xml), 2000, 0'. MD5 check is identical!
23/03/2022 17:14:59.55 [Information] [Copy]	Action ignore: 'New:config.Copy(Config:\User\Common\Mada\SimuAxis\A1.xml), 2000, 0'. MD5 check is identical!
23/03/2022 17:14:59.55 [Information] [Copy]	Action ignore: 'New:config.Copy(Config:\User\Common\Mada\SimuAxis\A6.xml), 2000, 0'. MD5 check is identical!
23/03/2022 17:14:59.55 [Information] [Copy]	Action ignore: 'New:config.Copy(Config:\User\Common\Mada\SimuAxis\A5.xml), 2000, 0'. MD5 check is identical!
23/03/2022 17:14:59.55 [Information] [Copy]	Action ignore: 'New:config.Copy(Config:\User\Common\Mada\SimuAxis\A4.xml), 2000, 0'. MD5 check is identical!
23/03/2022 17:14:59.56 [Information] [Copy]	Action Requests reconfiguration: 'New:config.Copy(Config:\User\KrlModSize.bin), 2000, 0'.
23/03/2022 17:14:59.56 [Information] [Copy]	Action ignore: 'New:config.Copy(Config:\User\Office\PersistRDC\Readme.txt), 2000, 0'. MD5 check is identical!
23/03/2022 17:14:59.57 [Information] [Copy]	Action ignore: 'New:config.Copy(Config:\User\Office\PersistPDS\Readme.txt), 2000, 0'. MD5 check is identical!
23/03/2022 17:14:59.57 [Information] [Copy]	Action ignore: 'New:config.Copy(Config:\User\Common\Logging_ArcLink.xml), 2000, 0'. MD5 check is identical!
23/03/2022 17:14:59.58 [Information] [Copy]	Action Requests reconfiguration: 'New:config.Copy(Config:\User\Common\PersistPC\KrcRrtLog.xml), 2000, 0'.
23/03/2022 17:14:59.58 [Information] [Copy]	Action ignore: 'New:config.Copy(Config:\User\Common\PNIOIM4Data.dat), 2000, 0'. MD5 check is identical!
23/03/2022 17:14:59.58 [Information] [Copy]	Action ignore: 'New:config.Copy(Config:\User\Common\PersistPC\EncoderMastering.xml), 2000, 0'. MD5 check is identical!
23/03/2022 17:14:59.58 [Information] [Copy]	Action ignore: 'New:config.Copy(Config:\User\Common\MotionDrivers\mdrVwAscii.ini), 2000, 0'. MD5 check is identical!
23/03/2022 17:14:59.59 [Information] [Copy]	Action ignore: 'New:config.Copy(Config:\User\Common\MotionDrivers\mdrStandStill.ini), 2000, 0'. MD5 check is identical!
23/03/2022 17:14:59.59 [Information] [Copy]	Action ignore: 'New:config.Copy(Config:\User\Office\PersistCIB\Readme.txt), 2000, 0'. MD5 check is identical!
23/03/2022 17:14:59.59 [Information] [Copy]	Action ignore: 'New:config.Copy(Config:\User\Common\VxWin\knet.config), 2000, 0'. MD5 check is identical!
23/03/2022 17:14:59.60 [Information] [Copy]	Action ignore: 'New:config.Copy(Config:\User\Common\PersistPC\SimuMastering.xml), 2000, 0'. MD5 check is identical!
23/03/2022 17:14:59.60 [Information] [Copy]	Action ignore: 'New:config.Copy(Config:\User\Common\Mada\SimuAxesKrc.xml), 2000, 0'. MD5 check is identical!
23/03/2022 17:14:59.61 [Information] [Copy]	Action ignore: 'New:config.Copy(Config:\User\Common\KrcDryRun.xml), 2000, 0'. MD5 check is identical!
23/03/2022 17:14:59.61 [Information] [Copy]	Action ignore: 'New:config.Copy(Config:\User\Common\KrcConfig.xml), 2000, 0'. MD5 check is identical!
23/03/2022 17:14:59.62 [Information] [Copy]	Action ignore: 'New:config.Copy(Config:\User\Common\KONIConfig.xml), 2000, 0'. MD5 check is identical!
23/03/2022 17:14:59.62 [Information] [Copy]	Action ignore: 'New:config.Copy(Config:\User\Common\Logging_RoboTeam.xml), 2000, 0'. MD5 check is identical!
23/03/2022 17:14:59.62 [Information] [Copy]	Action ignore: 'New:config.Copy(Config:\User\Common\Logging_BrakeTest.xml), 2000, 0'. MD5 check is identical!
23/03/2022 17:14:59.63 [Information] [Copy]	Action ignore: 'New:config.Copy(Config:\User\Common\KrcExtConfMsg.xml), 2000, 0'. MD5 check is identical!
23/03/2022 17:14:59.63 [Information] [Copy]	Action ignore: 'New:config.Copy(Config:\User\Common\ecat_PBM_Gateway.xml), 2000, 0'. MD5 check is identical!
23/03/2022 17:14:59.63 [Information] [Copy]	Action ignore: 'New:config.Copy(Config:\User\Common\ecat_DNM_Gateway.xml), 2000, 0'. MD5 check is identical!
23/03/2022 17:14:59.64 [Information] [Copy]	Action ignore: 'New:config.Copy(Config:\User\Common\DevIODriver.xml), 2000, 0'. MD5 check is identical!
23/03/2022 17:14:59.64 [Information] [Copy]	Action ignore: 'New:config.Copy(Config:\User\Common\KLIConfig.xml), 2000, 0'. MD5 check is identical!
23/03/2022 17:14:59.64 [Information] [Copy]	Action ignore: 'New:config.Copy(Config:\User\Common\FpExceptions.xml), 2000, 0'. MD5 check is identical!
23/03/2022 17:14:59.65 [Information] [Copy]	Action ignore: 'New:config.Copy(Config:\User\Common\ECAT_SYS_X44.xml), 2000, 0'. MD5 check is identical!
23/03/2022 17:14:59.65 [Information] [Copy]	Action ignore: 'New:config.Copy(Config:\User\Common\ProConOS_IO.xml), 2000, 0'. MD5 check is identical!
23/03/2022 17:14:59.66 [Information] [Copy]	Action ignore: 'New:config.Copy(Config:\User\Common\ProConOS.xml), 2000, 0'. MD5 check is identical!
23/03/2022 17:14:59.66 [Information] [Copy]	Action ignore: 'New:config.Copy(Config:\User\Common\NGMada.xml), 2000, 0'. MD5 check is identical!
23/03/2022 17:14:59.67 [Information] [Copy]	Action ignore: 'New:config.Copy(Config:\User\Common\Mada\SimuAxes.xml), 2000, 0'. MD5 check is identical!
23/03/2022 17:14:59.67 [Information] [Copy]	Action ignore: 'New:config.Copy(Config:\User\Common\Mada\Properties.xml), 2000, 0'. MD5 check is identical!
23/03/2022 17:14:59.67 [Information] [Copy]	Action ignore: 'New:config.Copy(Config:\User\Common\ProConOS_PDD.xml), 2000, 0'. MD5 check is identical!
23/03/2022 17:14:59.68 [Information] [Copy]	Action ignore: 'New:config.Copy(Config:\User\Common\Logging_VwAscii.xml), 2000, 0'. MD5 check is identical!
23/03/2022 17:14:59.68 [Information] [Copy]	Action ignore: 'New:config.Copy(Config:\User\Common\Logging_System.xml), 2000, 0'. MD5 check is identical!
23/03/2022 17:14:59.68 [Information] [Copy]	Action ignore: 'New:config.Copy(Config:\User\Common\Logging_SpotControl.xml), 2000, 0'. MD5 check is identical!
23/03/2022 17:14:59.68 [Information] [Copy]	Action ignore: 'New:config.Copy(Config:\User\Common\Modules_VRC.xml), 2000, 0'. MD5 check is identical!
23/03/2022 17:14:59.69 [Information] [Copy]	Action ignore: 'New:config.Copy(Config:\User\Common\Modules_ProConOS.xml), 2000, 0'. MD5 check is identical!
23/03/2022 17:14:59.69 [Information] [Copy]	Action ignore: 'New:config.Copy(Config:\User\Common\Modules_DevIO.xml), 2000, 0'. MD5 check is identical!
23/03/2022 17:14:59.71 [Information] [Copy]	Action ignore: 'New:config.Copy(Config:\User\Common\ecatms_config.xml), 2000, 0'. MD5 check is identical!
23/03/2022 17:14:59.71 [Information] [Copy]	Action ignore: 'New:config.Copy(Config:\User\Common\VIO_USER_BUS.xml), 2000, 0'. MD5 check is identical!
23/03/2022 17:14:59.71 [Information] [Copy]	Action ignore: 'New:config.Copy(Config:\User\Common\TransferApp_IO.xml), 2000, 0'. MD5 check is identical!
23/03/2022 17:14:59.72 [Information] [Copy]	Action ignore: 'New:config.Copy(Config:\User\Common\ecatms_sys_X44_swap.xml), 2000, 0'. MD5 check is identical!
23/03/2022 17:14:59.72 [Information] [Copy]	Action ignore: 'New:config.Copy(Config:\User\Common\ecatms_sys_X44_usr_config.xml), 2000, 0'. MD5 check is identical!
23/03/2022 17:14:59.73 [Information] [Copy]	Action ignore: 'New:config.Copy(Config:\User\Common\ecatms_sys_X48_config.xml), 2000, 0'. MD5 check is identical!
23/03/2022 17:14:59.74 [Warning] Ignore SafetyConfigParamAction: Copy "C:\KRC\ROBOTER\Config\User\Common\SCTLPARA.SAF". Param header and content check states identical data!
23/03/2022 17:14:59.74 [Information] SafetyParamInfoAction 'New:safety.Copy(Config:\User\Common\SCTLINFO.SAF), 2000, 0': Ignored since safety parameter file is ignored too.
23/03/2022 17:14:59.74 [Warning] Ignore SafetyConfigParamAction: Copy "C:\KRC\ROBOTER\Config\User\Common\SCTLPARA.SAF". Param header and content check states identical data!
23/03/2022 17:14:59.90 [Information] SafetyNetworkInstallAction 'New:safety.Copy(Config:\User\Common\SAFEDEV.SAF), 2000, 0': Checksum is identical.
23/03/2022 17:14:59.90 [Warning] Ignore SafetyNetworkInstallAction: Copy "C:\KRC\ROBOTER\Config\User\Common\SAFEDEV.SAF". Header and content check states identical data!
23/03/2022 17:14:59.91 [Information] [Copy]	Action ignore: 'New:config.Copy(Config:\User\Common\KrcIoSignals.xml), 2000, 0'. MD5 check is identical!
23/03/2022 17:14:59.91 [Information] [Copy]	Action ignore: 'New:config.Copy(Config:\User\Common\KRC_IO.xml), 2000, 0'. MD5 check is identical!
23/03/2022 17:14:59.92 [Warning] Ignore UserPdiInstallAction: Copy "C:\KRC\ROBOTER\Config\User\Common\USERPDI.SAF". Header and content check states identical data!
23/03/2022 17:14:59.92 [Information] [Copy]	Action ignore: 'New:config.Copy(Config:\User\Common\Mada\KRCAxes.xml), 2000, 0'. MD5 check is identical!
23/03/2022 17:14:59.92 [Information] [Copy]	Action ignore: 'New:config.Copy(Config:\User\Common\Motor\M_LGen2_KSPsr10_244V_SSRklein_V1.xml), 2000, 0'. MD5 check is identical!
23/03/2022 17:14:59.93 [Information] [Copy]	Action ignore: 'New:config.Copy(Config:\User\Common\Mada\NGAxis\A2.xml), 2000, 0'. MD5 check is identical!
23/03/2022 17:14:59.93 [Information] [Copy]	Action ignore: 'New:config.Copy(Config:\User\Common\Mada\NGAxis\CtrlA2AddFct.xml), 2000, 0'. MD5 check is identical!
23/03/2022 17:14:59.93 [Information] [Copy]	Action ignore: 'New:config.Copy(Config:\User\Common\Mada\NGAxis\CtrlA3AddFct.xml), 2000, 0'. MD5 check is identical!
23/03/2022 17:14:59.94 [Information] [Copy]	Action ignore: 'New:config.Copy(Config:\User\Common\Mada\NGAxis\CtrlA3.xml), 2000, 0'. MD5 check is identical!
23/03/2022 17:14:59.94 [Information] [Copy]	Action ignore: 'New:config.Copy(Config:\User\Common\ServoFile\S_LGen2_KSPsr10_244V_SSRklein_V1.xml), 2000, 0'. MD5 check is identical!
23/03/2022 17:14:59.94 [Information] [Copy]	Action ignore: 'New:config.Copy(Config:\User\Common\Mada\NGAxis\CtrlA1.xml), 2000, 0'. MD5 check is identical!
23/03/2022 17:14:59.94 [Information] [Copy]	Action ignore: 'New:config.Copy(Config:\User\Common\ServoFile\S_D0Gen2C_KSPsr12_244V_SSRklein_V1.xml), 2000, 0'. MD5 check is identical!
23/03/2022 17:14:59.95 [Information] [Copy]	Action ignore: 'New:config.Copy(Config:\User\Common\Motor\M_D0Gen2C_KSPsr12_244V_SSRklein_V1.xml), 2000, 0'. MD5 check is identical!
23/03/2022 17:14:59.95 [Information] [Copy]	Action ignore: 'New:config.Copy(Config:\User\Common\Mada\NGAxis\CtrlA2.xml), 2000, 0'. MD5 check is identical!
23/03/2022 17:14:59.96 [Information] [Copy]	Action ignore: 'New:config.Copy(Config:\User\Common\Mada\NGAxis\A1.xml), 2000, 0'. MD5 check is identical!
23/03/2022 17:14:59.96 [Information] [Copy]	Action ignore: 'New:config.Copy(Config:\User\Common\Mada\NGAxis\CtrlA1AddFct.xml), 2000, 0'. MD5 check is identical!
23/03/2022 17:14:59.97 [Information] KrcCopyAction 'New:mada.Copy(KRC:\R1\Mada\$robcor.dat), 4000, 0': Requests stopping the program.
23/03/2022 17:14:59.98 [Information] [Copy]	Action ignore: 'New:mada.Copy(KRC:\STEU\$config.dat), 4000, 0'. MD5 check is identical!
23/03/2022 17:14:59.98 [Information] [Copy]	Action ignore: 'New:mada.Copy(KRC:\STEU\Mada\$machine.dat), 4000, 0'. MD5 check is identical!
23/03/2022 17:14:59.99 [Information] KrcCopyAction 'New:mada.Copy(KRC:\R1\Mada\$machine.dat), 4000, 0': Requests stopping the program.
23/03/2022 17:14:59.99 [Information] KrcCopyAction 'New:mada.Copy(KRC:\Steu\Mada\$custom.dat), 4000, 0': Requests stopping the program.
23/03/2022 17:14:59.99 [Information] KrcCopyAction 'New:mada.Copy(KRC:\R1\System\$config.dat), 4000, 0': Requests stopping the program.
23/03/2022 17:15:00.00 [Information] KrcCopyAction 'New:mada.Copy(KRC:\Steu\Mada\$option.dat), 4000, 0': Requests stopping the program.
23/03/2022 17:15:00.00 [Information] KrcDeleteAction 'Current:krl.FileDelete(KRC:\R1\Program\tst.src), 5000, 0': Requests stopping the program.
23/03/2022 17:15:00.00 [Information] KrcDeleteAction 'Current:krl.FileDelete(KRC:\R1\Program\tst.dat), 5500, 0': Requests stopping the program.
23/03/2022 17:15:00.00 [Information] KrcCopyAction 'New:krl.COPY; /Sequence=6500(KRC:\R1\TP\Signals.dat), 6500, 0': Requests stopping the program.
23/03/2022 17:15:00.01 [Information] [Copy]	Action ignore: 'New:krl.Copy(KRC:\R1\TP\ArcTechBasic\ArcWeave.dat), 6500, 0'. MD5 check is identical!
23/03/2022 17:15:00.01 [Information] [Copy]	Action ignore: 'New:krl.Copy(KRC:\R1\TP\BrakeTest\BrakeTestStart.dat), 6500, 0'. MD5 check is identical!
23/03/2022 17:15:00.01 [Information] [Copy]	Action ignore: 'New:krl.Copy(KRC:\R1\TP\BrakeTest\BrakeTestSelfTest.dat), 6500, 0'. MD5 check is identical!
23/03/2022 17:15:00.02 [Information] [Copy]	Action ignore: 'New:krl.Copy(KRC:\R1\TP\ArcTechBasic\ArcAuxiliaryWork.dat), 6500, 0'. MD5 check is identical!
23/03/2022 17:15:00.02 [Information] KrcCopyAction 'New:krl.Copy(KRC:\R1\TP\ArcTechBasic\ArcErrorHandler.dat), 6500, 0': Requests stopping the program.
23/03/2022 17:15:00.03 [Information] [Copy]	Action ignore: 'New:krl.Copy(KRC:\R1\TP\ArcTechBasic\ArcAuxiliary.dat), 6500, 0'. MD5 check is identical!
23/03/2022 17:15:00.03 [Information] [Copy]	Action ignore: 'New:krl.Copy(KRC:\R1\System\masref_main.dat), 6500, 0'. MD5 check is identical!
23/03/2022 17:15:00.03 [Information] [Copy]	Action ignore: 'New:krl.Copy(KRC:\R1\TP\p00.dat), 6500, 0'. MD5 check is identical!
23/03/2022 17:15:00.04 [Information] [Copy]	Action ignore: 'New:krl.Copy(KRC:\R1\Program\tm_useraction.dat), 6500, 0'. MD5 check is identical!
23/03/2022 17:15:00.04 [Information] [Copy]	Action ignore: 'New:krl.Copy(KRC:\R1\System\MsgLib.dat), 6500, 0'. MD5 check is identical!
23/03/2022 17:15:00.05 [Information] KrcCopyAction 'New:krl.Copy(KRC:\R1\System\tm_bib.dat), 6500, 0': Requests stopping the program.
23/03/2022 17:15:00.05 [Information] [Copy]	Action ignore: 'New:krl.Copy(KRC:\R1\Program\masref_user.dat), 6500, 0'. MD5 check is identical!
23/03/2022 17:15:00.06 [Information] [Copy]	Action ignore: 'New:krl.Copy(KRC:\R1\TP\BrakeTest\BrakeTestReq.dat), 6500, 0'. MD5 check is identical!
23/03/2022 17:15:00.06 [Information] [Copy]	Action ignore: 'New:krl.Copy(KRC:\R1\TP\BrakeTest\BrakeTestBack.dat), 6500, 0'. MD5 check is identical!
23/03/2022 17:15:00.06 [Information] [Copy]	Action ignore: 'New:krl.Copy(KRC:\R1\TP\BrakeTest\BrakeTestPark.dat), 6500, 0'. MD5 check is identical!
23/03/2022 17:15:00.07 [Information] [Copy]	Action ignore: 'New:krl.Copy(KRC:\R1\TP\ArcTechBasic\ArcGeneral.dat), 6500, 0'. MD5 check is identical!
23/03/2022 17:15:00.07 [Information] [Copy]	Action ignore: 'New:krl.Copy(KRC:\R1\TP\ArcTechBasic\ArcOutputHelpRoutines.dat), 6500, 0'. MD5 check is identical!
23/03/2022 17:15:00.07 [Information] [Copy]	Action ignore: 'New:krl.Copy(KRC:\R1\TP\ArcTechBasic\ArcStateHandler.dat), 6500, 0'. MD5 check is identical!
23/03/2022 17:15:00.08 [Information] [Copy]	Action ignore: 'New:krl.Copy(KRC:\R1\TP\ArcTechBasic\ArcSense.dat), 6500, 0'. MD5 check is identical!
23/03/2022 17:15:00.08 [Information] [Copy]	Action ignore: 'New:krl.Copy(KRC:\R1\TP\ArcTechBasic\ArcOutputRoutines.dat), 6500, 0'. MD5 check is identical!
23/03/2022 17:15:00.09 [Information] [Copy]	Action ignore: 'New:krl.Copy(KRC:\R1\TP\ArcTechBasic\ToolCorrManual\TCM_ToolCorr.dat), 6500, 0'. MD5 check is identical!
23/03/2022 17:15:00.09 [Information] [Copy]	Action ignore: 'New:krl.Copy(KRC:\R1\TP\ArcTechBasic\ArcRoboTeamState.dat), 6500, 0'. MD5 check is identical!
23/03/2022 17:15:00.10 [Information] [Copy]	Action ignore: 'New:krl.Copy(KRC:\R1\TP\ArcTechBasic\ArcSplineWeave.dat), 6500, 0'. MD5 check is identical!
23/03/2022 17:15:00.10 [Information] [Copy]	Action ignore: 'New:krl.Copy(KRC:\R1\TP\ArcTechBasic\ArcMsgProxy.dat), 6500, 0'. MD5 check is identical!
23/03/2022 17:15:00.11 [Information] [Copy]	Action ignore: 'New:krl.Copy(KRC:\R1\TP\ArcTechBasic\ArcTechMonitoring\UserArcTechMonitoring.dat), 6500, 0'. MD5 check is identical!
23/03/2022 17:15:00.11 [Information] [Copy]	Action ignore: 'New:krl.Copy(KRC:\R1\TP\ArcTechBasic\ArcWeaveGeneral.dat), 6500, 0'. MD5 check is identical!
23/03/2022 17:15:00.11 [Information] [Copy]	Action ignore: 'New:krl.Copy(KRC:\R1\TP\ArcTechBasic\ArcInputRoutines.dat), 6500, 0'. MD5 check is identical!
23/03/2022 17:15:00.12 [Information] [Copy]	Action ignore: 'New:krl.Copy(KRC:\R1\TP\ArcTechBasic\StringLib.dat), 6500, 0'. MD5 check is identical!
23/03/2022 17:15:00.12 [Information] KrcCopyAction 'New:krl.Copy(KRC:\R1\TP\ArcTechBasic\ArcMain.dat), 6500, 0': Requests stopping the program.
23/03/2022 17:15:00.12 [Information] [Copy]	Action ignore: 'New:krl.Copy(KRC:\R1\TP\ArcTechBasic\ArcErrorHandlerFacade.src), 7000, 0'. MD5 check is identical!
23/03/2022 17:15:00.13 [Information] [Copy]	Action ignore: 'New:krl.Copy(KRC:\R1\TP\ArcTechBasic\ToolCorrManual\TCM_ToolCorr.src), 7000, 0'. MD5 check is identical!
23/03/2022 17:15:00.13 [Information] [Copy]	Action ignore: 'New:krl.Copy(KRC:\R1\System\ir_stopm.src), 7000, 0'. MD5 check is identical!
23/03/2022 17:15:00.14 [Information] [Copy]	Action ignore: 'New:krl.Copy(KRC:\R1\Program\tm_useraction.src), 7000, 0'. MD5 check is identical!
23/03/2022 17:15:00.14 [Information] [Copy]	Action ignore: 'New:krl.Copy(KRC:\R1\System\bas.src), 7000, 0'. MD5 check is identical!
23/03/2022 17:15:00.14 [Information] [Copy]	Action ignore: 'New:krl.Copy(KRC:\R1\TP\ArcTechBasic\StringLib.src), 7000, 0'. MD5 check is identical!
23/03/2022 17:15:00.15 [Information] [Copy]	Action ignore: 'New:krl.Copy(KRC:\R1\TP\ArcTechBasic\ArcWeave.src), 7000, 0'. MD5 check is identical!
23/03/2022 17:15:00.15 [Information] [Copy]	Action ignore: 'New:krl.Copy(KRC:\R1\TP\ArcTechBasic\ArcWeldingFacade.src), 7000, 0'. MD5 check is identical!
23/03/2022 17:15:00.16 [Information] [Copy]	Action ignore: 'New:krl.Copy(KRC:\R1\TP\ArcTechBasic\ArcWeaveGeneral.src), 7000, 0'. MD5 check is identical!
23/03/2022 17:15:00.16 [Information] [Copy]	Action ignore: 'New:krl.Copy(KRC:\R1\cell.src), 7000, 0'. MD5 check is identical!
23/03/2022 17:15:00.16 [Information] [Copy]	Action ignore: 'New:krl.Copy(KRC:\R1\TP\ArcTechBasic\ArcTechMonitoring\UserArcTechMonitoring.src), 7000, 0'. MD5 check is identical!
23/03/2022 17:15:00.17 [Information] [Copy]	Action ignore: 'New:krl.Copy(KRC:\R1\Program\masref_user.src), 7000, 0'. MD5 check is identical!
23/03/2022 17:15:00.17 [Information] [Copy]	Action ignore: 'New:krl.Copy(KRC:\R1\Mada\machine.upg), 7000, 0'. MD5 check is identical!
23/03/2022 17:15:00.18 [Information] [Copy]	Action ignore: 'New:krl.Copy(KRC:\R1\Mada\robcor.upg), 7000, 0'. MD5 check is identical!
23/03/2022 17:15:00.18 [Information] [Copy]	Action ignore: 'New:krl.Copy(KRC:\R1\TP\ArcTechBasic\ArcStateTool.src), 7000, 0'. MD5 check is identical!
23/03/2022 17:15:00.18 [Information] [Copy]	Action ignore: 'New:krl.Copy(KRC:\R1\TP\ArcTechBasic\ArcInputRoutines.src), 7000, 0'. MD5 check is identical!
23/03/2022 17:15:00.19 [Information] [Copy]	Action ignore: 'New:krl.Copy(KRC:\R1\TP\ArcTechBasic\ArcMain.src), 7000, 0'. MD5 check is identical!
23/03/2022 17:15:00.20 [Information] [Copy]	Action ignore: 'New:krl.Copy(KRC:\STEU\Mada\option.upg), 7000, 0'. MD5 check is identical!
23/03/2022 17:15:00.20 [Information] [Copy]	Action ignore: 'New:krl.Copy(KRC:\R1\TP\ArcTechBasic\ArcAuxiliary.src), 7000, 0'. MD5 check is identical!
23/03/2022 17:15:00.20 [Information] [Copy]	Action ignore: 'New:krl.Copy(KRC:\R1\TP\ArcTechBasic\ArcErrorHandler.src), 7000, 0'. MD5 check is identical!
23/03/2022 17:15:00.21 [Information] [Copy]	Action ignore: 'New:krl.Copy(KRC:\R1\TP\ArcTechBasic\ArcSense.src), 7000, 0'. MD5 check is identical!
23/03/2022 17:15:00.21 [Information] [Copy]	Action ignore: 'New:krl.Copy(KRC:\R1\TP\ArcTechBasic\ArcSplineWeave.src), 7000, 0'. MD5 check is identical!
23/03/2022 17:15:00.22 [Information] [Copy]	Action ignore: 'New:krl.Copy(KRC:\R1\TP\ArcTechBasic\ArcStateHandler.src), 7000, 0'. MD5 check is identical!
23/03/2022 17:15:00.22 [Information] [Copy]	Action ignore: 'New:krl.Copy(KRC:\R1\TP\ArcTechBasic\ArcMsgProxy.src), 7000, 0'. MD5 check is identical!
23/03/2022 17:15:00.23 [Information] [Copy]	Action ignore: 'New:krl.Copy(KRC:\R1\TP\ArcTechBasic\ArcOutputRoutines.src), 7000, 0'. MD5 check is identical!
23/03/2022 17:15:00.23 [Information] [Copy]	Action ignore: 'New:krl.Copy(KRC:\R1\TP\ArcTechBasic\ArcRoboTeamState.src), 7000, 0'. MD5 check is identical!
23/03/2022 17:15:00.23 [Information] [Copy]	Action ignore: 'New:krl.Copy(KRC:\R1\TP\p00.src), 7000, 0'. MD5 check is identical!
23/03/2022 17:15:00.24 [Information] [Copy]	Action ignore: 'New:krl.Copy(KRC:\R1\TP\BrakeTest\BrakeTestBack.src), 7000, 0'. MD5 check is identical!
23/03/2022 17:15:00.24 [Information] [Copy]	Action ignore: 'New:krl.Copy(KRC:\R1\System\masref_main.src), 7000, 0'. MD5 check is identical!
23/03/2022 17:15:00.25 [Information] [Copy]	Action ignore: 'New:krl.Copy(KRC:\R1\System\MsgLib.src), 7000, 0'. MD5 check is identical!
23/03/2022 17:15:00.25 [Information] [Copy]	Action ignore: 'New:krl.Copy(KRC:\R1\System\sps.sub), 7000, 0'. MD5 check is identical!
23/03/2022 17:15:00.26 [Information] [Copy]	Action ignore: 'New:krl.Copy(KRC:\R1\System\tm_bib.src), 7000, 0'. MD5 check is identical!
23/03/2022 17:15:00.26 [Information] [Copy]	Action ignore: 'New:krl.Copy(KRC:\STEU\Mada\machine.upg), 7000, 0'. MD5 check is identical!
23/03/2022 17:15:00.26 [Information] [Copy]	Action ignore: 'New:krl.Copy(KRC:\R1\TP\BrakeTest\BrakeTestStart.src), 7000, 0'. MD5 check is identical!
23/03/2022 17:15:00.27 [Information] [Copy]	Action ignore: 'New:krl.Copy(KRC:\STEU\Mada\custom.upg), 7000, 0'. MD5 check is identical!
23/03/2022 17:15:00.27 [Information] [Copy]	Action ignore: 'New:krl.Copy(KRC:\R1\TP\BrakeTest\BrakeTestPark.src), 7000, 0'. MD5 check is identical!
23/03/2022 17:15:00.28 [Information] [Copy]	Action ignore: 'New:krl.Copy(KRC:\R1\TP\BrakeTest\BrakeTestReq.src), 7000, 0'. MD5 check is identical!
23/03/2022 17:15:00.28 [Information] [Copy]	Action ignore: 'New:krl.Copy(KRC:\R1\TP\BrakeTest\BrakeTestSelfTest.src), 7000, 0'. MD5 check is identical!
23/03/2022 17:15:00.28 [Information] [Copy]	Action ignore: 'New:solution.Copy(C:\KRC\User\ProjectRoot\default (1)\default (1).wvs), 9000, 0'. Copy only once!
23/03/2022 17:15:00.29 [Information] °°° Begin adding global actions for project 'default (1) V1.0.0.0'!
23/03/2022 17:15:00.33 [Information] °°° Execute prepare actions for project 'default (1) V1.0.0.0'!
23/03/2022 17:15:04.39 [Information] Successful execute PrepareAction 'Global.UserPermission(), 1000, 0'.
23/03/2022 17:15:04.53 [Information] Execute Global.StopProgram(), 2000, 0. Krc not in Automatic!
23/03/2022 17:15:04.53 [Information] Successful execute PrepareAction 'Global.StopProgram(), 2000, 0'.
23/03/2022 17:15:04.61 [Information] *** End Prepare 'default (1) V1.0.0.0'!
23/03/2022 17:15:04.94 [Information] Committed: Prepared.
23/03/2022 17:15:05.01 [Information] *** Start installation of "default (1) V1.0.0.0".
23/03/2022 17:15:05.01 [Information] Reset current project!
23/03/2022 17:15:05.40 [Information] Successful execute Install Action 'Global.PrepareReconfiguration(), 0, 0'.
23/03/2022 17:15:05.40 [Information] Install Action 'Global.PrepareReconfiguration(), 0, 0' is installed with its 0 children.
23/03/2022 17:15:05.41 [Information] Successful execute Install Action 'Current:file.FileDelete(C:\KRC\User\KLMDigitalIO.WriteProtectedOutputs.cfg), 1500, 0'.
23/03/2022 17:15:05.41 [Information] Install Action 'Current:file.FileDelete(C:\KRC\User\KLMDigitalIO.WriteProtectedOutputs.cfg), 1500, 0' is installed with its 0 children.
23/03/2022 17:15:05.43 [Information] Successful execute Install Action 'New:file.Copy(C:\KRC\User\SchedulerAction.BackupAction.config), 1500, 0'.
23/03/2022 17:15:05.43 [Information] Install Action 'New:file.Copy(C:\KRC\User\SchedulerAction.BackupAction.config), 1500, 0' is installed with its 0 children.
23/03/2022 17:15:05.43 [Information] Successful execute Install Action 'Current:file.FileDelete(C:\KRC\User\BackupManager.User.config), 1500, 0'.
23/03/2022 17:15:05.43 [Information] Install Action 'Current:file.FileDelete(C:\KRC\User\BackupManager.User.config), 1500, 0' is installed with its 0 children.
23/03/2022 17:15:05.46 [Information] Successful execute Install Action 'New:config.Copy(Config:\User\Common\PersistPC\KrcRrtLog.xml), 2000, 0'.
23/03/2022 17:15:05.46 [Information] Install Action 'New:config.Copy(Config:\User\Common\PersistPC\KrcRrtLog.xml), 2000, 0' is installed with its 0 children.
23/03/2022 17:15:05.61 [Information] Successful execute Install Action 'New:config.Copy(Config:\User\KrlModSize.bin), 2000, 0'.
23/03/2022 17:15:05.64 [Information] Install Action 'New:config.Copy(Config:\User\KrlModSize.bin), 2000, 0' is installed with its 0 children.
23/03/2022 17:15:05.77 [Information] Successful execute Install Action 'New:mada.Copy(KRC:\Steu\Mada\$custom.dat), 4000, 0'.
23/03/2022 17:15:05.77 [Information] Install Action 'New:mada.Copy(KRC:\Steu\Mada\$custom.dat), 4000, 0' is installed with its 0 children.
23/03/2022 17:15:05.85 [Information] Successful execute Install Action 'New:mada.Copy(KRC:\R1\System\$config.dat), 4000, 0'.
23/03/2022 17:15:05.86 [Information] Install Action 'New:mada.Copy(KRC:\R1\System\$config.dat), 4000, 0' is installed with its 0 children.
23/03/2022 17:15:05.94 [Information] Successful execute Install Action 'New:mada.Copy(KRC:\Steu\Mada\$option.dat), 4000, 0'.
23/03/2022 17:15:05.94 [Information] Install Action 'New:mada.Copy(KRC:\Steu\Mada\$option.dat), 4000, 0' is installed with its 0 children.
23/03/2022 17:15:06.13 [Information] Successful execute Install Action 'New:mada.Copy(KRC:\R1\Mada\$robcor.dat), 4000, 0'.
23/03/2022 17:15:06.13 [Information] Install Action 'New:mada.Copy(KRC:\R1\Mada\$robcor.dat), 4000, 0' is installed with its 0 children.
23/03/2022 17:15:06.22 [Information] Successful execute Install Action 'New:mada.Copy(KRC:\R1\Mada\$machine.dat), 4000, 0'.
23/03/2022 17:15:06.23 [Information] Install Action 'New:mada.Copy(KRC:\R1\Mada\$machine.dat), 4000, 0' is installed with its 0 children.
23/03/2022 17:15:06.25 [Information] Successful execute Install Action 'Current:krl.FileDelete(KRC:\R1\Program\tst.src), 5000, 0'.
23/03/2022 17:15:06.25 [Information] Install Action 'Current:krl.FileDelete(KRC:\R1\Program\tst.src), 5000, 0' is installed with its 0 children.
23/03/2022 17:15:06.28 [Information] Successful execute Install Action 'Current:krl.FileDelete(KRC:\R1\Program\tst.dat), 5500, 0'.
23/03/2022 17:15:06.28 [Information] Install Action 'Current:krl.FileDelete(KRC:\R1\Program\tst.dat), 5500, 0' is installed with its 0 children.
23/03/2022 17:15:06.34 [Information] Successful execute Install Action 'New:krl.Copy(KRC:\R1\TP\ArcTechBasic\ArcMain.dat), 6500, 0'.
23/03/2022 17:15:06.34 [Information] Install Action 'New:krl.Copy(KRC:\R1\TP\ArcTechBasic\ArcMain.dat), 6500, 0' is installed with its 0 children.
23/03/2022 17:15:06.37 [Information] Successful execute Install Action 'New:krl.COPY; /Sequence=6500(KRC:\R1\TP\Signals.dat), 6500, 0'.
23/03/2022 17:15:06.37 [Information] Install Action 'New:krl.COPY; /Sequence=6500(KRC:\R1\TP\Signals.dat), 6500, 0' is installed with its 0 children.
23/03/2022 17:15:06.44 [Information] Successful execute Install Action 'New:krl.Copy(KRC:\R1\TP\ArcTechBasic\ArcErrorHandler.dat), 6500, 0'.
23/03/2022 17:15:06.44 [Information] Install Action 'New:krl.Copy(KRC:\R1\TP\ArcTechBasic\ArcErrorHandler.dat), 6500, 0' is installed with its 0 children.
23/03/2022 17:15:06.52 [Information] Successful execute Install Action 'New:krl.Copy(KRC:\R1\System\tm_bib.dat), 6500, 0'.
23/03/2022 17:15:06.52 [Information] Install Action 'New:krl.Copy(KRC:\R1\System\tm_bib.dat), 6500, 0' is installed with its 0 children.
23/03/2022 17:15:06.61 [Information] *** Installation of "default (1) V1.0.0.0" successful!
23/03/2022 17:15:06.85 [Information] Set current project: default (1) V1.0.0.0
23/03/2022 17:15:06.89 [Information] *** End installation of "default (1) V1.0.0.0".
23/03/2022 17:15:06.91 [Information] Committed: Installed.
23/03/2022 17:15:07.01 [Information] Successfully execute post action 'Global.AnalyseAll(), 1000, 0'.
23/03/2022 17:15:07.02 [Information] Successfully execute post action 'Global.Reconfiguration(), 99900, 0'.
23/03/2022 17:15:07.02 [Information] *** Post processing successful.
23/03/2022 17:15:08.32 [Information] Committed: Completed.
23/03/2022 17:15:08.35 [Information] #----------------o0o---------------#
