24/03/2022 16:22:38.11 [Information] -------------------------------
24/03/2022 16:22:38.12 [Information] *** Begin Prepare ''!
24/03/2022 16:22:38.12 [Information] *** Begin prepare project 'default (1) V1.0.0.0'!
24/03/2022 16:22:46.00 [Information] *** Start preparation of 'default (1)' path 'C:\KRC\User\ProjectRoot\default (1)\default (1).wvs'
24/03/2022 16:22:50.51 [Information] Prepare Installation of project "default (1) V1.0.0.0".
24/03/2022 16:22:50.62 [Information] Current project was "427630_br V1.3.0".
24/03/2022 16:22:51.90 [Information] °°° Begin adding actions for project 'default (1) V1.0.0.0'!
24/03/2022 16:22:52.17 [Warning] Element Type changed for {ExternalFileManifest Safety:Copy(Config:\User\Common\SCTLCRC.XML) - Automatic} -> config
24/03/2022 16:22:52.22 [Warning] Element Type changed for {ExternalFileManifest Safety:Copy(Config:\User\Common\MotionDrivers\motiondrv.ini) - Automatic, SavedExternal} -> config
24/03/2022 16:22:52.22 [Warning] Element Type changed for {ExternalFileManifest File:Copy(KRC:\R1\Mada\machine.upg) - SavedExternal} -> krl
24/03/2022 16:22:52.22 [Warning] Element Type changed for {ExternalFileManifest File:Copy(KRC:\R1\Mada\robcor.upg) - SavedExternal} -> krl
24/03/2022 16:22:52.22 [Warning] Element Type changed for {ExternalFileManifest File:Copy(KRC:\STEU\Mada\custom.upg) - SavedExternal} -> krl
24/03/2022 16:22:52.22 [Warning] Element Type changed for {ExternalFileManifest File:Copy(KRC:\STEU\Mada\machine.upg) - SavedExternal} -> krl
24/03/2022 16:22:52.22 [Warning] Element Type changed for {ExternalFileManifest File:Copy(KRC:\STEU\Mada\option.upg) - SavedExternal} -> krl
24/03/2022 16:22:52.22 [Warning] Element Type changed for {ExternalFileManifest Config:Copy(Config:\User\Common\SafetyConfigData.xml) - SavedExternal} -> safety
24/03/2022 16:22:52.22 [Warning] Element Type changed for {ExternalFileManifest Config:Copy(Config:\User\Common\SCtlPara.sg) - SavedExternal} -> safety
24/03/2022 16:22:52.23 [Information] SafetyHandler ignores element: '{ExternalFileManifest safety:Copy(Config:\User\Common\SafetyConfigData.xml) - SavedExternal}'
24/03/2022 16:22:52.23 [Information] SafetyHandler ignores element: '{ExternalFileManifest safety:Copy(Config:\User\Common\SCtlPara.sg) - SavedExternal}'
24/03/2022 16:22:52.23 [Information] SafetyHandler ignores element: '{ExternalFileManifest safety:Copy(Config:\User\Common\HNFINFO.SAF) - SavedExternal}'
24/03/2022 16:22:52.86 [Information] ° Reboot requested before activation = False
24/03/2022 16:22:52.86 [Information] °°° Begin initialize actions for project 'default (1) V1.0.0.0'!
24/03/2022 16:22:52.88 [Information] [Copy]	Action ignore: 'New:file.Copy(C:\KRC\User\SchedulerAction.BackupAction.config), 1500, 0'. MD5 check is identical!
24/03/2022 16:22:52.90 [Information] [Copy]	Action ignore: 'New:file.Copy(C:\KRC\User\Settings.xml), 1500, 0'. MD5 check is identical!
24/03/2022 16:22:52.90 [Information] [Copy]	Action ignore: 'New:file.Copy(C:\KRC\User\SmartHMI.User.config), 1500, 0'. MD5 check is identical!
24/03/2022 16:22:52.91 [Information] [Copy]	Action ignore: 'New:file.Copy(C:\KRC\User\ProjectExternalFileList.xml), 1500, 0'. MD5 check is identical!
24/03/2022 16:22:52.91 [Information] [Copy]	Action ignore: 'New:file.Copy(C:\KRC\User\KukaPMService.User.config), 1500, 0'. MD5 check is identical!
24/03/2022 16:22:52.91 [Information] [Copy]	Action ignore: 'New:file.Copy(C:\KRC\User\MaintenanceHandBook.User.config), 1500, 0'. MD5 check is identical!
24/03/2022 16:22:52.92 [Information] [Copy]	Action ignore: 'New:file.Copy(C:\KRC\User\PMService.user.config), 1500, 0'. MD5 check is identical!
24/03/2022 16:22:52.92 [Information] [Copy]	Action ignore: 'New:file.Copy(C:\KRC\User\AdvMonitoring\AdvMonitoringConfig.xml), 1500, 0'. MD5 check is identical!
24/03/2022 16:22:52.92 [Information] [Copy]	Action ignore: 'New:file.Copy(C:\KRC\User\Data\UserAdvMonitoring.kxr), 1500, 0'. MD5 check is identical!
24/03/2022 16:22:52.93 [Information] [Copy]	Action ignore: 'New:file.Copy(C:\KRC\User\BackupManager.User.config), 1500, 0'. MD5 check is identical!
24/03/2022 16:22:52.93 [Information] [Copy]	Action ignore: 'New:file.Copy(C:\KRC\User\InstallTech.cfg), 1500, 0'. MD5 check is identical!
24/03/2022 16:22:52.94 [Information] [Copy]	Action ignore: 'New:file.Copy(C:\KRC\User\Cross3.User.config), 1500, 0'. MD5 check is identical!
24/03/2022 16:22:52.94 [Information] [Copy]	Action ignore: 'New:file.Copy(C:\KRC\User\WorkVisualServiceHost.User.config), 1500, 0'. MD5 check is identical!
24/03/2022 16:22:52.94 [Information] [Copy]	Action ignore: 'New:file.Copy(C:\KRC\User\SetupWizardStates.xml), 1500, 0'. MD5 check is identical!
24/03/2022 16:22:52.95 [Information] [Copy]	Action ignore: 'New:file.Copy(C:\KRC\User\WaitForUserList.xml), 1500, 0'. MD5 check is identical!
24/03/2022 16:22:52.95 [Information] [Copy]	Action ignore: 'New:file.Copy(C:\KRC\User\InitialProjectSetup.User.config), 1500, 0'. MD5 check is identical!
24/03/2022 16:22:52.96 [Information] [Copy]	Action ignore: 'New:file.Copy(C:\KRC\User\ConfigMon.ini), 1500, 0'. MD5 check is identical!
24/03/2022 16:22:52.96 [Information] [Copy]	Action Requests reconfiguration: 'New:config.Copy(Config:\User\Common\Supply\KPP_400V_10.xml), 2000, 0'.
24/03/2022 16:22:52.97 [Information] [Copy]	Action Requests reconfiguration: 'New:config.Copy(Config:\User\Common\Mada\NextGenDriveTech.xml), 2000, 0'.
24/03/2022 16:22:52.97 [Information] [Copy]	Action Requests reconfiguration: 'New:config.Copy(Config:\User\Common\Servofile\S_KPP_400V_10.xml), 2000, 0'.
24/03/2022 16:22:52.97 [Information] [Copy]	Action ignore: 'New:config.Copy(Config:\User\Common\Mada\MotionDrivers\mdrBrakeTest.ini), 2000, 0'. MD5 check is identical!
24/03/2022 16:22:52.98 [Information] [Copy]	Action Requests reconfiguration: 'New:config.Copy(Config:\User\Common\Supply\KPP_sr400-244V_15.xml), 2000, 0'.
24/03/2022 16:22:52.98 [Information] [Copy]	Action Requests reconfiguration: 'New:config.Copy(Config:\User\Common\Mada\EAWaggonDriverConfig.xml), 2000, 0'.
24/03/2022 16:22:52.99 [Information] [Copy]	Action ignore: 'New:config.Copy(Config:\User\Common\Mada\LDP.xml), 2000, 0'. MD5 check is identical!
24/03/2022 16:22:52.99 [Information] [Copy]	Action Requests reconfiguration: 'New:config.Copy(Config:\User\Common\CabCtrl.xml), 2000, 0'.
24/03/2022 16:22:53.00 [Information] [Copy]	Action Requests reconfiguration: 'New:config.Copy(Config:\User\Common\Mada\CFCore.xml), 2000, 0'.
24/03/2022 16:22:53.00 [Information] [Copy]	Action Requests reconfiguration: 'New:config.Copy(Config:\User\Common\Mada\MMAxisAdapter.xml), 2000, 0'.
24/03/2022 16:22:53.00 [Information] [Copy]	Action Requests reconfiguration: 'New:config.Copy(Config:\User\Cabinet\NGSharedO.xml), 2000, 0'.
24/03/2022 16:22:53.01 [Information] [Copy]	Action Requests reconfiguration: 'New:config.Copy(Config:\User\Common\Mada\CFCoreWaggonDriverConfig.xml), 2000, 0'.
24/03/2022 16:22:53.01 [Information] [Copy]	Action ignore: 'New:config.Copy(Config:\User\Common\Mada\MotionDrivers\MdlCtlDataDrv.ini), 2000, 0'. MD5 check is identical!
24/03/2022 16:22:53.01 [Information] [copy]	Action ignore: 'New:config.copy(Config:\User\Common\Modules_TimeSync.xml), 2000, 0'. MD5 check is identical!
24/03/2022 16:22:53.02 [Information] [copy]	Action ignore: 'New:config.copy(Config:\User\Common\SysBusDriver.xml), 2000, 0'. MD5 check is identical!
24/03/2022 16:22:53.03 [Information] [copy]	Action ignore: 'New:config.copy(Config:\User\Common\Modules_SysBusDriver.xml), 2000, 0'. MD5 check is identical!
24/03/2022 16:22:53.03 [Information] [Copy]	Action ignore: 'New:config.Copy(Config:\User\Common\SCTLCRC.XML), 2000, 0'. MD5 check is identical!
24/03/2022 16:22:53.03 [Information] [copy]	Action ignore: 'New:config.copy(Config:\User\Common\TimeSyncBase.xml), 2000, 0'. MD5 check is identical!
24/03/2022 16:22:53.03 [Information] [copy]	Action ignore: 'New:config.copy(Config:\User\Common\TimeSync.xml), 2000, 0'. MD5 check is identical!
24/03/2022 16:22:53.06 [Information] [Copy]	Action ignore: 'New:config.Copy(Config:\User\Common\Mada\CtrlGainTab.bin), 2000, 0'. MD5 check is identical!
24/03/2022 16:22:53.07 [Information] [Copy]	Action ignore: 'New:config.Copy(Config:\User\Common\MotionDrivers\motiondrv.ini), 2000, 0'. MD5 check is identical!
24/03/2022 16:22:53.07 [Information] [Copy]	Action ignore: 'New:config.Copy(Config:\User\Common\Mada\MotionDrivers\motiondrv.ini), 2000, 0'. MD5 check is identical!
24/03/2022 16:22:53.07 [Information] [copy]	Action Requests reconfiguration: 'New:config.copy(Config:\User\Common\KNet.xml), 2000, 0'.
24/03/2022 16:22:53.08 [Information] [copy]	Action ignore: 'New:config.copy(Config:\User\Common\connectionchain.xml), 2000, 0'. MD5 check is identical!
24/03/2022 16:22:53.09 [Information] [Copy]	Action Requests reconfiguration: 'New:config.Copy(Config:\User\Common\PersistPC\NGDecouple.xml), 2000, 0'.
24/03/2022 16:22:53.09 [Information] [Copy]	Action Requests reconfiguration: 'New:config.Copy(Config:\User\Common\Mada\NGAxis\CtrlA5AddFct.xml), 2000, 0'.
24/03/2022 16:22:53.09 [Information] [Copy]	Action Requests reconfiguration: 'New:config.Copy(Config:\User\Common\Mada\NGAxis\CtrlA5.xml), 2000, 0'.
24/03/2022 16:22:53.10 [Information] [Copy]	Action Requests reconfiguration: 'New:config.Copy(Config:\User\Common\Mada\NGAxis\A4.xml), 2000, 0'.
24/03/2022 16:22:53.10 [Information] [Copy]	Action Requests reconfiguration: 'New:config.Copy(Config:\User\Common\Mada\NGAxis\CtrlA6AddFct.xml), 2000, 0'.
24/03/2022 16:22:53.11 [Information] [Copy]	Action Requests reconfiguration: 'New:config.Copy(Config:\User\Common\Mada\NGAxis\CtrlA6.xml), 2000, 0'.
24/03/2022 16:22:53.11 [Information] [Copy]	Action Requests reconfiguration: 'New:config.Copy(Config:\User\Common\Mada\NGAxis\A5.xml), 2000, 0'.
24/03/2022 16:22:53.11 [Information] [Copy]	Action ignore: 'New:config.Copy(Config:\User\Common\Motor\M_SSR5-AKM22-11_KSPsr5_244V_V1.xml), 2000, 0'. MD5 check is identical!
24/03/2022 16:22:53.12 [Information] [Copy]	Action Requests reconfiguration: 'New:config.Copy(Config:\User\Common\Mada\NGAxis\A3.xml), 2000, 0'.
24/03/2022 16:22:53.12 [Information] [Copy]	Action Requests reconfiguration: 'New:config.Copy(Config:\User\Common\Mada\NGAxis\CtrlA3AddFct.xml), 2000, 0'.
24/03/2022 16:22:53.12 [Information] [Copy]	Action Requests reconfiguration: 'New:config.Copy(Config:\User\Common\Mada\NGAxis\CtrlA4AddFct.xml), 2000, 0'.
24/03/2022 16:22:53.13 [Information] [Copy]	Action Requests reconfiguration: 'New:config.Copy(Config:\User\Common\Mada\NGAxis\CtrlA4.xml), 2000, 0'.
24/03/2022 16:22:53.13 [Information] [Copy]	Action ignore: 'New:config.Copy(Config:\User\Common\ServoFile\S_SSR5-AKM22-11_KSPsr5_244V_V1.xml), 2000, 0'. MD5 check is identical!
24/03/2022 16:22:53.13 [Information] [Copy]	Action Requests reconfiguration: 'New:config.Copy(Config:\User\Common\Mada\NGAxis\A6.xml), 2000, 0'.
24/03/2022 16:22:53.14 [Information] [Copy]	Action Requests reconfiguration: 'New:config.Copy(Config:\User\Common\Mada\NGAxis\CtrlE3.xml), 2000, 0'.
24/03/2022 16:22:53.14 [Information] [Copy]	Action Requests reconfiguration: 'New:config.Copy(Config:\User\Common\Mada\NGAxis\E2.xml), 2000, 0'.
24/03/2022 16:22:53.15 [Information] [Copy]	Action Requests reconfiguration: 'New:config.Copy(Config:\User\Common\Mada\NGAxis\CtrlE2AddFct.xml), 2000, 0'.
24/03/2022 16:22:53.15 [Information] [Copy]	Action Requests reconfiguration: 'New:config.Copy(Config:\User\Common\Servofile\S_KPP_sr400-244V_15.xml), 2000, 0'.
24/03/2022 16:22:53.15 [Information] [Copy]	Action Requests reconfiguration: 'New:config.Copy(Config:\User\Common\Mada\NGAxis\E3.xml), 2000, 0'.
24/03/2022 16:22:53.16 [Information] [Copy]	Action Requests reconfiguration: 'New:config.Copy(Config:\User\Common\Mada\NGAxis\CtrlE3AddFct.xml), 2000, 0'.
24/03/2022 16:22:53.16 [Information] [Copy]	Action Requests reconfiguration: 'New:config.Copy(Config:\User\Common\Mada\NGAxis\CtrlE1.xml), 2000, 0'.
24/03/2022 16:22:53.16 [Information] [Copy]	Action ignore: 'New:config.Copy(Config:\User\Common\ServoFile\S_G1_KSP40_400V_V1.xml), 2000, 0'. MD5 check is identical!
24/03/2022 16:22:53.17 [Information] [Copy]	Action ignore: 'New:config.Copy(Config:\User\Common\Motor\M_G1_KSP40_400V_V1.xml), 2000, 0'. MD5 check is identical!
24/03/2022 16:22:53.17 [Information] [Copy]	Action Requests reconfiguration: 'New:config.Copy(Config:\User\Common\Mada\NGAxis\CtrlE2.xml), 2000, 0'.
24/03/2022 16:22:53.17 [Information] [Copy]	Action Requests reconfiguration: 'New:config.Copy(Config:\User\Common\Mada\NGAxis\E1.xml), 2000, 0'.
24/03/2022 16:22:53.28 [Information] [Copy]	Action Requests reconfiguration: 'New:config.Copy(Config:\User\Common\Mada\NGAxis\CtrlE1AddFct.xml), 2000, 0'.
24/03/2022 16:22:53.38 [Information] [Copy]	Action ignore: 'New:config.Copy(Config:\User\Common\AsyncDataToKrl.xml), 2000, 0'. MD5 check is identical!
24/03/2022 16:22:53.38 [Information] [Copy]	Action ignore: 'New:config.Copy(Config:\User\Common\MotionDrivers\mdrConveyor.ini), 2000, 0'. MD5 check is identical!
24/03/2022 16:22:53.39 [Information] [Copy]	Action ignore: 'New:config.Copy(Config:\User\Common\MotionDrivers\mdrBrakeTest.ini), 2000, 0'. MD5 check is identical!
24/03/2022 16:22:53.39 [Information] [Copy]	Action ignore: 'New:config.Copy(Config:\User\Common\MotionDrivers\loadDataDevice.ini), 2000, 0'. MD5 check is identical!
24/03/2022 16:22:53.40 [Information] [Copy]	Action ignore: 'New:config.Copy(Config:\User\Common\MotionDrivers\mdrSignalMonitor.ini), 2000, 0'. MD5 check is identical!
24/03/2022 16:22:53.40 [Information] [Copy]	Action ignore: 'New:config.Copy(Config:\User\Common\MotionDrivers\mdrJointOffset.ini), 2000, 0'. MD5 check is identical!
24/03/2022 16:22:53.40 [Information] [Copy]	Action ignore: 'New:config.Copy(Config:\User\Common\MotionDrivers\mdrEmily.ini), 2000, 0'. MD5 check is identical!
24/03/2022 16:22:53.41 [Information] [Copy]	Action ignore: 'New:config.Copy(Config:\User\Common\Mada\SimuAxis\A3.xml), 2000, 0'. MD5 check is identical!
24/03/2022 16:22:53.41 [Information] [Copy]	Action ignore: 'New:config.Copy(Config:\User\Common\Mada\SimuAxis\A2.xml), 2000, 0'. MD5 check is identical!
24/03/2022 16:22:53.41 [Information] [Copy]	Action ignore: 'New:config.Copy(Config:\User\Common\Mada\SimuAxis\A1.xml), 2000, 0'. MD5 check is identical!
24/03/2022 16:22:53.52 [Information] [Copy]	Action ignore: 'New:config.Copy(Config:\User\Common\Mada\SimuAxis\A6.xml), 2000, 0'. MD5 check is identical!
24/03/2022 16:22:53.63 [Information] [Copy]	Action ignore: 'New:config.Copy(Config:\User\Common\Mada\SimuAxis\A5.xml), 2000, 0'. MD5 check is identical!
24/03/2022 16:22:53.63 [Information] [Copy]	Action ignore: 'New:config.Copy(Config:\User\Common\Mada\SimuAxis\A4.xml), 2000, 0'. MD5 check is identical!
24/03/2022 16:22:53.64 [Information] [Copy]	Action ignore: 'New:config.Copy(Config:\User\Common\MotionDrivers\mdrStandStill.ini), 2000, 0'. MD5 check is identical!
24/03/2022 16:22:53.64 [Information] [Copy]	Action ignore: 'New:config.Copy(Config:\User\Common\PNIOIM4Data.dat), 2000, 0'. MD5 check is identical!
24/03/2022 16:22:53.64 [Information] [Copy]	Action Requests reconfiguration: 'New:config.Copy(Config:\User\KrlModSize.bin), 2000, 0'.
24/03/2022 16:22:53.65 [Information] [Copy]	Action ignore: 'New:config.Copy(Config:\User\Office\PersistRDC\Readme.txt), 2000, 0'. MD5 check is identical!
24/03/2022 16:22:53.65 [Information] [FileDelete]	Action Requests reconfiguration: 'Current:config.FileDelete(Config:\User\Common\Modules_ARCLINKXT.xml), 2000, 0'.
24/03/2022 16:22:53.65 [Information] [Copy]	Action ignore: 'New:config.Copy(Config:\User\Common\Logging_ArcLink.xml), 2000, 0'. MD5 check is identical!
24/03/2022 16:22:53.65 [Information] [Copy]	Action ignore: 'New:config.Copy(Config:\User\Common\PersistPC\KrcRrtLog.xml), 2000, 0'. MD5 check is identical!
24/03/2022 16:22:53.66 [Information] [Copy]	Action ignore: 'New:config.Copy(Config:\User\Common\PersistPC\SimuMastering.xml), 2000, 0'. MD5 check is identical!
24/03/2022 16:22:53.66 [Information] [Copy]	Action ignore: 'New:config.Copy(Config:\User\Common\PersistPC\EncoderMastering.xml), 2000, 0'. MD5 check is identical!
24/03/2022 16:22:53.77 [Information] [Copy]	Action ignore: 'New:config.Copy(Config:\User\Common\MotionDrivers\mdrVwAscii.ini), 2000, 0'. MD5 check is identical!
24/03/2022 16:22:53.88 [Information] [Copy]	Action ignore: 'New:config.Copy(Config:\User\Office\PersistPDS\Readme.txt), 2000, 0'. MD5 check is identical!
24/03/2022 16:22:53.88 [Information] [Copy]	Action ignore: 'New:config.Copy(Config:\User\Office\PersistCIB\Readme.txt), 2000, 0'. MD5 check is identical!
24/03/2022 16:22:53.88 [Information] [Copy]	Action ignore: 'New:config.Copy(Config:\User\Common\VxWin\knet.config), 2000, 0'. MD5 check is identical!
24/03/2022 16:22:53.89 [Information] [Copy]	Action ignore: 'New:config.Copy(Config:\User\Common\KrcDryRun.xml), 2000, 0'. MD5 check is identical!
24/03/2022 16:22:53.89 [Information] [Copy]	Action ignore: 'New:config.Copy(Config:\User\Common\KrcConfig.xml), 2000, 0'. MD5 check is identical!
24/03/2022 16:22:53.89 [Information] [Copy]	Action ignore: 'New:config.Copy(Config:\User\Common\KONIConfig.xml), 2000, 0'. MD5 check is identical!
24/03/2022 16:22:53.89 [Information] [Copy]	Action ignore: 'New:config.Copy(Config:\User\Common\Logging_RoboTeam.xml), 2000, 0'. MD5 check is identical!
24/03/2022 16:22:53.90 [Information] [Copy]	Action ignore: 'New:config.Copy(Config:\User\Common\Logging_BrakeTest.xml), 2000, 0'. MD5 check is identical!
24/03/2022 16:22:53.90 [Information] [Copy]	Action ignore: 'New:config.Copy(Config:\User\Common\KrcExtConfMsg.xml), 2000, 0'. MD5 check is identical!
24/03/2022 16:22:53.90 [Information] [Copy]	Action ignore: 'New:config.Copy(Config:\User\Common\ecat_PBM_Gateway.xml), 2000, 0'. MD5 check is identical!
24/03/2022 16:22:54.02 [Information] [Copy]	Action ignore: 'New:config.Copy(Config:\User\Common\ecat_DNM_Gateway.xml), 2000, 0'. MD5 check is identical!
24/03/2022 16:22:54.12 [Information] [Copy]	Action ignore: 'New:config.Copy(Config:\User\Common\DevIODriver.xml), 2000, 0'. MD5 check is identical!
24/03/2022 16:22:54.13 [Information] [Copy]	Action ignore: 'New:config.Copy(Config:\User\Common\KLIConfig.xml), 2000, 0'. MD5 check is identical!
24/03/2022 16:22:54.13 [Information] [Copy]	Action ignore: 'New:config.Copy(Config:\User\Common\FpExceptions.xml), 2000, 0'. MD5 check is identical!
24/03/2022 16:22:54.13 [Information] [Copy]	Action ignore: 'New:config.Copy(Config:\User\Common\ECAT_SYS_X44.xml), 2000, 0'. MD5 check is identical!
24/03/2022 16:22:54.14 [Information] [Copy]	Action ignore: 'New:config.Copy(Config:\User\Common\Logging_SpotControl.xml), 2000, 0'. MD5 check is identical!
24/03/2022 16:22:54.14 [Information] [Copy]	Action ignore: 'New:config.Copy(Config:\User\Common\ProConOS_PDD.xml), 2000, 0'. MD5 check is identical!
24/03/2022 16:22:54.14 [Information] [Copy]	Action ignore: 'New:config.Copy(Config:\User\Common\ProConOS_IO.xml), 2000, 0'. MD5 check is identical!
24/03/2022 16:22:54.15 [Information] [Copy]	Action ignore: 'New:config.Copy(Config:\User\Common\ProConOS.xml), 2000, 0'. MD5 check is identical!
24/03/2022 16:22:54.15 [Information] [Copy]	Action ignore: 'New:config.Copy(Config:\User\Common\Mada\SimuAxesKrc.xml), 2000, 0'. MD5 check is identical!
24/03/2022 16:22:54.15 [Information] [Copy]	Action ignore: 'New:config.Copy(Config:\User\Common\Mada\SimuAxes.xml), 2000, 0'. MD5 check is identical!
24/03/2022 16:22:54.16 [Information] [Copy]	Action ignore: 'New:config.Copy(Config:\User\Common\Mada\Properties.xml), 2000, 0'. MD5 check is identical!
24/03/2022 16:22:54.37 [Information] [Copy]	Action ignore: 'New:config.Copy(Config:\User\Common\Modules_DevIO.xml), 2000, 0'. MD5 check is identical!
24/03/2022 16:22:54.37 [Information] [Copy]	Action ignore: 'New:config.Copy(Config:\User\Common\Logging_VwAscii.xml), 2000, 0'. MD5 check is identical!
24/03/2022 16:22:54.37 [Information] [Copy]	Action ignore: 'New:config.Copy(Config:\User\Common\Logging_System.xml), 2000, 0'. MD5 check is identical!
24/03/2022 16:22:54.38 [Information] [Copy]	Action ignore: 'New:config.Copy(Config:\User\Common\NGMada.xml), 2000, 0'. MD5 check is identical!
24/03/2022 16:22:54.38 [Information] [Copy]	Action ignore: 'New:config.Copy(Config:\User\Common\Modules_VRC.xml), 2000, 0'. MD5 check is identical!
24/03/2022 16:22:54.38 [Information] [Copy]	Action ignore: 'New:config.Copy(Config:\User\Common\Modules_ProConOS.xml), 2000, 0'. MD5 check is identical!
24/03/2022 16:22:54.40 [Information] [Copy]	Action Requests reconfiguration: 'New:config.Copy(Config:\User\Common\ecatms_config.xml), 2000, 0'.
24/03/2022 16:22:54.40 [Information] [Copy]	Action Requests reconfiguration: 'New:config.Copy(Config:\User\Common\VIO_USER_BUS.xml), 2000, 0'.
24/03/2022 16:22:54.40 [Information] [Copy]	Action Requests reconfiguration: 'New:config.Copy(Config:\User\Common\TransferApp_IO.xml), 2000, 0'.
24/03/2022 16:22:54.51 [Information] [Copy]	Action Requests reconfiguration: 'New:config.Copy(Config:\User\Common\ecatms_sys_X44_swap.xml), 2000, 0'.
24/03/2022 16:22:54.62 [Information] [Copy]	Action Requests reconfiguration: 'New:config.Copy(Config:\User\Common\ecatms_sys_X44_usr_config.xml), 2000, 0'.
24/03/2022 16:22:54.62 [Information] [Copy]	Action Requests reconfiguration: 'New:config.Copy(Config:\User\Common\ecatms_sys_X48_config.xml), 2000, 0'.
24/03/2022 16:22:55.33 [Information] SafetyNetworkInstallAction 'New:safety.Copy(Config:\User\Common\SAFEDEV.SAF), 2000, 0': Checksum is identical.
24/03/2022 16:22:55.40 [Warning] Ignore SafetyNetworkInstallAction: Copy "C:\KRC\ROBOTER\Config\User\Common\SAFEDEV.SAF". Header and content check states identical data!
24/03/2022 16:22:55.40 [Warning] Ignore SafetyConfigParamAction: Copy "C:\KRC\ROBOTER\Config\User\Common\SCTLPARA.SAF". Param header and content check states identical data!
24/03/2022 16:22:55.41 [Warning] Ignore SafetyConfigParamAction: Copy "C:\KRC\ROBOTER\Config\User\Common\SCTLPARA.SAF". Param header and content check states identical data!
24/03/2022 16:22:55.41 [Information] SafetyParamInfoAction 'New:safety.Copy(Config:\User\Common\SCTLINFO.SAF), 2000, 0': Ignored since safety parameter file is ignored too.
24/03/2022 16:22:55.42 [Information] [Copy]	Action Requests reconfiguration: 'New:config.Copy(Config:\User\Common\KrcIoSignals.xml), 2000, 0'.
24/03/2022 16:22:55.42 [Information] [Copy]	Action Requests reconfiguration: 'New:config.Copy(Config:\User\Common\KRC_IO.xml), 2000, 0'.
24/03/2022 16:22:55.42 [Warning] Ignore UserPdiInstallAction: Copy "C:\KRC\ROBOTER\Config\User\Common\USERPDI.SAF". Header and content check states identical data!
24/03/2022 16:22:55.43 [Information] [Copy]	Action Requests reconfiguration: 'New:config.Copy(Config:\User\Common\Mada\NGAxis\A2.xml), 2000, 0'.
24/03/2022 16:22:55.43 [Information] [Copy]	Action Requests reconfiguration: 'New:config.Copy(Config:\User\Common\Mada\NGAxis\CtrlA2AddFct.xml), 2000, 0'.
24/03/2022 16:22:55.54 [Information] [Copy]	Action Requests reconfiguration: 'New:config.Copy(Config:\User\Common\Mada\NGAxis\CtrlA2.xml), 2000, 0'.
24/03/2022 16:22:55.65 [Information] [Copy]	Action ignore: 'New:config.Copy(Config:\User\Common\Motor\M_LGen2_KSPsr10_244V_SSRklein_V1.xml), 2000, 0'. MD5 check is identical!
24/03/2022 16:22:55.65 [Information] [Copy]	Action ignore: 'New:config.Copy(Config:\User\Common\ServoFile\S_LGen2_KSPsr10_244V_SSRklein_V1.xml), 2000, 0'. MD5 check is identical!
24/03/2022 16:22:55.65 [Information] [Copy]	Action Requests reconfiguration: 'New:config.Copy(Config:\User\Common\Mada\NGAxis\CtrlA3.xml), 2000, 0'.
24/03/2022 16:22:55.66 [Information] [Copy]	Action ignore: 'New:config.Copy(Config:\User\Common\ServoFile\S_D0Gen2C_KSPsr12_244V_SSRklein_V1.xml), 2000, 0'. MD5 check is identical!
24/03/2022 16:22:55.66 [Information] [Copy]	Action ignore: 'New:config.Copy(Config:\User\Common\Motor\M_D0Gen2C_KSPsr12_244V_SSRklein_V1.xml), 2000, 0'. MD5 check is identical!
24/03/2022 16:22:55.66 [Information] [Copy]	Action Requests reconfiguration: 'New:config.Copy(Config:\User\Common\Mada\KRCAxes.xml), 2000, 0'.
24/03/2022 16:22:55.67 [Information] [Copy]	Action Requests reconfiguration: 'New:config.Copy(Config:\User\Common\Mada\NGAxis\A1.xml), 2000, 0'.
24/03/2022 16:22:55.67 [Information] [Copy]	Action Requests reconfiguration: 'New:config.Copy(Config:\User\Common\Mada\NGAxis\CtrlA1AddFct.xml), 2000, 0'.
24/03/2022 16:22:55.67 [Information] [Copy]	Action Requests reconfiguration: 'New:config.Copy(Config:\User\Common\Mada\NGAxis\CtrlA1.xml), 2000, 0'.
24/03/2022 16:22:55.77 [Information] [Copy]	Action ignore: 'New:mada.Copy(KRC:\R1\Mada\$robcor.dat), 4000, 0'. MD5 check is identical!
24/03/2022 16:22:55.78 [Information] [Copy]	Action ignore: 'New:mada.Copy(KRC:\STEU\$config.dat), 4000, 0'. MD5 check is identical!
24/03/2022 16:22:55.78 [Information] [Copy]	Action ignore: 'New:mada.Copy(KRC:\STEU\Mada\$machine.dat), 4000, 0'. MD5 check is identical!
24/03/2022 16:22:55.79 [Information] [Copy]	Action ignore: 'New:mada.Copy(KRC:\R1\Mada\$machine.dat), 4000, 0'. MD5 check is identical!
24/03/2022 16:22:55.79 [Information] [Copy]	Action ignore: 'New:mada.Copy(KRC:\Steu\Mada\$custom.dat), 4000, 0'. MD5 check is identical!
24/03/2022 16:22:55.79 [Information] KrcCopyAction 'New:mada.Copy(KRC:\R1\System\$config.dat), 4000, 0': Requests stopping the program.
24/03/2022 16:22:55.80 [Information] [Copy]	Action ignore: 'New:mada.Copy(KRC:\Steu\Mada\$option.dat), 4000, 0'. MD5 check is identical!
24/03/2022 16:22:55.80 [Information] [Copy]	Action ignore: 'New:krl.Copy(KRC:\R1\TP\BrakeTest\BrakeTestStart.dat), 6500, 0'. MD5 check is identical!
24/03/2022 16:22:55.81 [Information] KrcCopyAction 'New:krl.Copy(KRC:\R1\TP\ArcTechBasic\ArcAuxiliary.dat), 6500, 0': Requests stopping the program.
24/03/2022 16:22:55.81 [Information] [Copy]	Action ignore: 'New:krl.Copy(KRC:\R1\TP\BrakeTest\BrakeTestReq.dat), 6500, 0'. MD5 check is identical!
24/03/2022 16:22:55.82 [Information] [Copy]	Action ignore: 'New:krl.Copy(KRC:\R1\TP\BrakeTest\BrakeTestSelfTest.dat), 6500, 0'. MD5 check is identical!
24/03/2022 16:22:55.82 [Information] KrcCopyAction 'New:krl.Copy(KRC:\R1\TP\ArcTechBasic\ArcGeneral.dat), 6500, 0': Requests stopping the program.
24/03/2022 16:22:55.82 [Information] KrcCopyAction 'New:krl.Copy(KRC:\R1\TP\ArcTechBasic\ArcInputRoutines.dat), 6500, 0': Requests stopping the program.
24/03/2022 16:22:55.83 [Information] [Copy]	Action ignore: 'New:krl.Copy(KRC:\R1\TP\ArcTechBasic\ArcAuxiliaryWork.dat), 6500, 0'. MD5 check is identical!
24/03/2022 16:22:55.83 [Information] KrcCopyAction 'New:krl.Copy(KRC:\R1\TP\ArcTechBasic\ArcErrorHandler.dat), 6500, 0': Requests stopping the program.
24/03/2022 16:22:55.84 [Information] [Copy]	Action ignore: 'New:krl.Copy(KRC:\R1\TP\BrakeTest\BrakeTestPark.dat), 6500, 0'. MD5 check is identical!
24/03/2022 16:22:55.84 [Information] [Copy]	Action ignore: 'New:krl.Copy(KRC:\R1\Program\tm_useraction.dat), 6500, 0'. MD5 check is identical!
24/03/2022 16:22:55.84 [Information] [Copy]	Action ignore: 'New:krl.Copy(KRC:\R1\System\masref_main.dat), 6500, 0'. MD5 check is identical!
24/03/2022 16:22:55.85 [Information] KrcCopyAction 'New:krl.COPY; /Sequence=6500(KRC:\R1\TP\Signals.dat), 6500, 0': Requests stopping the program.
24/03/2022 16:22:55.85 [Information] [Copy]	Action ignore: 'New:krl.Copy(KRC:\R1\Program\masref_user.dat), 6500, 0'. MD5 check is identical!
24/03/2022 16:22:55.86 [Information] [Copy]	Action ignore: 'New:krl.Copy(KRC:\R1\TP\p00.dat), 6500, 0'. MD5 check is identical!
24/03/2022 16:22:55.86 [Information] [Copy]	Action ignore: 'New:krl.Copy(KRC:\R1\TP\BrakeTest\BrakeTestBack.dat), 6500, 0'. MD5 check is identical!
24/03/2022 16:22:55.86 [Information] [Copy]	Action ignore: 'New:krl.Copy(KRC:\R1\System\MsgLib.dat), 6500, 0'. MD5 check is identical!
24/03/2022 16:22:55.87 [Information] KrcCopyAction 'New:krl.Copy(KRC:\R1\System\tm_bib.dat), 6500, 0': Requests stopping the program.
24/03/2022 16:22:55.87 [Information] KrcCopyAction 'New:krl.Copy(KRC:\R1\TP\ArcTechBasic\ArcMain.dat), 6500, 0': Requests stopping the program.
24/03/2022 16:22:55.88 [Information] [Copy]	Action ignore: 'New:krl.Copy(KRC:\R1\TP\ArcTechBasic\StringLib.dat), 6500, 0'. MD5 check is identical!
24/03/2022 16:22:55.88 [Information] [Copy]	Action ignore: 'New:krl.Copy(KRC:\R1\TP\ArcTechBasic\ArcSense.dat), 6500, 0'. MD5 check is identical!
24/03/2022 16:22:55.88 [Information] KrcCopyAction 'New:krl.Copy(KRC:\R1\TP\ArcTechBasic\ArcOutputRoutines.dat), 6500, 0': Requests stopping the program.
24/03/2022 16:22:55.89 [Information] [Copy]	Action ignore: 'New:krl.Copy(KRC:\R1\TP\ArcTechBasic\ArcWeaveGeneral.dat), 6500, 0'. MD5 check is identical!
24/03/2022 16:22:55.89 [Information] [Copy]	Action ignore: 'New:krl.Copy(KRC:\R1\TP\ArcTechBasic\ArcWeave.dat), 6500, 0'. MD5 check is identical!
24/03/2022 16:22:55.90 [Information] [Copy]	Action ignore: 'New:krl.Copy(KRC:\R1\TP\ArcTechBasic\ArcRoboTeamState.dat), 6500, 0'. MD5 check is identical!
24/03/2022 16:22:55.90 [Information] [Copy]	Action ignore: 'New:krl.Copy(KRC:\R1\TP\ArcTechBasic\ArcSplineWeave.dat), 6500, 0'. MD5 check is identical!
24/03/2022 16:22:55.90 [Information] [Copy]	Action ignore: 'New:krl.Copy(KRC:\R1\TP\ArcTechBasic\ArcTechMonitoring\UserArcTechMonitoring.dat), 6500, 0'. MD5 check is identical!
24/03/2022 16:22:55.91 [Information] [Copy]	Action ignore: 'New:krl.Copy(KRC:\R1\TP\ArcTechBasic\ArcStateHandler.dat), 6500, 0'. MD5 check is identical!
24/03/2022 16:22:55.91 [Information] [Copy]	Action ignore: 'New:krl.Copy(KRC:\R1\TP\ArcTechBasic\ArcMsgProxy.dat), 6500, 0'. MD5 check is identical!
24/03/2022 16:22:55.92 [Information] KrcCopyAction 'New:krl.Copy(KRC:\R1\Program\tst.dat), 6500, 0': Requests stopping the program.
24/03/2022 16:22:55.92 [Information] KrcCopyAction 'New:krl.Copy(KRC:\R1\TP\ArcTechBasic\ArcOutputHelpRoutines.dat), 6500, 0': Requests stopping the program.
24/03/2022 16:22:55.92 [Information] [Copy]	Action ignore: 'New:krl.Copy(KRC:\R1\TP\ArcTechBasic\ToolCorrManual\TCM_ToolCorr.dat), 6500, 0'. MD5 check is identical!
24/03/2022 16:22:55.93 [Information] [Copy]	Action ignore: 'New:krl.Copy(KRC:\R1\TP\ArcTechBasic\ArcStateTool.src), 7000, 0'. MD5 check is identical!
24/03/2022 16:22:55.93 [Information] [Copy]	Action ignore: 'New:krl.Copy(KRC:\R1\System\ir_stopm.src), 7000, 0'. MD5 check is identical!
24/03/2022 16:22:55.93 [Information] [Copy]	Action ignore: 'New:krl.Copy(KRC:\R1\Program\masref_user.src), 7000, 0'. MD5 check is identical!
24/03/2022 16:22:55.94 [Information] [Copy]	Action ignore: 'New:krl.Copy(KRC:\R1\System\bas.src), 7000, 0'. MD5 check is identical!
24/03/2022 16:22:55.94 [Information] KrcCopyAction 'New:krl.Copy(KRC:\R1\TP\ArcTechBasic\ArcStateHandler.src), 7000, 0': Requests stopping the program.
24/03/2022 16:22:55.95 [Information] KrcCopyAction 'New:krl.Copy(KRC:\R1\Program\tst.src), 7000, 0': Requests stopping the program.
24/03/2022 16:22:55.95 [Information] [Copy]	Action ignore: 'New:krl.Copy(KRC:\R1\Program\tm_useraction.src), 7000, 0'. MD5 check is identical!
24/03/2022 16:22:55.96 [Information] [Copy]	Action ignore: 'New:krl.Copy(KRC:\R1\TP\ArcTechBasic\StringLib.src), 7000, 0'. MD5 check is identical!
24/03/2022 16:22:55.96 [Information] [Copy]	Action ignore: 'New:krl.Copy(KRC:\R1\TP\ArcTechBasic\ArcWeldingFacade.src), 7000, 0'. MD5 check is identical!
24/03/2022 16:22:55.96 [Information] [Copy]	Action ignore: 'New:krl.Copy(KRC:\R1\TP\ArcTechBasic\ToolCorrManual\TCM_ToolCorr.src), 7000, 0'. MD5 check is identical!
24/03/2022 16:22:55.97 [Information] [Copy]	Action ignore: 'New:krl.Copy(KRC:\R1\TP\ArcTechBasic\ArcTechMonitoring\UserArcTechMonitoring.src), 7000, 0'. MD5 check is identical!
24/03/2022 16:22:55.98 [Information] [Copy]	Action ignore: 'New:krl.Copy(KRC:\R1\TP\ArcTechBasic\ArcWeaveGeneral.src), 7000, 0'. MD5 check is identical!
24/03/2022 16:22:55.98 [Information] [Copy]	Action ignore: 'New:krl.Copy(KRC:\R1\Mada\machine.upg), 7000, 0'. MD5 check is identical!
24/03/2022 16:22:55.98 [Information] [Copy]	Action ignore: 'New:krl.Copy(KRC:\R1\Mada\robcor.upg), 7000, 0'. MD5 check is identical!
24/03/2022 16:22:55.99 [Information] [Copy]	Action ignore: 'New:krl.Copy(KRC:\R1\TP\ArcTechBasic\ArcWeave.src), 7000, 0'. MD5 check is identical!
24/03/2022 16:22:55.99 [Information] [Copy]	Action ignore: 'New:krl.Copy(KRC:\R1\cell.src), 7000, 0'. MD5 check is identical!
24/03/2022 16:22:56.00 [Information] [Copy]	Action ignore: 'New:krl.Copy(KRC:\R1\System\masref_main.src), 7000, 0'. MD5 check is identical!
24/03/2022 16:22:56.00 [Information] [Copy]	Action ignore: 'New:krl.Copy(KRC:\STEU\Mada\machine.upg), 7000, 0'. MD5 check is identical!
24/03/2022 16:22:56.00 [Information] [Copy]	Action ignore: 'New:krl.Copy(KRC:\STEU\Mada\option.upg), 7000, 0'. MD5 check is identical!
24/03/2022 16:22:56.01 [Information] [Copy]	Action ignore: 'New:krl.Copy(KRC:\STEU\Mada\custom.upg), 7000, 0'. MD5 check is identical!
24/03/2022 16:22:56.01 [Information] [Copy]	Action ignore: 'New:krl.Copy(KRC:\R1\TP\ArcTechBasic\ArcOutputRoutines.src), 7000, 0'. MD5 check is identical!
24/03/2022 16:22:56.02 [Information] [Copy]	Action ignore: 'New:krl.Copy(KRC:\R1\TP\BrakeTest\BrakeTestStart.src), 7000, 0'. MD5 check is identical!
24/03/2022 16:22:56.02 [Information] [Copy]	Action ignore: 'New:krl.Copy(KRC:\R1\TP\ArcTechBasic\ArcAuxiliary.src), 7000, 0'. MD5 check is identical!
24/03/2022 16:22:56.03 [Information] [Copy]	Action ignore: 'New:krl.Copy(KRC:\R1\TP\ArcTechBasic\ArcMain.src), 7000, 0'. MD5 check is identical!
24/03/2022 16:22:56.03 [Information] [Copy]	Action ignore: 'New:krl.Copy(KRC:\R1\TP\ArcTechBasic\ArcInputRoutines.src), 7000, 0'. MD5 check is identical!
24/03/2022 16:22:56.04 [Information] [Copy]	Action ignore: 'New:krl.Copy(KRC:\R1\TP\ArcTechBasic\ArcErrorHandlerFacade.src), 7000, 0'. MD5 check is identical!
24/03/2022 16:22:56.04 [Information] KrcCopyAction 'New:krl.Copy(KRC:\R1\TP\ArcTechBasic\ArcMsgProxy.src), 7000, 0': Requests stopping the program.
24/03/2022 16:22:56.04 [Information] KrcCopyAction 'New:krl.Copy(KRC:\R1\TP\ArcTechBasic\ArcErrorHandler.src), 7000, 0': Requests stopping the program.
24/03/2022 16:22:56.06 [Information] [Copy]	Action ignore: 'New:krl.Copy(KRC:\R1\System\tm_bib.src), 7000, 0'. MD5 check is identical!
24/03/2022 16:22:56.06 [Information] [Copy]	Action ignore: 'New:krl.Copy(KRC:\R1\TP\p00.src), 7000, 0'. MD5 check is identical!
24/03/2022 16:22:56.06 [Information] [Copy]	Action ignore: 'New:krl.Copy(KRC:\R1\TP\ArcTechBasic\ArcSplineWeave.src), 7000, 0'. MD5 check is identical!
24/03/2022 16:22:56.07 [Information] [Copy]	Action ignore: 'New:krl.Copy(KRC:\R1\System\MsgLib.src), 7000, 0'. MD5 check is identical!
24/03/2022 16:22:56.07 [Information] [Copy]	Action ignore: 'New:krl.Copy(KRC:\R1\System\sps.sub), 7000, 0'. MD5 check is identical!
24/03/2022 16:22:56.07 [Information] [Copy]	Action ignore: 'New:krl.Copy(KRC:\R1\TP\ArcTechBasic\ArcSense.src), 7000, 0'. MD5 check is identical!
24/03/2022 16:22:56.08 [Information] [Copy]	Action ignore: 'New:krl.Copy(KRC:\R1\TP\ArcTechBasic\ArcRoboTeamState.src), 7000, 0'. MD5 check is identical!
24/03/2022 16:22:56.08 [Information] [Copy]	Action ignore: 'New:krl.Copy(KRC:\R1\TP\BrakeTest\BrakeTestReq.src), 7000, 0'. MD5 check is identical!
24/03/2022 16:22:56.08 [Information] [Copy]	Action ignore: 'New:krl.Copy(KRC:\R1\TP\BrakeTest\BrakeTestSelfTest.src), 7000, 0'. MD5 check is identical!
24/03/2022 16:22:56.09 [Information] [Copy]	Action ignore: 'New:krl.Copy(KRC:\R1\TP\BrakeTest\BrakeTestBack.src), 7000, 0'. MD5 check is identical!
24/03/2022 16:22:56.09 [Information] [Copy]	Action ignore: 'New:krl.Copy(KRC:\R1\TP\BrakeTest\BrakeTestPark.src), 7000, 0'. MD5 check is identical!
24/03/2022 16:22:56.09 [Information] [Copy]	Action ignore: 'New:solution.Copy(C:\KRC\User\ProjectRoot\default (1)\default (1).wvs), 9000, 0'. Copy only once!
24/03/2022 16:22:56.10 [Information] °°° Begin adding global actions for project 'default (1) V1.0.0.0'!
24/03/2022 16:22:56.14 [Information] °°° Execute prepare actions for project 'default (1) V1.0.0.0'!
24/03/2022 16:23:00.10 [Information] Successful execute PrepareAction 'Global.UserPermission(), 1000, 0'.
24/03/2022 16:23:00.12 [Information] Execute Global.StopProgram(), 2000, 0. Krc not in Automatic!
24/03/2022 16:23:00.12 [Information] Successful execute PrepareAction 'Global.StopProgram(), 2000, 0'.
24/03/2022 16:23:00.12 [Information] *** End Prepare 'default (1) V1.0.0.0'!
24/03/2022 16:23:00.14 [Information] Committed: Prepared.
24/03/2022 16:23:00.16 [Information] *** Start installation of "default (1) V1.0.0.0".
24/03/2022 16:23:00.17 [Information] Reset current project!
24/03/2022 16:23:00.27 [Information] Successful execute Install Action 'Global.PrepareReconfiguration(), 0, 0'.
24/03/2022 16:23:00.28 [Information] Install Action 'Global.PrepareReconfiguration(), 0, 0' is installed with its 0 children.
24/03/2022 16:23:00.30 [Information] Successful execute Install Action 'Current:file.FileDelete(C:\KRC\User\KLMDigitalIO.WriteProtectedOutputs.cfg), 1500, 0'.
24/03/2022 16:23:00.30 [Information] Install Action 'Current:file.FileDelete(C:\KRC\User\KLMDigitalIO.WriteProtectedOutputs.cfg), 1500, 0' is installed with its 0 children.
24/03/2022 16:23:00.36 [Information] Successful execute Install Action 'Current:config.FileDelete(Config:\User\Common\Modules_ARCLINKXT.xml), 2000, 0'.
24/03/2022 16:23:00.36 [Information] Install Action 'Current:config.FileDelete(Config:\User\Common\Modules_ARCLINKXT.xml), 2000, 0' is installed with its 0 children.
24/03/2022 16:23:00.38 [Information] Successful execute Install Action 'New:config.Copy(Config:\User\KrlModSize.bin), 2000, 0'.
24/03/2022 16:23:00.38 [Information] Install Action 'New:config.Copy(Config:\User\KrlModSize.bin), 2000, 0' is installed with its 0 children.
24/03/2022 16:23:00.39 [Information] Successful execute Install Action 'New:config.Copy(Config:\User\Common\Mada\NGAxis\CtrlA2.xml), 2000, 0'.
24/03/2022 16:23:00.39 [Information] Install Action 'New:config.Copy(Config:\User\Common\Mada\NGAxis\CtrlA2.xml), 2000, 0' is installed with its 0 children.
24/03/2022 16:23:00.43 [Information] Successful execute Install Action 'New:config.Copy(Config:\User\Common\Mada\NGAxis\CtrlA2AddFct.xml), 2000, 0'.
24/03/2022 16:23:00.43 [Information] Install Action 'New:config.Copy(Config:\User\Common\Mada\NGAxis\CtrlA2AddFct.xml), 2000, 0' is installed with its 0 children.
24/03/2022 16:23:00.44 [Information] Successful execute Install Action 'New:config.Copy(Config:\User\Common\KRC_IO.xml), 2000, 0'.
24/03/2022 16:23:00.44 [Information] Install Action 'New:config.Copy(Config:\User\Common\KRC_IO.xml), 2000, 0' is installed with its 0 children.
24/03/2022 16:23:00.45 [Information] Successful execute Install Action 'New:config.Copy(Config:\User\Common\Mada\NGAxis\A2.xml), 2000, 0'.
24/03/2022 16:23:00.46 [Information] Install Action 'New:config.Copy(Config:\User\Common\Mada\NGAxis\A2.xml), 2000, 0' is installed with its 0 children.
24/03/2022 16:23:00.46 [Information] Successful execute Install Action 'New:config.Copy(Config:\User\Common\Mada\NGAxis\CtrlA3.xml), 2000, 0'.
24/03/2022 16:23:00.46 [Information] Install Action 'New:config.Copy(Config:\User\Common\Mada\NGAxis\CtrlA3.xml), 2000, 0' is installed with its 0 children.
24/03/2022 16:23:00.48 [Information] Successful execute Install Action 'New:config.Copy(Config:\User\Common\Mada\NGAxis\CtrlA1AddFct.xml), 2000, 0'.
24/03/2022 16:23:00.48 [Information] Install Action 'New:config.Copy(Config:\User\Common\Mada\NGAxis\CtrlA1AddFct.xml), 2000, 0' is installed with its 0 children.
24/03/2022 16:23:00.48 [Information] Successful execute Install Action 'New:config.Copy(Config:\User\Common\Mada\NGAxis\CtrlA1.xml), 2000, 0'.
24/03/2022 16:23:00.48 [Information] Install Action 'New:config.Copy(Config:\User\Common\Mada\NGAxis\CtrlA1.xml), 2000, 0' is installed with its 0 children.
24/03/2022 16:23:00.49 [Information] Successful execute Install Action 'New:config.Copy(Config:\User\Common\Mada\NGAxis\A1.xml), 2000, 0'.
24/03/2022 16:23:00.49 [Information] Install Action 'New:config.Copy(Config:\User\Common\Mada\NGAxis\A1.xml), 2000, 0' is installed with its 0 children.
24/03/2022 16:23:00.51 [Information] Successful execute Install Action 'New:config.Copy(Config:\User\Common\Mada\KRCAxes.xml), 2000, 0'.
24/03/2022 16:23:00.51 [Information] Install Action 'New:config.Copy(Config:\User\Common\Mada\KRCAxes.xml), 2000, 0' is installed with its 0 children.
24/03/2022 16:23:00.51 [Information] Successful execute Install Action 'New:config.Copy(Config:\User\Common\KrcIoSignals.xml), 2000, 0'.
24/03/2022 16:23:00.51 [Information] Install Action 'New:config.Copy(Config:\User\Common\KrcIoSignals.xml), 2000, 0' is installed with its 0 children.
24/03/2022 16:23:00.54 [Information] Successful execute Install Action 'New:config.Copy(Config:\User\Common\ecatms_config.xml), 2000, 0'.
24/03/2022 16:23:00.54 [Information] Install Action 'New:config.Copy(Config:\User\Common\ecatms_config.xml), 2000, 0' is installed with its 0 children.
24/03/2022 16:23:00.58 [Information] Successful execute Install Action 'New:config.Copy(Config:\User\Common\VIO_USER_BUS.xml), 2000, 0'.
24/03/2022 16:23:00.58 [Information] Install Action 'New:config.Copy(Config:\User\Common\VIO_USER_BUS.xml), 2000, 0' is installed with its 0 children.
24/03/2022 16:23:00.60 [Information] Successful execute Install Action 'New:config.Copy(Config:\User\Common\ecatms_sys_X48_config.xml), 2000, 0'.
24/03/2022 16:23:00.60 [Information] Install Action 'New:config.Copy(Config:\User\Common\ecatms_sys_X48_config.xml), 2000, 0' is installed with its 0 children.
24/03/2022 16:23:00.63 [Information] Successful execute Install Action 'New:config.Copy(Config:\User\Common\TransferApp_IO.xml), 2000, 0'.
24/03/2022 16:23:00.63 [Information] Install Action 'New:config.Copy(Config:\User\Common\TransferApp_IO.xml), 2000, 0' is installed with its 0 children.
24/03/2022 16:23:00.64 [Information] Successful execute Install Action 'New:config.Copy(Config:\User\Common\ecatms_sys_X44_swap.xml), 2000, 0'.
24/03/2022 16:23:00.64 [Information] Install Action 'New:config.Copy(Config:\User\Common\ecatms_sys_X44_swap.xml), 2000, 0' is installed with its 0 children.
24/03/2022 16:23:00.66 [Information] Successful execute Install Action 'New:config.Copy(Config:\User\Common\ecatms_sys_X44_usr_config.xml), 2000, 0'.
24/03/2022 16:23:00.66 [Information] Install Action 'New:config.Copy(Config:\User\Common\ecatms_sys_X44_usr_config.xml), 2000, 0' is installed with its 0 children.
24/03/2022 16:23:00.67 [Information] Successful execute Install Action 'New:config.copy(Config:\User\Common\KNet.xml), 2000, 0'.
24/03/2022 16:23:00.67 [Information] Install Action 'New:config.copy(Config:\User\Common\KNet.xml), 2000, 0' is installed with its 0 children.
24/03/2022 16:23:00.71 [Information] Successful execute Install Action 'New:config.Copy(Config:\User\Common\Mada\NGAxis\CtrlA6AddFct.xml), 2000, 0'.
24/03/2022 16:23:00.71 [Information] Install Action 'New:config.Copy(Config:\User\Common\Mada\NGAxis\CtrlA6AddFct.xml), 2000, 0' is installed with its 0 children.
24/03/2022 16:23:00.72 [Information] Successful execute Install Action 'New:config.Copy(Config:\User\Common\Mada\NGAxis\CtrlA6.xml), 2000, 0'.
24/03/2022 16:23:00.72 [Information] Install Action 'New:config.Copy(Config:\User\Common\Mada\NGAxis\CtrlA6.xml), 2000, 0' is installed with its 0 children.
24/03/2022 16:23:00.73 [Information] Successful execute Install Action 'New:config.Copy(Config:\User\Common\Mada\NGAxis\A5.xml), 2000, 0'.
24/03/2022 16:23:00.73 [Information] Install Action 'New:config.Copy(Config:\User\Common\Mada\NGAxis\A5.xml), 2000, 0' is installed with its 0 children.
24/03/2022 16:23:00.74 [Information] Successful execute Install Action 'New:config.Copy(Config:\User\Common\Mada\NGAxis\A4.xml), 2000, 0'.
24/03/2022 16:23:00.74 [Information] Install Action 'New:config.Copy(Config:\User\Common\Mada\NGAxis\A4.xml), 2000, 0' is installed with its 0 children.
24/03/2022 16:23:00.74 [Information] Successful execute Install Action 'New:config.Copy(Config:\User\Common\PersistPC\NGDecouple.xml), 2000, 0'.
24/03/2022 16:23:00.74 [Information] Install Action 'New:config.Copy(Config:\User\Common\PersistPC\NGDecouple.xml), 2000, 0' is installed with its 0 children.
24/03/2022 16:23:00.75 [Information] Successful execute Install Action 'New:config.Copy(Config:\User\Common\Mada\NGAxis\CtrlA5AddFct.xml), 2000, 0'.
24/03/2022 16:23:00.75 [Information] Install Action 'New:config.Copy(Config:\User\Common\Mada\NGAxis\CtrlA5AddFct.xml), 2000, 0' is installed with its 0 children.
24/03/2022 16:23:00.75 [Information] Successful execute Install Action 'New:config.Copy(Config:\User\Common\Mada\NGAxis\CtrlA5.xml), 2000, 0'.
24/03/2022 16:23:00.75 [Information] Install Action 'New:config.Copy(Config:\User\Common\Mada\NGAxis\CtrlA5.xml), 2000, 0' is installed with its 0 children.
24/03/2022 16:23:00.76 [Information] Successful execute Install Action 'New:config.Copy(Config:\User\Common\Supply\KPP_sr400-244V_15.xml), 2000, 0'.
24/03/2022 16:23:00.76 [Information] Install Action 'New:config.Copy(Config:\User\Common\Supply\KPP_sr400-244V_15.xml), 2000, 0' is installed with its 0 children.
24/03/2022 16:23:00.77 [Information] Successful execute Install Action 'New:config.Copy(Config:\User\Common\Mada\EAWaggonDriverConfig.xml), 2000, 0'.
24/03/2022 16:23:00.78 [Information] Install Action 'New:config.Copy(Config:\User\Common\Mada\EAWaggonDriverConfig.xml), 2000, 0' is installed with its 0 children.
24/03/2022 16:23:00.78 [Information] Successful execute Install Action 'New:config.Copy(Config:\User\Common\Supply\KPP_400V_10.xml), 2000, 0'.
24/03/2022 16:23:00.78 [Information] Install Action 'New:config.Copy(Config:\User\Common\Supply\KPP_400V_10.xml), 2000, 0' is installed with its 0 children.
24/03/2022 16:23:00.79 [Information] Successful execute Install Action 'New:config.Copy(Config:\User\Common\Mada\NextGenDriveTech.xml), 2000, 0'.
24/03/2022 16:23:00.79 [Information] Install Action 'New:config.Copy(Config:\User\Common\Mada\NextGenDriveTech.xml), 2000, 0' is installed with its 0 children.
24/03/2022 16:23:00.80 [Information] Successful execute Install Action 'New:config.Copy(Config:\User\Common\Servofile\S_KPP_400V_10.xml), 2000, 0'.
24/03/2022 16:23:00.80 [Information] Install Action 'New:config.Copy(Config:\User\Common\Servofile\S_KPP_400V_10.xml), 2000, 0' is installed with its 0 children.
24/03/2022 16:23:00.81 [Information] Successful execute Install Action 'New:config.Copy(Config:\User\Common\CabCtrl.xml), 2000, 0'.
24/03/2022 16:23:00.81 [Information] Install Action 'New:config.Copy(Config:\User\Common\CabCtrl.xml), 2000, 0' is installed with its 0 children.
24/03/2022 16:23:00.82 [Information] Successful execute Install Action 'New:config.Copy(Config:\User\Common\Mada\CFCoreWaggonDriverConfig.xml), 2000, 0'.
24/03/2022 16:23:00.82 [Information] Install Action 'New:config.Copy(Config:\User\Common\Mada\CFCoreWaggonDriverConfig.xml), 2000, 0' is installed with its 0 children.
24/03/2022 16:23:00.83 [Information] Successful execute Install Action 'New:config.Copy(Config:\User\Common\Mada\CFCore.xml), 2000, 0'.
24/03/2022 16:23:00.83 [Information] Install Action 'New:config.Copy(Config:\User\Common\Mada\CFCore.xml), 2000, 0' is installed with its 0 children.
24/03/2022 16:23:00.83 [Information] Successful execute Install Action 'New:config.Copy(Config:\User\Common\Mada\MMAxisAdapter.xml), 2000, 0'.
24/03/2022 16:23:00.83 [Information] Install Action 'New:config.Copy(Config:\User\Common\Mada\MMAxisAdapter.xml), 2000, 0' is installed with its 0 children.
24/03/2022 16:23:00.84 [Information] Successful execute Install Action 'New:config.Copy(Config:\User\Cabinet\NGSharedO.xml), 2000, 0'.
24/03/2022 16:23:00.84 [Information] Install Action 'New:config.Copy(Config:\User\Cabinet\NGSharedO.xml), 2000, 0' is installed with its 0 children.
24/03/2022 16:23:00.86 [Information] Successful execute Install Action 'New:config.Copy(Config:\User\Common\Mada\NGAxis\E1.xml), 2000, 0'.
24/03/2022 16:23:00.86 [Information] Install Action 'New:config.Copy(Config:\User\Common\Mada\NGAxis\E1.xml), 2000, 0' is installed with its 0 children.
24/03/2022 16:23:00.87 [Information] Successful execute Install Action 'New:config.Copy(Config:\User\Common\Mada\NGAxis\CtrlE1AddFct.xml), 2000, 0'.
24/03/2022 16:23:00.87 [Information] Install Action 'New:config.Copy(Config:\User\Common\Mada\NGAxis\CtrlE1AddFct.xml), 2000, 0' is installed with its 0 children.
24/03/2022 16:23:00.88 [Information] Successful execute Install Action 'New:config.Copy(Config:\User\Common\Mada\NGAxis\CtrlE2.xml), 2000, 0'.
24/03/2022 16:23:00.88 [Information] Install Action 'New:config.Copy(Config:\User\Common\Mada\NGAxis\CtrlE2.xml), 2000, 0' is installed with its 0 children.
24/03/2022 16:23:00.89 [Information] Successful execute Install Action 'New:config.Copy(Config:\User\Common\Mada\NGAxis\A6.xml), 2000, 0'.
24/03/2022 16:23:00.89 [Information] Install Action 'New:config.Copy(Config:\User\Common\Mada\NGAxis\A6.xml), 2000, 0' is installed with its 0 children.
24/03/2022 16:23:00.90 [Information] Successful execute Install Action 'New:config.Copy(Config:\User\Common\Mada\NGAxis\CtrlE3.xml), 2000, 0'.
24/03/2022 16:23:00.90 [Information] Install Action 'New:config.Copy(Config:\User\Common\Mada\NGAxis\CtrlE3.xml), 2000, 0' is installed with its 0 children.
24/03/2022 16:23:00.91 [Information] Successful execute Install Action 'New:config.Copy(Config:\User\Common\Mada\NGAxis\CtrlA4.xml), 2000, 0'.
24/03/2022 16:23:00.91 [Information] Install Action 'New:config.Copy(Config:\User\Common\Mada\NGAxis\CtrlA4.xml), 2000, 0' is installed with its 0 children.
24/03/2022 16:23:00.91 [Information] Successful execute Install Action 'New:config.Copy(Config:\User\Common\Mada\NGAxis\A3.xml), 2000, 0'.
24/03/2022 16:23:00.91 [Information] Install Action 'New:config.Copy(Config:\User\Common\Mada\NGAxis\A3.xml), 2000, 0' is installed with its 0 children.
24/03/2022 16:23:00.92 [Information] Successful execute Install Action 'New:config.Copy(Config:\User\Common\Mada\NGAxis\CtrlA3AddFct.xml), 2000, 0'.
24/03/2022 16:23:00.93 [Information] Install Action 'New:config.Copy(Config:\User\Common\Mada\NGAxis\CtrlA3AddFct.xml), 2000, 0' is installed with its 0 children.
24/03/2022 16:23:00.93 [Information] Successful execute Install Action 'New:config.Copy(Config:\User\Common\Mada\NGAxis\CtrlA4AddFct.xml), 2000, 0'.
24/03/2022 16:23:00.93 [Information] Install Action 'New:config.Copy(Config:\User\Common\Mada\NGAxis\CtrlA4AddFct.xml), 2000, 0' is installed with its 0 children.
24/03/2022 16:23:00.94 [Information] Successful execute Install Action 'New:config.Copy(Config:\User\Common\Mada\NGAxis\E2.xml), 2000, 0'.
24/03/2022 16:23:00.94 [Information] Install Action 'New:config.Copy(Config:\User\Common\Mada\NGAxis\E2.xml), 2000, 0' is installed with its 0 children.
24/03/2022 16:23:00.94 [Information] Successful execute Install Action 'New:config.Copy(Config:\User\Common\Mada\NGAxis\CtrlE1.xml), 2000, 0'.
24/03/2022 16:23:00.95 [Information] Install Action 'New:config.Copy(Config:\User\Common\Mada\NGAxis\CtrlE1.xml), 2000, 0' is installed with its 0 children.
24/03/2022 16:23:00.95 [Information] Successful execute Install Action 'New:config.Copy(Config:\User\Common\Mada\NGAxis\CtrlE3AddFct.xml), 2000, 0'.
24/03/2022 16:23:00.96 [Information] Install Action 'New:config.Copy(Config:\User\Common\Mada\NGAxis\CtrlE3AddFct.xml), 2000, 0' is installed with its 0 children.
24/03/2022 16:23:00.96 [Information] Successful execute Install Action 'New:config.Copy(Config:\User\Common\Mada\NGAxis\CtrlE2AddFct.xml), 2000, 0'.
24/03/2022 16:23:00.96 [Information] Install Action 'New:config.Copy(Config:\User\Common\Mada\NGAxis\CtrlE2AddFct.xml), 2000, 0' is installed with its 0 children.
24/03/2022 16:23:00.97 [Information] Successful execute Install Action 'New:config.Copy(Config:\User\Common\Servofile\S_KPP_sr400-244V_15.xml), 2000, 0'.
24/03/2022 16:23:00.97 [Information] Install Action 'New:config.Copy(Config:\User\Common\Servofile\S_KPP_sr400-244V_15.xml), 2000, 0' is installed with its 0 children.
24/03/2022 16:23:00.98 [Information] Successful execute Install Action 'New:config.Copy(Config:\User\Common\Mada\NGAxis\E3.xml), 2000, 0'.
24/03/2022 16:23:00.98 [Information] Install Action 'New:config.Copy(Config:\User\Common\Mada\NGAxis\E3.xml), 2000, 0' is installed with its 0 children.
24/03/2022 16:23:01.05 [Information] Successful execute Install Action 'New:mada.Copy(KRC:\R1\System\$config.dat), 4000, 0'.
24/03/2022 16:23:01.05 [Information] Install Action 'New:mada.Copy(KRC:\R1\System\$config.dat), 4000, 0' is installed with its 0 children.
24/03/2022 16:23:01.15 [Information] Successful execute Install Action 'New:krl.Copy(KRC:\R1\TP\ArcTechBasic\ArcOutputRoutines.dat), 6500, 0'.
24/03/2022 16:23:01.15 [Information] Install Action 'New:krl.Copy(KRC:\R1\TP\ArcTechBasic\ArcOutputRoutines.dat), 6500, 0' is installed with its 0 children.
24/03/2022 16:23:01.20 [Information] Successful execute Install Action 'New:krl.Copy(KRC:\R1\TP\ArcTechBasic\ArcMain.dat), 6500, 0'.
24/03/2022 16:23:01.20 [Information] Install Action 'New:krl.Copy(KRC:\R1\TP\ArcTechBasic\ArcMain.dat), 6500, 0' is installed with its 0 children.
24/03/2022 16:23:01.27 [Information] Successful execute Install Action 'New:krl.Copy(KRC:\R1\TP\ArcTechBasic\ArcOutputHelpRoutines.dat), 6500, 0'.
24/03/2022 16:23:01.27 [Information] Install Action 'New:krl.Copy(KRC:\R1\TP\ArcTechBasic\ArcOutputHelpRoutines.dat), 6500, 0' is installed with its 0 children.
24/03/2022 16:23:01.32 [Information] Successful execute Install Action 'New:krl.Copy(KRC:\R1\TP\ArcTechBasic\ArcAuxiliary.dat), 6500, 0'.
24/03/2022 16:23:01.32 [Information] Install Action 'New:krl.Copy(KRC:\R1\TP\ArcTechBasic\ArcAuxiliary.dat), 6500, 0' is installed with its 0 children.
24/03/2022 16:23:01.36 [Information] Successful execute Install Action 'New:krl.Copy(KRC:\R1\Program\tst.dat), 6500, 0'.
24/03/2022 16:23:01.36 [Information] Install Action 'New:krl.Copy(KRC:\R1\Program\tst.dat), 6500, 0' is installed with its 0 children.
24/03/2022 16:23:01.44 [Information] Successful execute Install Action 'New:krl.Copy(KRC:\R1\System\tm_bib.dat), 6500, 0'.
24/03/2022 16:23:01.44 [Information] Install Action 'New:krl.Copy(KRC:\R1\System\tm_bib.dat), 6500, 0' is installed with its 0 children.
24/03/2022 16:23:01.56 [Information] Successful execute Install Action 'New:krl.Copy(KRC:\R1\TP\ArcTechBasic\ArcInputRoutines.dat), 6500, 0'.
24/03/2022 16:23:01.56 [Information] Install Action 'New:krl.Copy(KRC:\R1\TP\ArcTechBasic\ArcInputRoutines.dat), 6500, 0' is installed with its 0 children.
24/03/2022 16:23:01.62 [Information] Successful execute Install Action 'New:krl.Copy(KRC:\R1\TP\ArcTechBasic\ArcErrorHandler.dat), 6500, 0'.
24/03/2022 16:23:01.62 [Information] Install Action 'New:krl.Copy(KRC:\R1\TP\ArcTechBasic\ArcErrorHandler.dat), 6500, 0' is installed with its 0 children.
24/03/2022 16:23:01.65 [Information] Successful execute Install Action 'New:krl.Copy(KRC:\R1\TP\ArcTechBasic\ArcGeneral.dat), 6500, 0'.
24/03/2022 16:23:01.66 [Information] Install Action 'New:krl.Copy(KRC:\R1\TP\ArcTechBasic\ArcGeneral.dat), 6500, 0' is installed with its 0 children.
24/03/2022 16:23:01.70 [Information] Successful execute Install Action 'New:krl.COPY; /Sequence=6500(KRC:\R1\TP\Signals.dat), 6500, 0'.
24/03/2022 16:23:01.70 [Information] Install Action 'New:krl.COPY; /Sequence=6500(KRC:\R1\TP\Signals.dat), 6500, 0' is installed with its 0 children.
24/03/2022 16:23:01.74 [Information] Successful execute Install Action 'New:krl.Copy(KRC:\R1\TP\ArcTechBasic\ArcMsgProxy.src), 7000, 0'.
24/03/2022 16:23:01.74 [Information] Install Action 'New:krl.Copy(KRC:\R1\TP\ArcTechBasic\ArcMsgProxy.src), 7000, 0' is installed with its 0 children.
24/03/2022 16:23:01.82 [Information] Successful execute Install Action 'New:krl.Copy(KRC:\R1\TP\ArcTechBasic\ArcErrorHandler.src), 7000, 0'.
24/03/2022 16:23:01.82 [Information] Install Action 'New:krl.Copy(KRC:\R1\TP\ArcTechBasic\ArcErrorHandler.src), 7000, 0' is installed with its 0 children.
24/03/2022 16:23:01.97 [Information] Successful execute Install Action 'New:krl.Copy(KRC:\R1\Program\tst.src), 7000, 0'.
24/03/2022 16:23:01.97 [Information] Install Action 'New:krl.Copy(KRC:\R1\Program\tst.src), 7000, 0' is installed with its 0 children.
24/03/2022 16:23:02.04 [Information] Successful execute Install Action 'New:krl.Copy(KRC:\R1\TP\ArcTechBasic\ArcStateHandler.src), 7000, 0'.
24/03/2022 16:23:02.04 [Information] Install Action 'New:krl.Copy(KRC:\R1\TP\ArcTechBasic\ArcStateHandler.src), 7000, 0' is installed with its 0 children.
24/03/2022 16:23:02.06 [Information] *** Installation of "default (1) V1.0.0.0" successful!
24/03/2022 16:23:02.24 [Information] Set current project: default (1) V1.0.0.0
24/03/2022 16:23:02.28 [Information] *** End installation of "default (1) V1.0.0.0".
24/03/2022 16:23:02.33 [Information] Committed: Installed.
24/03/2022 16:23:02.38 [Information] Successfully execute post action 'Global.AnalyseAll(), 1000, 0'.
24/03/2022 16:23:02.39 [Information] Successfully execute post action 'Global.Reconfiguration(), 99900, 0'.
24/03/2022 16:23:02.39 [Information] *** Post processing successful.
24/03/2022 16:23:03.49 [Information] Committed: Completed.
24/03/2022 16:23:03.53 [Information] #----------------o0o---------------#
