20/04/2022 13:42:40.60 [Information] -------------------------------
20/04/2022 13:42:40.60 [Information] *** Begin Prepare ''!
20/04/2022 13:42:40.60 [Information] *** Begin prepare project '427630 V1.5.0.0'!
20/04/2022 13:42:48.68 [Information] *** Start preparation of '427630' path ''
20/04/2022 13:42:57.70 [Information] Prepare Installation of project "427630 V1.5.0.0".
20/04/2022 13:42:57.73 [Information] Current project was "427630 V1.4.0".
20/04/2022 13:42:58.46 [Information] °°° Begin adding actions for project '427630 V1.5.0.0'!
20/04/2022 13:42:58.55 [Warning] Element Type changed for {ExternalFileManifest Safety:Copy(Config:\User\Common\SCTLCRC.XML) - Automatic} -> config
20/04/2022 13:42:58.55 [Warning] Element Type changed for {ExternalFileManifest Safety:Copy(Config:\User\Common\MotionDrivers\motiondrv.ini) - Automatic, SavedExternal} -> config
20/04/2022 13:42:58.55 [Warning] Element Type changed for {ExternalFileManifest File:Copy(KRC:\R1\Mada\machine.upg) - SavedExternal} -> krl
20/04/2022 13:42:58.55 [Warning] Element Type changed for {ExternalFileManifest File:Copy(KRC:\R1\Mada\robcor.upg) - SavedExternal} -> krl
20/04/2022 13:42:58.55 [Warning] Element Type changed for {ExternalFileManifest File:Copy(KRC:\STEU\Mada\custom.upg) - SavedExternal} -> krl
20/04/2022 13:42:58.55 [Warning] Element Type changed for {ExternalFileManifest File:Copy(KRC:\STEU\Mada\machine.upg) - SavedExternal} -> krl
20/04/2022 13:42:58.55 [Warning] Element Type changed for {ExternalFileManifest File:Copy(KRC:\STEU\Mada\option.upg) - SavedExternal} -> krl
20/04/2022 13:42:58.55 [Warning] Element Type changed for {ExternalFileManifest Config:Copy(Config:\User\Common\SafetyConfigData.xml) - SavedExternal} -> safety
20/04/2022 13:42:58.55 [Warning] Element Type changed for {ExternalFileManifest Config:Copy(Config:\User\Common\SCtlPara.sg) - SavedExternal} -> safety
20/04/2022 13:42:58.56 [Information] SafetyHandler ignores element: '{ExternalFileManifest safety:Copy(Config:\User\Common\SafetyConfigData.xml) - SavedExternal}'
20/04/2022 13:42:58.56 [Information] SafetyHandler ignores element: '{ExternalFileManifest safety:Copy(Config:\User\Common\SCtlPara.sg) - SavedExternal}'
20/04/2022 13:42:58.56 [Information] SafetyHandler ignores element: '{ExternalFileManifest safety:Copy(Config:\User\Common\HNFINFO.SAF) - SavedExternal}'
20/04/2022 13:42:59.22 [Information] ° Reboot requested before activation = False
20/04/2022 13:42:59.22 [Information] °°° Begin initialize actions for project '427630 V1.5.0.0'!
20/04/2022 13:42:59.24 [Information] [Copy]	Action ignore: 'New:file.Copy(C:\KRC\User\Settings.xml), 1500, 0'. MD5 check is identical!
20/04/2022 13:42:59.24 [Information] [Copy]	Action ignore: 'New:file.Copy(C:\KRC\User\SmartHMI.User.config), 1500, 0'. MD5 check is identical!
20/04/2022 13:42:59.25 [Information] [Copy]	Action ignore: 'New:file.Copy(C:\KRC\User\Cross3.User.config), 1500, 0'. MD5 check is identical!
20/04/2022 13:42:59.25 [Information] [Copy]	Action ignore: 'New:file.Copy(C:\KRC\User\SchedulerAction.BackupAction.config), 1500, 0'. MD5 check is identical!
20/04/2022 13:42:59.26 [Information] [Copy]	Action ignore: 'New:file.Copy(C:\KRC\User\MaintenanceHandBook.User.config), 1500, 0'. MD5 check is identical!
20/04/2022 13:42:59.26 [Information] [Copy]	Action ignore: 'New:file.Copy(C:\KRC\User\PMService.user.config), 1500, 0'. MD5 check is identical!
20/04/2022 13:42:59.26 [Information] [Copy]	Action ignore: 'New:file.Copy(C:\KRC\User\ProjectExternalFileList.xml), 1500, 0'. MD5 check is identical!
20/04/2022 13:42:59.27 [Information] [Copy]	Action ignore: 'New:file.Copy(C:\KRC\User\WorkVisualServiceHost.User.config), 1500, 0'. MD5 check is identical!
20/04/2022 13:42:59.27 [Information] [Copy]	Action ignore: 'New:file.Copy(C:\KRC\User\BackupManager.User.config), 1500, 0'. MD5 check is identical!
20/04/2022 13:42:59.27 [Information] [Copy]	Action ignore: 'New:file.Copy(C:\KRC\User\KLMDigitalIO.WriteProtectedOutputs.cfg), 1500, 0'. MD5 check is identical!
20/04/2022 13:42:59.28 [Information] [Copy]	Action ignore: 'New:file.Copy(C:\KRC\User\Measurement.Points.cfg), 1500, 0'. MD5 check is identical!
20/04/2022 13:42:59.28 [Information] [Copy]	Action ignore: 'New:file.Copy(C:\KRC\User\Data\UserAdvMonitoring.kxr), 1500, 0'. MD5 check is identical!
20/04/2022 13:42:59.29 [Information] [Copy]	Action ignore: 'New:file.Copy(C:\KRC\User\SetupWizardStates.xml), 1500, 0'. MD5 check is identical!
20/04/2022 13:42:59.29 [Information] [Copy]	Action ignore: 'New:file.Copy(C:\KRC\User\InstallTech.cfg), 1500, 0'. MD5 check is identical!
20/04/2022 13:42:59.30 [Information] [Copy]	Action ignore: 'New:file.Copy(C:\KRC\User\AdvMonitoring\AdvMonitoringConfig.xml), 1500, 0'. MD5 check is identical!
20/04/2022 13:42:59.30 [Information] [Copy]	Action ignore: 'New:file.Copy(C:\KRC\User\ConfigMon.ini), 1500, 0'. MD5 check is identical!
20/04/2022 13:42:59.30 [Information] [Copy]	Action ignore: 'New:file.Copy(C:\KRC\User\WaitForUserList.xml), 1500, 0'. MD5 check is identical!
20/04/2022 13:42:59.31 [Information] [Copy]	Action ignore: 'New:file.Copy(C:\KRC\User\KukaPMService.User.config), 1500, 0'. MD5 check is identical!
20/04/2022 13:42:59.31 [Information] [Copy]	Action ignore: 'New:file.Copy(C:\KRC\User\InitialProjectSetup.User.config), 1500, 0'. MD5 check is identical!
20/04/2022 13:42:59.31 [Information] [Copy]	Action ignore: 'New:config.Copy(Config:\User\Common\Mada\NextGenDriveTech.xml), 2000, 0'. MD5 check is identical!
20/04/2022 13:42:59.32 [Information] [Copy]	Action ignore: 'New:config.Copy(Config:\User\Common\Supply\KPP_400V_10.xml), 2000, 0'. MD5 check is identical!
20/04/2022 13:42:59.32 [Information] [Copy]	Action ignore: 'New:config.Copy(Config:\User\Common\Servofile\S_KPP_400V_10.xml), 2000, 0'. MD5 check is identical!
20/04/2022 13:42:59.33 [Information] [Copy]	Action ignore: 'New:config.Copy(Config:\User\Common\Mada\CFCore.xml), 2000, 0'. MD5 check is identical!
20/04/2022 13:42:59.33 [Information] [Copy]	Action ignore: 'New:config.Copy(Config:\User\Common\Servofile\S_KPP_sr400-244V_15.xml), 2000, 0'. MD5 check is identical!
20/04/2022 13:42:59.34 [Information] [Copy]	Action ignore: 'New:config.Copy(Config:\User\Common\Supply\KPP_sr400-244V_15.xml), 2000, 0'. MD5 check is identical!
20/04/2022 13:42:59.34 [Information] [Copy]	Action ignore: 'New:config.Copy(Config:\User\Common\Mada\EAWaggonDriverConfig.xml), 2000, 0'. MD5 check is identical!
20/04/2022 13:42:59.35 [Information] [Copy]	Action ignore: 'New:config.Copy(Config:\User\Common\Mada\LDP.xml), 2000, 0'. MD5 check is identical!
20/04/2022 13:42:59.35 [Information] [Copy]	Action ignore: 'New:config.Copy(Config:\User\Common\CabCtrl.xml), 2000, 0'. MD5 check is identical!
20/04/2022 13:42:59.35 [Information] [Copy]	Action ignore: 'New:config.Copy(Config:\User\Common\Mada\MMAxisAdapter.xml), 2000, 0'. MD5 check is identical!
20/04/2022 13:42:59.35 [Information] [Copy]	Action ignore: 'New:config.Copy(Config:\User\Common\Mada\CFCoreWaggonDriverConfig.xml), 2000, 0'. MD5 check is identical!
20/04/2022 13:42:59.36 [Information] [Copy]	Action ignore: 'New:config.Copy(Config:\User\Cabinet\NGSharedO.xml), 2000, 0'. MD5 check is identical!
20/04/2022 13:42:59.36 [Information] [Copy]	Action ignore: 'New:config.Copy(Config:\User\Common\Mada\MotionDrivers\mdrBrakeTest.ini), 2000, 0'. MD5 check is identical!
20/04/2022 13:42:59.36 [Information] [copy]	Action ignore: 'New:config.copy(Config:\User\Common\SysBusDriver.xml), 2000, 0'. MD5 check is identical!
20/04/2022 13:42:59.37 [Information] [copy]	Action ignore: 'New:config.copy(Config:\User\Common\Modules_SysBusDriver.xml), 2000, 0'. MD5 check is identical!
20/04/2022 13:42:59.37 [Information] [copy]	Action ignore: 'New:config.copy(Config:\User\Common\KNet.xml), 2000, 0'. MD5 check is identical!
20/04/2022 13:42:59.38 [Information] [copy]	Action ignore: 'New:config.copy(Config:\User\Common\TimeSyncBase.xml), 2000, 0'. MD5 check is identical!
20/04/2022 13:42:59.38 [Information] [copy]	Action ignore: 'New:config.copy(Config:\User\Common\TimeSync.xml), 2000, 0'. MD5 check is identical!
20/04/2022 13:42:59.39 [Information] [copy]	Action ignore: 'New:config.copy(Config:\User\Common\Modules_TimeSync.xml), 2000, 0'. MD5 check is identical!
20/04/2022 13:42:59.39 [Information] [Copy]	Action ignore: 'New:config.Copy(Config:\User\Common\Mada\MotionDrivers\motiondrv.ini), 2000, 0'. MD5 check is identical!
20/04/2022 13:42:59.39 [Information] [Copy]	Action ignore: 'New:config.Copy(Config:\User\Common\Mada\MotionDrivers\MdlCtlDataDrv.ini), 2000, 0'. MD5 check is identical!
20/04/2022 13:42:59.40 [Information] [Copy]	Action ignore: 'New:config.Copy(Config:\User\Common\SCTLCRC.XML), 2000, 0'. MD5 check is identical!
20/04/2022 13:42:59.40 [Information] [copy]	Action ignore: 'New:config.copy(Config:\User\Common\connectionchain.xml), 2000, 0'. MD5 check is identical!
20/04/2022 13:42:59.40 [Information] [Copy]	Action ignore: 'New:config.Copy(Config:\User\Common\PersistPC\NGDecouple.xml), 2000, 0'. MD5 check is identical!
20/04/2022 13:42:59.43 [Information] [Copy]	Action ignore: 'New:config.Copy(Config:\User\Common\Mada\CtrlGainTab.bin), 2000, 0'. MD5 check is identical!
20/04/2022 13:42:59.44 [Information] [Copy]	Action ignore: 'New:config.Copy(Config:\User\Common\Mada\NGAxis\E3.xml), 2000, 0'. MD5 check is identical!
20/04/2022 13:42:59.44 [Information] [Copy]	Action ignore: 'New:config.Copy(Config:\User\Common\Mada\NGAxis\A4.xml), 2000, 0'. MD5 check is identical!
20/04/2022 13:42:59.44 [Information] [Copy]	Action ignore: 'New:config.Copy(Config:\User\Common\Mada\NGAxis\CtrlA4AddFct.xml), 2000, 0'. MD5 check is identical!
20/04/2022 13:42:59.45 [Information] [Copy]	Action ignore: 'New:config.Copy(Config:\User\Common\Mada\NGAxis\CtrlA4.xml), 2000, 0'. MD5 check is identical!
20/04/2022 13:42:59.45 [Information] [Copy]	Action ignore: 'New:config.Copy(Config:\User\Common\Mada\NGAxis\A5.xml), 2000, 0'. MD5 check is identical!
20/04/2022 13:42:59.46 [Information] [Copy]	Action ignore: 'New:config.Copy(Config:\User\Common\Mada\NGAxis\CtrlA5AddFct.xml), 2000, 0'. MD5 check is identical!
20/04/2022 13:42:59.46 [Information] [Copy]	Action ignore: 'New:config.Copy(Config:\User\Common\Mada\NGAxis\CtrlA5.xml), 2000, 0'. MD5 check is identical!
20/04/2022 13:42:59.46 [Information] [Copy]	Action ignore: 'New:config.Copy(Config:\User\Common\Mada\NGAxis\CtrlA3AddFct.xml), 2000, 0'. MD5 check is identical!
20/04/2022 13:42:59.56 [Information] [Copy]	Action ignore: 'New:config.Copy(Config:\User\Common\Mada\NGAxis\CtrlA3.xml), 2000, 0'. MD5 check is identical!
20/04/2022 13:42:59.57 [Information] [Copy]	Action ignore: 'New:config.Copy(Config:\User\Common\ServoFile\S_LGen2_KSPsr10_244V_SSRklein_V1.xml), 2000, 0'. MD5 check is identical!
20/04/2022 13:42:59.57 [Information] [Copy]	Action ignore: 'New:config.Copy(Config:\User\Common\ServoFile\S_SSR5-AKM22-11_KSPsr5_244V_V1.xml), 2000, 0'. MD5 check is identical!
20/04/2022 13:42:59.57 [Information] [Copy]	Action ignore: 'New:config.Copy(Config:\User\Common\Motor\M_SSR5-AKM22-11_KSPsr5_244V_V1.xml), 2000, 0'. MD5 check is identical!
20/04/2022 13:42:59.58 [Information] [Copy]	Action ignore: 'New:config.Copy(Config:\User\Common\Mada\NGAxis\A3.xml), 2000, 0'. MD5 check is identical!
20/04/2022 13:42:59.58 [Information] [Copy]	Action ignore: 'New:config.Copy(Config:\User\Common\Mada\NGAxis\CtrlA6.xml), 2000, 0'. MD5 check is identical!
20/04/2022 13:42:59.69 [Information] [Copy]	Action ignore: 'New:config.Copy(Config:\User\Common\Mada\NGAxis\CtrlE2AddFct.xml), 2000, 0'. MD5 check is identical!
20/04/2022 13:42:59.80 [Information] [Copy]	Action ignore: 'New:config.Copy(Config:\User\Common\Mada\NGAxis\CtrlE2.xml), 2000, 0'. MD5 check is identical!
20/04/2022 13:42:59.80 [Information] [Copy]	Action ignore: 'New:config.Copy(Config:\User\Common\Mada\NGAxis\E1.xml), 2000, 0'. MD5 check is identical!
20/04/2022 13:42:59.80 [Information] [Copy]	Action ignore: 'New:config.Copy(Config:\User\Common\Mada\NGAxis\CtrlE3AddFct.xml), 2000, 0'. MD5 check is identical!
20/04/2022 13:42:59.81 [Information] [Copy]	Action ignore: 'New:config.Copy(Config:\User\Common\Mada\NGAxis\CtrlE3.xml), 2000, 0'. MD5 check is identical!
20/04/2022 13:42:59.81 [Information] [Copy]	Action ignore: 'New:config.Copy(Config:\User\Common\Mada\NGAxis\E2.xml), 2000, 0'. MD5 check is identical!
20/04/2022 13:42:59.81 [Information] [Copy]	Action ignore: 'New:config.Copy(Config:\User\Common\Motor\M_G1_KSP40_400V_V1.xml), 2000, 0'. MD5 check is identical!
20/04/2022 13:42:59.82 [Information] [Copy]	Action ignore: 'New:config.Copy(Config:\User\Common\Mada\NGAxis\A6.xml), 2000, 0'. MD5 check is identical!
20/04/2022 13:42:59.82 [Information] [Copy]	Action ignore: 'New:config.Copy(Config:\User\Common\Mada\NGAxis\CtrlA6AddFct.xml), 2000, 0'. MD5 check is identical!
20/04/2022 13:42:59.83 [Information] [Copy]	Action ignore: 'New:config.Copy(Config:\User\Common\Mada\NGAxis\CtrlE1AddFct.xml), 2000, 0'. MD5 check is identical!
20/04/2022 13:42:59.83 [Information] [Copy]	Action ignore: 'New:config.Copy(Config:\User\Common\Mada\NGAxis\CtrlE1.xml), 2000, 0'. MD5 check is identical!
20/04/2022 13:42:59.94 [Information] [Copy]	Action ignore: 'New:config.Copy(Config:\User\Common\ServoFile\S_G1_KSP40_400V_V1.xml), 2000, 0'. MD5 check is identical!
20/04/2022 13:43:00.05 [Information] [Copy]	Action ignore: 'New:config.Copy(Config:\User\Common\MotionDrivers\motiondrv.ini), 2000, 0'. MD5 check is identical!
20/04/2022 13:43:00.05 [Information] [Copy]	Action ignore: 'New:config.Copy(Config:\User\Common\MotionDrivers\mdrConveyor.ini), 2000, 0'. MD5 check is identical!
20/04/2022 13:43:00.05 [Information] [Copy]	Action ignore: 'New:config.Copy(Config:\User\Common\MotionDrivers\mdrBrakeTest.ini), 2000, 0'. MD5 check is identical!
20/04/2022 13:43:00.06 [Information] [Copy]	Action ignore: 'New:config.Copy(Config:\User\Common\MotionDrivers\loadDataDevice.ini), 2000, 0'. MD5 check is identical!
20/04/2022 13:43:00.06 [Information] [Copy]	Action ignore: 'New:config.Copy(Config:\User\Common\MotionDrivers\mdrSignalMonitor.ini), 2000, 0'. MD5 check is identical!
20/04/2022 13:43:00.06 [Information] [Copy]	Action ignore: 'New:config.Copy(Config:\User\Common\MotionDrivers\mdrJointOffset.ini), 2000, 0'. MD5 check is identical!
20/04/2022 13:43:00.07 [Information] [Copy]	Action ignore: 'New:config.Copy(Config:\User\Common\MotionDrivers\mdrEmily.ini), 2000, 0'. MD5 check is identical!
20/04/2022 13:43:00.07 [Information] [Copy]	Action ignore: 'New:config.Copy(Config:\User\Common\Mada\SimuAxis\A3.xml), 2000, 0'. MD5 check is identical!
20/04/2022 13:43:00.07 [Information] [Copy]	Action ignore: 'New:config.Copy(Config:\User\Common\Mada\SimuAxis\A2.xml), 2000, 0'. MD5 check is identical!
20/04/2022 13:43:00.08 [Information] [Copy]	Action ignore: 'New:config.Copy(Config:\User\Common\Mada\SimuAxis\A1.xml), 2000, 0'. MD5 check is identical!
20/04/2022 13:43:00.19 [Information] [Copy]	Action ignore: 'New:config.Copy(Config:\User\Common\Mada\SimuAxis\A6.xml), 2000, 0'. MD5 check is identical!
20/04/2022 13:43:00.29 [Information] [Copy]	Action ignore: 'New:config.Copy(Config:\User\Common\Mada\SimuAxis\A5.xml), 2000, 0'. MD5 check is identical!
20/04/2022 13:43:00.29 [Information] [Copy]	Action ignore: 'New:config.Copy(Config:\User\Common\Mada\SimuAxis\A4.xml), 2000, 0'. MD5 check is identical!
20/04/2022 13:43:00.30 [Information] [Copy]	Action ignore: 'New:config.Copy(Config:\User\Common\MotionDrivers\mdrStandStill.ini), 2000, 0'. MD5 check is identical!
20/04/2022 13:43:00.30 [Information] [Copy]	Action ignore: 'New:config.Copy(Config:\User\Common\PNIOIM4Data.dat), 2000, 0'. MD5 check is identical!
20/04/2022 13:43:00.30 [Information] [Copy]	Action ignore: 'New:config.Copy(Config:\User\KrlModSize.bin), 2000, 0'. MD5 check is identical!
20/04/2022 13:43:00.31 [Information] [Copy]	Action ignore: 'New:config.Copy(Config:\User\Office\PersistRDC\Readme.txt), 2000, 0'. MD5 check is identical!
20/04/2022 13:43:00.31 [Information] [Copy]	Action ignore: 'New:config.Copy(Config:\User\Common\Modules_ARCLINKXT.xml), 2000, 0'. MD5 check is identical!
20/04/2022 13:43:00.31 [Information] [Copy]	Action ignore: 'New:config.Copy(Config:\User\Common\Logging_ArcLink.xml), 2000, 0'. MD5 check is identical!
20/04/2022 13:43:00.32 [Information] [Copy]	Action ignore: 'New:config.Copy(Config:\User\Common\PersistPC\KrcRrtLog.xml), 2000, 0'. MD5 check is identical!
20/04/2022 13:43:00.32 [Information] [Copy]	Action ignore: 'New:config.Copy(Config:\User\Common\PersistPC\SimuMastering.xml), 2000, 0'. MD5 check is identical!
20/04/2022 13:43:00.32 [Information] [Copy]	Action ignore: 'New:config.Copy(Config:\User\Common\PersistPC\EncoderMastering.xml), 2000, 0'. MD5 check is identical!
20/04/2022 13:43:00.33 [Information] [Copy]	Action ignore: 'New:config.Copy(Config:\User\Common\MotionDrivers\mdrVwAscii.ini), 2000, 0'. MD5 check is identical!
20/04/2022 13:43:00.54 [Information] [Copy]	Action ignore: 'New:config.Copy(Config:\User\Office\PersistPDS\Readme.txt), 2000, 0'. MD5 check is identical!
20/04/2022 13:43:00.54 [Information] [Copy]	Action ignore: 'New:config.Copy(Config:\User\Office\PersistCIB\Readme.txt), 2000, 0'. MD5 check is identical!
20/04/2022 13:43:00.54 [Information] [Copy]	Action ignore: 'New:config.Copy(Config:\User\Common\VxWin\knet.config), 2000, 0'. MD5 check is identical!
20/04/2022 13:43:00.55 [Information] [Copy]	Action ignore: 'New:config.Copy(Config:\User\Common\Mada\SimuAxesKrc.xml), 2000, 0'. MD5 check is identical!
20/04/2022 13:43:00.55 [Information] [Copy]	Action ignore: 'New:config.Copy(Config:\User\Common\KrcConfig.xml), 2000, 0'. MD5 check is identical!
20/04/2022 13:43:00.55 [Information] [Copy]	Action ignore: 'New:config.Copy(Config:\User\Common\KONIConfig.xml), 2000, 0'. MD5 check is identical!
20/04/2022 13:43:00.56 [Information] [Copy]	Action ignore: 'New:config.Copy(Config:\User\Common\KLIConfig.xml), 2000, 0'. MD5 check is identical!
20/04/2022 13:43:00.56 [Information] [Copy]	Action ignore: 'New:config.Copy(Config:\User\Common\Logging_BrakeTest.xml), 2000, 0'. MD5 check is identical!
20/04/2022 13:43:00.56 [Information] [Copy]	Action ignore: 'New:config.Copy(Config:\User\Common\KrcExtConfMsg.xml), 2000, 0'. MD5 check is identical!
20/04/2022 13:43:00.57 [Information] [Copy]	Action ignore: 'New:config.Copy(Config:\User\Common\KrcDryRun.xml), 2000, 0'. MD5 check is identical!
20/04/2022 13:43:00.68 [Information] [Copy]	Action ignore: 'New:config.Copy(Config:\User\Common\ecat_DNM_Gateway.xml), 2000, 0'. MD5 check is identical!
20/04/2022 13:43:00.78 [Information] [Copy]	Action ignore: 'New:config.Copy(Config:\User\Common\DevIODriver.xml), 2000, 0'. MD5 check is identical!
20/04/2022 13:43:00.99 [Information] [Copy]	Action ignore: 'New:config.Copy(Config:\User\Common\AsyncDataToKrl.xml), 2000, 0'. MD5 check is identical!
20/04/2022 13:43:00.99 [Information] [Copy]	Action ignore: 'New:config.Copy(Config:\User\Common\FpExceptions.xml), 2000, 0'. MD5 check is identical!
20/04/2022 13:43:01.00 [Information] [Copy]	Action ignore: 'New:config.Copy(Config:\User\Common\ECAT_SYS_X44.xml), 2000, 0'. MD5 check is identical!
20/04/2022 13:43:01.00 [Information] [Copy]	Action ignore: 'New:config.Copy(Config:\User\Common\ecat_PBM_Gateway.xml), 2000, 0'. MD5 check is identical!
20/04/2022 13:43:01.00 [Information] [Copy]	Action ignore: 'New:config.Copy(Config:\User\Common\Logging_RoboTeam.xml), 2000, 0'. MD5 check is identical!
20/04/2022 13:43:01.01 [Information] [Copy]	Action ignore: 'New:config.Copy(Config:\User\Common\ProConOS_IO.xml), 2000, 0'. MD5 check is identical!
20/04/2022 13:43:01.01 [Information] [Copy]	Action ignore: 'New:config.Copy(Config:\User\Common\ProConOS.xml), 2000, 0'. MD5 check is identical!
20/04/2022 13:43:01.01 [Information] [Copy]	Action ignore: 'New:config.Copy(Config:\User\Common\NGMada.xml), 2000, 0'. MD5 check is identical!
20/04/2022 13:43:01.02 [Information] [Copy]	Action ignore: 'New:config.Copy(Config:\User\Common\Mada\SimuAxes.xml), 2000, 0'. MD5 check is identical!
20/04/2022 13:43:01.02 [Information] [Copy]	Action ignore: 'New:config.Copy(Config:\User\Common\Mada\Properties.xml), 2000, 0'. MD5 check is identical!
20/04/2022 13:43:01.02 [Information] [Copy]	Action ignore: 'New:config.Copy(Config:\User\Common\ProConOS_PDD.xml), 2000, 0'. MD5 check is identical!
20/04/2022 13:43:01.13 [Information] [Copy]	Action ignore: 'New:config.Copy(Config:\User\Common\Logging_VwAscii.xml), 2000, 0'. MD5 check is identical!
20/04/2022 13:43:01.23 [Information] [Copy]	Action ignore: 'New:config.Copy(Config:\User\Common\Logging_System.xml), 2000, 0'. MD5 check is identical!
20/04/2022 13:43:01.24 [Information] [Copy]	Action ignore: 'New:config.Copy(Config:\User\Common\Logging_SpotControl.xml), 2000, 0'. MD5 check is identical!
20/04/2022 13:43:01.24 [Information] [Copy]	Action ignore: 'New:config.Copy(Config:\User\Common\Modules_VRC.xml), 2000, 0'. MD5 check is identical!
20/04/2022 13:43:01.24 [Information] [Copy]	Action ignore: 'New:config.Copy(Config:\User\Common\Modules_ProConOS.xml), 2000, 0'. MD5 check is identical!
20/04/2022 13:43:01.25 [Information] [Copy]	Action ignore: 'New:config.Copy(Config:\User\Common\Modules_DevIO.xml), 2000, 0'. MD5 check is identical!
20/04/2022 13:43:01.25 [Information] [Copy]	Action ignore: 'New:config.Copy(Config:\User\Common\TransferApp_IO.xml), 2000, 0'. MD5 check is identical!
20/04/2022 13:43:01.25 [Information] [Copy]	Action ignore: 'New:config.Copy(Config:\User\Common\KrcIoSignals.xml), 2000, 0'. MD5 check is identical!
20/04/2022 13:43:01.37 [Information] [Copy]	Action ignore: 'New:config.Copy(Config:\User\Common\ecatms_config.xml), 2000, 0'. MD5 check is identical!
20/04/2022 13:43:01.48 [Information] [Copy]	Action ignore: 'New:config.Copy(Config:\User\Common\ecatms_sys_X44_usr_config.xml), 2000, 0'. MD5 check is identical!
20/04/2022 13:43:01.48 [Information] [Copy]	Action ignore: 'New:config.Copy(Config:\User\Common\ecatms_sys_X48_config.xml), 2000, 0'. MD5 check is identical!
20/04/2022 13:43:01.49 [Warning] Ignore SafetyConfigParamAction: Copy "C:\KRC\ROBOTER\Config\User\Common\SCTLPARA.SAF". Param header and content check states identical data!
20/04/2022 13:43:02.07 [Information] SafetyNetworkInstallAction 'New:safety.Copy(Config:\User\Common\SAFEDEV.SAF), 2000, 0': Checksum is identical.
20/04/2022 13:43:02.08 [Warning] Ignore SafetyNetworkInstallAction: Copy "C:\KRC\ROBOTER\Config\User\Common\SAFEDEV.SAF". Header and content check states identical data!
20/04/2022 13:43:02.09 [Warning] Ignore SafetyConfigParamAction: Copy "C:\KRC\ROBOTER\Config\User\Common\SCTLPARA.SAF". Param header and content check states identical data!
20/04/2022 13:43:02.09 [Information] SafetyParamInfoAction 'New:safety.Copy(Config:\User\Common\SCTLINFO.SAF), 2000, 0': Ignored since safety parameter file is ignored too.
20/04/2022 13:43:02.09 [Information] [Copy]	Action ignore: 'New:config.Copy(Config:\User\Common\KRC_IO.xml), 2000, 0'. MD5 check is identical!
20/04/2022 13:43:02.09 [Warning] Ignore UserPdiInstallAction: Copy "C:\KRC\ROBOTER\Config\User\Common\USERPDI.SAF". Header and content check states identical data!
20/04/2022 13:43:02.10 [Information] [Copy]	Action ignore: 'New:config.Copy(Config:\User\Common\ecatms_sys_X44_swap.xml), 2000, 0'. MD5 check is identical!
20/04/2022 13:43:02.10 [Information] [Copy]	Action ignore: 'New:config.Copy(Config:\User\Common\Mada\NGAxis\CtrlA2.xml), 2000, 0'. MD5 check is identical!
20/04/2022 13:43:02.10 [Information] [Copy]	Action ignore: 'New:config.Copy(Config:\User\Common\Mada\NGAxis\A1.xml), 2000, 0'. MD5 check is identical!
20/04/2022 13:43:02.11 [Information] [Copy]	Action ignore: 'New:config.Copy(Config:\User\Common\Mada\NGAxis\CtrlA2AddFct.xml), 2000, 0'. MD5 check is identical!
20/04/2022 13:43:02.11 [Information] [Copy]	Action ignore: 'New:config.Copy(Config:\User\Common\Motor\M_LGen2_KSPsr10_244V_SSRklein_V1.xml), 2000, 0'. MD5 check is identical!
20/04/2022 13:43:02.11 [Information] [Copy]	Action ignore: 'New:config.Copy(Config:\User\Common\Mada\NGAxis\A2.xml), 2000, 0'. MD5 check is identical!
20/04/2022 13:43:02.12 [Information] [Copy]	Action ignore: 'New:config.Copy(Config:\User\Common\ServoFile\S_D0Gen2C_KSPsr12_244V_SSRklein_V1.xml), 2000, 0'. MD5 check is identical!
20/04/2022 13:43:02.12 [Information] [Copy]	Action ignore: 'New:config.Copy(Config:\User\Common\Motor\M_D0Gen2C_KSPsr12_244V_SSRklein_V1.xml), 2000, 0'. MD5 check is identical!
20/04/2022 13:43:02.13 [Information] [Copy]	Action ignore: 'New:config.Copy(Config:\User\Common\Mada\KRCAxes.xml), 2000, 0'. MD5 check is identical!
20/04/2022 13:43:02.13 [Information] [Copy]	Action ignore: 'New:config.Copy(Config:\User\Common\Mada\NGAxis\CtrlA1.xml), 2000, 0'. MD5 check is identical!
20/04/2022 13:43:02.13 [Information] [Copy]	Action ignore: 'New:config.Copy(Config:\User\Common\Mada\NGAxis\CtrlA1AddFct.xml), 2000, 0'. MD5 check is identical!
20/04/2022 13:43:02.14 [Information] [Copy]	Action ignore: 'New:mada.Copy(KRC:\Steu\Mada\$option.dat), 4000, 0'. MD5 check is identical!
20/04/2022 13:43:02.15 [Information] KrcCopyAction 'New:mada.Copy(KRC:\R1\Mada\$machine.dat), 4000, 0': Requests stopping the program.
20/04/2022 13:43:02.16 [Information] [Copy]	Action ignore: 'New:mada.Copy(KRC:\STEU\Mada\$machine.dat), 4000, 0'. MD5 check is identical!
20/04/2022 13:43:02.16 [Information] [Copy]	Action ignore: 'New:mada.Copy(KRC:\STEU\$config.dat), 4000, 0'. MD5 check is identical!
20/04/2022 13:43:02.17 [Information] KrcCopyAction 'New:mada.Copy(KRC:\R1\Mada\$robcor.dat), 4000, 0': Requests stopping the program.
20/04/2022 13:43:02.17 [Information] KrcCopyAction 'New:mada.Copy(KRC:\R1\System\$config.dat), 4000, 0': Requests stopping the program.
20/04/2022 13:43:02.18 [Information] KrcCopyAction 'New:mada.Copy(KRC:\Steu\Mada\$custom.dat), 4000, 0': Requests stopping the program.
20/04/2022 13:43:02.18 [Information] [Copy]	Action ignore: 'New:krl.Copy(KRC:\R1\Program\tst.dat), 6500, 0'. MD5 check is identical!
20/04/2022 13:43:02.19 [Information] [COPY; /Sequence=6500]	Action ignore: 'New:krl.COPY; /Sequence=6500(KRC:\R1\TP\ArcTechBasic\ArcAuxiliary.dat), 6500, 0'. MD5 check is identical!
20/04/2022 13:43:02.19 [Information] [Copy]	Action ignore: 'New:krl.Copy(KRC:\R1\TP\ArcTechBasic\ArcSense.dat), 6500, 0'. MD5 check is identical!
20/04/2022 13:43:02.20 [Information] [Copy]	Action ignore: 'New:krl.Copy(KRC:\R1\TP\ArcTechBasic\ArcTechMonitoring\UserArcTechMonitoring.dat), 6500, 0'. MD5 check is identical!
20/04/2022 13:43:02.20 [Information] [Copy]	Action ignore: 'New:krl.Copy(KRC:\R1\Program\tm_useraction.dat), 6500, 0'. MD5 check is identical!
20/04/2022 13:43:02.20 [Information] [Copy]	Action ignore: 'New:krl.Copy(KRC:\R1\Program\masref_user.dat), 6500, 0'. MD5 check is identical!
20/04/2022 13:43:02.21 [Information] KrcCopyAction 'New:krl.COPY; /Sequence=6500(KRC:\R1\TP\ArcTechBasic\ArcGeneral.dat), 6500, 0': Requests stopping the program.
20/04/2022 13:43:02.21 [Information] [Copy]	Action ignore: 'New:krl.Copy(KRC:\R1\TP\ArcTechBasic\ArcAuxiliaryWork.dat), 6500, 0'. MD5 check is identical!
20/04/2022 13:43:02.21 [Information] KrcCopyAction 'New:krl.Copy(KRC:\R1\TP\ArcTechBasic\ArcErrorHandler.dat), 6500, 0': Requests stopping the program.
20/04/2022 13:43:02.22 [Information] [Copy]	Action ignore: 'New:krl.Copy(KRC:\R1\TP\BrakeTest\BrakeTestPark.dat), 6500, 0'. MD5 check is identical!
20/04/2022 13:43:02.22 [Information] [Copy]	Action ignore: 'New:krl.Copy(KRC:\R1\TP\BrakeTest\BrakeTestReq.dat), 6500, 0'. MD5 check is identical!
20/04/2022 13:43:02.23 [Information] [Copy]	Action ignore: 'New:krl.Copy(KRC:\R1\TP\BrakeTest\BrakeTestBack.dat), 6500, 0'. MD5 check is identical!
20/04/2022 13:43:02.23 [Information] [Copy]	Action ignore: 'New:krl.Copy(KRC:\R1\TP\p00.dat), 6500, 0'. MD5 check is identical!
20/04/2022 13:43:02.23 [Information] [Copy]	Action ignore: 'New:krl.Copy(KRC:\R1\System\tm_bib.dat), 6500, 0'. MD5 check is identical!
20/04/2022 13:43:02.24 [Information] [Copy]	Action ignore: 'New:krl.Copy(KRC:\R1\System\MsgLib.dat), 6500, 0'. MD5 check is identical!
20/04/2022 13:43:02.24 [Information] [Copy]	Action ignore: 'New:krl.Copy(KRC:\R1\System\masref_main.dat), 6500, 0'. MD5 check is identical!
20/04/2022 13:43:02.25 [Information] [Copy]	Action ignore: 'New:krl.Copy(KRC:\R1\TP\BrakeTest\BrakeTestSelfTest.dat), 6500, 0'. MD5 check is identical!
20/04/2022 13:43:02.25 [Information] [Copy]	Action ignore: 'New:krl.Copy(KRC:\R1\TP\BrakeTest\BrakeTestStart.dat), 6500, 0'. MD5 check is identical!
20/04/2022 13:43:02.25 [Information] [Copy]	Action ignore: 'New:krl.Copy(KRC:\R1\TP\ArcTechBasic\ArcSplineWeave.dat), 6500, 0'. MD5 check is identical!
20/04/2022 13:43:02.26 [Information] [Copy]	Action ignore: 'New:krl.Copy(KRC:\R1\Program\Giro de Mesa\LADO_A_OPERADOR.dat), 6500, 0'. MD5 check is identical!
20/04/2022 13:43:02.27 [Information] [Copy]	Action ignore: 'New:krl.Copy(KRC:\R1\Program\teste_solda.dat), 6500, 0'. MD5 check is identical!
20/04/2022 13:43:02.27 [Information] [COPY; /Sequence=6500]	Action ignore: 'New:krl.COPY; /Sequence=6500(KRC:\R1\TP\Signals.dat), 6500, 0'. MD5 check is identical!
20/04/2022 13:43:02.27 [Information] KrcCopyAction 'New:krl.Copy(KRC:\R1\TP\ArcTechBasic\ArcRoboTeamState.dat), 6500, 0': Requests stopping the program.
20/04/2022 13:43:02.28 [Information] [Copy]	Action ignore: 'New:krl.Copy(KRC:\R1\TP\ArcTechBasic\ArcWeave.dat), 6500, 0'. MD5 check is identical!
20/04/2022 13:43:02.28 [Information] [Copy]	Action ignore: 'New:krl.Copy(KRC:\R1\TP\ArcTechBasic\ArcWeaveGeneral.dat), 6500, 0'. MD5 check is identical!
20/04/2022 13:43:02.29 [Information] [Copy]	Action ignore: 'New:krl.Copy(KRC:\R1\TP\ArcTechBasic\StringLib.dat), 6500, 0'. MD5 check is identical!
20/04/2022 13:43:02.29 [Information] [Copy]	Action ignore: 'New:krl.Copy(KRC:\R1\TP\ArcTechBasic\ArcStateHandler.dat), 6500, 0'. MD5 check is identical!
20/04/2022 13:43:02.29 [Information] [Copy]	Action ignore: 'New:krl.Copy(KRC:\R1\TP\ArcTechBasic\ToolCorrManual\TCM_ToolCorr.dat), 6500, 0'. MD5 check is identical!
20/04/2022 13:43:02.30 [Information] [COPY; /Sequence=6500]	Action ignore: 'New:krl.COPY; /Sequence=6500(KRC:\R1\TP\ArcTechBasic\ArcOutputRoutines.dat), 6500, 0'. MD5 check is identical!
20/04/2022 13:43:02.30 [Information] [Copy]	Action ignore: 'New:krl.Copy(KRC:\R1\TP\ArcTechBasic\ArcMsgProxy.dat), 6500, 0'. MD5 check is identical!
20/04/2022 13:43:02.31 [Information] [Copy]	Action ignore: 'New:krl.Copy(KRC:\R1\TP\ArcTechBasic\ArcMain.dat), 6500, 0'. MD5 check is identical!
20/04/2022 13:43:02.31 [Information] KrcCopyAction 'New:krl.COPY; /Sequence=6500(KRC:\R1\TP\ArcTechBasic\ArcOutputHelpRoutines.dat), 6500, 0': Requests stopping the program.
20/04/2022 13:43:02.32 [Information] KrcCopyAction 'New:krl.COPY; /Sequence=6500(KRC:\R1\TP\ArcTechBasic\ArcInputRoutines.dat), 6500, 0': Requests stopping the program.
20/04/2022 13:43:02.32 [Information] [Copy]	Action ignore: 'New:krl.Copy(KRC:\R1\Program\masref_user.src), 7000, 0'. MD5 check is identical!
20/04/2022 13:43:02.32 [Information] [Copy]	Action ignore: 'New:krl.Copy(KRC:\R1\Mada\machine.upg), 7000, 0'. MD5 check is identical!
20/04/2022 13:43:02.33 [Information] [Copy]	Action ignore: 'New:krl.Copy(KRC:\R1\Mada\robcor.upg), 7000, 0'. MD5 check is identical!
20/04/2022 13:43:02.33 [Information] [Copy]	Action ignore: 'New:krl.Copy(KRC:\R1\System\ir_stopm.src), 7000, 0'. MD5 check is identical!
20/04/2022 13:43:02.34 [Information] [Copy]	Action ignore: 'New:krl.Copy(KRC:\R1\System\tm_bib.src), 7000, 0'. MD5 check is identical!
20/04/2022 13:43:02.34 [Information] [Copy]	Action ignore: 'New:krl.Copy(KRC:\R1\Program\tm_useraction.src), 7000, 0'. MD5 check is identical!
20/04/2022 13:43:02.35 [Information] [Copy]	Action ignore: 'New:krl.Copy(KRC:\R1\System\masref_main.src), 7000, 0'. MD5 check is identical!
20/04/2022 13:43:02.35 [Information] [Copy]	Action ignore: 'New:krl.Copy(KRC:\R1\System\bas.src), 7000, 0'. MD5 check is identical!
20/04/2022 13:43:02.35 [Information] [Copy]	Action ignore: 'New:krl.Copy(KRC:\R1\System\sps.sub), 7000, 0'. MD5 check is identical!
20/04/2022 13:43:02.36 [Information] [Copy]	Action ignore: 'New:krl.Copy(KRC:\R1\cell.src), 7000, 0'. MD5 check is identical!
20/04/2022 13:43:02.36 [Information] [Copy]	Action ignore: 'New:krl.Copy(KRC:\R1\System\MsgLib.src), 7000, 0'. MD5 check is identical!
20/04/2022 13:43:02.36 [Information] [Copy]	Action ignore: 'New:krl.Copy(KRC:\R1\TP\p00.src), 7000, 0'. MD5 check is identical!
20/04/2022 13:43:02.37 [Information] [Copy]	Action ignore: 'New:krl.Copy(KRC:\R1\TP\ArcTechBasic\ArcSplineWeave.src), 7000, 0'. MD5 check is identical!
20/04/2022 13:43:02.37 [Information] [Copy]	Action ignore: 'New:krl.Copy(KRC:\R1\TP\ArcTechBasic\ArcStateHandler.src), 7000, 0'. MD5 check is identical!
20/04/2022 13:43:02.38 [Information] [Copy]	Action ignore: 'New:krl.Copy(KRC:\R1\TP\ArcTechBasic\ArcStateTool.src), 7000, 0'. MD5 check is identical!
20/04/2022 13:43:02.39 [Information] [Copy]	Action ignore: 'New:krl.Copy(KRC:\R1\TP\ArcTechBasic\ArcRoboTeamState.src), 7000, 0'. MD5 check is identical!
20/04/2022 13:43:02.40 [Information] [Copy]	Action ignore: 'New:krl.Copy(KRC:\R1\TP\ArcTechBasic\ArcMain.src), 7000, 0'. MD5 check is identical!
20/04/2022 13:43:02.40 [Information] [Copy]	Action ignore: 'New:krl.Copy(KRC:\R1\TP\ArcTechBasic\ArcMsgProxy.src), 7000, 0'. MD5 check is identical!
20/04/2022 13:43:02.41 [Information] [Copy]	Action ignore: 'New:krl.Copy(KRC:\R1\TP\ArcTechBasic\ArcOutputRoutines.src), 7000, 0'. MD5 check is identical!
20/04/2022 13:43:02.41 [Information] [Copy]	Action ignore: 'New:krl.Copy(KRC:\R1\TP\ArcTechBasic\ToolCorrManual\TCM_ToolCorr.src), 7000, 0'. MD5 check is identical!
20/04/2022 13:43:02.42 [Information] [Copy]	Action ignore: 'New:krl.Copy(KRC:\R1\Program\Giro de Mesa\LADO_A_OPERADOR.src), 7000, 0'. MD5 check is identical!
20/04/2022 13:43:02.42 [Information] [Copy]	Action ignore: 'New:krl.Copy(KRC:\R1\Program\teste_solda.src), 7000, 0'. MD5 check is identical!
20/04/2022 13:43:02.43 [Information] [Copy]	Action ignore: 'New:krl.Copy(KRC:\R1\TP\ArcTechBasic\StringLib.src), 7000, 0'. MD5 check is identical!
20/04/2022 13:43:02.43 [Information] [Copy]	Action ignore: 'New:krl.Copy(KRC:\R1\TP\ArcTechBasic\ArcWeave.src), 7000, 0'. MD5 check is identical!
20/04/2022 13:43:02.44 [Information] [Copy]	Action ignore: 'New:krl.Copy(KRC:\R1\TP\ArcTechBasic\ArcWeaveGeneral.src), 7000, 0'. MD5 check is identical!
20/04/2022 13:43:02.44 [Information] [Copy]	Action ignore: 'New:krl.Copy(KRC:\R1\TP\ArcTechBasic\ArcWeldingFacade.src), 7000, 0'. MD5 check is identical!
20/04/2022 13:43:02.45 [Information] [Copy]	Action ignore: 'New:krl.Copy(KRC:\R1\TP\ArcTechBasic\ArcInputRoutines.src), 7000, 0'. MD5 check is identical!
20/04/2022 13:43:02.45 [Information] [Copy]	Action ignore: 'New:krl.Copy(KRC:\R1\TP\BrakeTest\BrakeTestStart.src), 7000, 0'. MD5 check is identical!
20/04/2022 13:43:02.45 [Information] [Copy]	Action ignore: 'New:krl.Copy(KRC:\STEU\Mada\custom.upg), 7000, 0'. MD5 check is identical!
20/04/2022 13:43:02.46 [Information] [Copy]	Action ignore: 'New:krl.Copy(KRC:\STEU\Mada\machine.upg), 7000, 0'. MD5 check is identical!
20/04/2022 13:43:02.46 [Information] [Copy]	Action ignore: 'New:krl.Copy(KRC:\R1\TP\BrakeTest\BrakeTestSelfTest.src), 7000, 0'. MD5 check is identical!
20/04/2022 13:43:02.46 [Information] [Copy]	Action ignore: 'New:krl.Copy(KRC:\R1\TP\BrakeTest\BrakeTestBack.src), 7000, 0'. MD5 check is identical!
20/04/2022 13:43:02.47 [Information] [Copy]	Action ignore: 'New:krl.Copy(KRC:\R1\TP\BrakeTest\BrakeTestPark.src), 7000, 0'. MD5 check is identical!
20/04/2022 13:43:02.47 [Information] [Copy]	Action ignore: 'New:krl.Copy(KRC:\R1\TP\BrakeTest\BrakeTestReq.src), 7000, 0'. MD5 check is identical!
20/04/2022 13:43:02.48 [Information] [Copy]	Action ignore: 'New:krl.Copy(KRC:\R1\TP\ArcTechBasic\ArcAuxiliary.src), 7000, 0'. MD5 check is identical!
20/04/2022 13:43:02.48 [Information] [Copy]	Action ignore: 'New:krl.Copy(KRC:\R1\Program\tst.src), 7000, 0'. MD5 check is identical!
20/04/2022 13:43:02.49 [Information] [Copy]	Action ignore: 'New:krl.Copy(KRC:\R1\TP\ArcTechBasic\ArcErrorHandlerFacade.src), 7000, 0'. MD5 check is identical!
20/04/2022 13:43:02.49 [Information] [Copy]	Action ignore: 'New:krl.Copy(KRC:\R1\TP\ArcTechBasic\ArcErrorHandler.src), 7000, 0'. MD5 check is identical!
20/04/2022 13:43:02.49 [Information] [Copy]	Action ignore: 'New:krl.Copy(KRC:\STEU\Mada\option.upg), 7000, 0'. MD5 check is identical!
20/04/2022 13:43:02.50 [Information] [Copy]	Action ignore: 'New:krl.Copy(KRC:\R1\TP\ArcTechBasic\ArcTechMonitoring\UserArcTechMonitoring.src), 7000, 0'. MD5 check is identical!
20/04/2022 13:43:02.50 [Information] [Copy]	Action ignore: 'New:krl.Copy(KRC:\R1\TP\ArcTechBasic\ArcSense.src), 7000, 0'. MD5 check is identical!
20/04/2022 13:43:02.50 [Information] [Copy]	Action ignore: 'New:solution.Copy(C:\KRC\User\ProjectRoot\427630\427630.wvs), 9000, 0'. Copy only once!
20/04/2022 13:43:02.51 [Information] °°° Begin adding global actions for project '427630 V1.5.0.0'!
20/04/2022 13:43:02.55 [Information] °°° Execute prepare actions for project '427630 V1.5.0.0'!
20/04/2022 13:44:33.11 [Information] Successful execute PrepareAction 'Global.UserPermission(), 1000, 0'.
20/04/2022 13:44:33.12 [Information] Execute Global.StopProgram(), 2000, 0. Krc not in Automatic!
20/04/2022 13:44:33.13 [Information] Execute Global.StopProgram(), 2000, 0. Stop submit interpreter!
20/04/2022 13:44:33.16 [Information] Execute Global.StopProgram(), 2000, 0. Cancel submit interpreter!
20/04/2022 13:44:33.17 [Information] Successful execute PrepareAction 'Global.StopProgram(), 2000, 0'.
20/04/2022 13:44:33.17 [Information] *** End Prepare '427630 V1.5.0.0'!
20/04/2022 13:44:33.20 [Information] Committed: Prepared.
20/04/2022 13:44:33.23 [Information] *** Start installation of "427630 V1.5.0.0".
20/04/2022 13:44:33.24 [Information] Reset current project!
20/04/2022 13:44:35.52 [Information] Successful execute Install Action 'New:mada.Copy(KRC:\R1\Mada\$robcor.dat), 4000, 0'.
20/04/2022 13:44:35.52 [Information] Install Action 'New:mada.Copy(KRC:\R1\Mada\$robcor.dat), 4000, 0' is installed with its 0 children.
20/04/2022 13:44:35.74 [Information] Successful execute Install Action 'New:mada.Copy(KRC:\R1\System\$config.dat), 4000, 0'.
20/04/2022 13:44:35.74 [Information] Install Action 'New:mada.Copy(KRC:\R1\System\$config.dat), 4000, 0' is installed with its 0 children.
20/04/2022 13:44:36.91 [Information] Successful execute Install Action 'New:mada.Copy(KRC:\Steu\Mada\$custom.dat), 4000, 0'.
20/04/2022 13:44:36.91 [Information] Install Action 'New:mada.Copy(KRC:\Steu\Mada\$custom.dat), 4000, 0' is installed with its 0 children.
20/04/2022 13:44:38.57 [Information] Successful execute Install Action 'New:mada.Copy(KRC:\R1\Mada\$machine.dat), 4000, 0'.
20/04/2022 13:44:38.57 [Information] Install Action 'New:mada.Copy(KRC:\R1\Mada\$machine.dat), 4000, 0' is installed with its 0 children.
20/04/2022 13:44:38.64 [Information] Successful execute Install Action 'New:krl.Copy(KRC:\R1\TP\ArcTechBasic\ArcRoboTeamState.dat), 6500, 0'.
20/04/2022 13:44:38.64 [Information] Install Action 'New:krl.Copy(KRC:\R1\TP\ArcTechBasic\ArcRoboTeamState.dat), 6500, 0' is installed with its 0 children.
20/04/2022 13:44:38.70 [Information] Successful execute Install Action 'New:krl.COPY; /Sequence=6500(KRC:\R1\TP\ArcTechBasic\ArcInputRoutines.dat), 6500, 0'.
20/04/2022 13:44:38.71 [Information] Install Action 'New:krl.COPY; /Sequence=6500(KRC:\R1\TP\ArcTechBasic\ArcInputRoutines.dat), 6500, 0' is installed with its 0 children.
20/04/2022 13:44:38.77 [Information] Successful execute Install Action 'New:krl.COPY; /Sequence=6500(KRC:\R1\TP\ArcTechBasic\ArcOutputHelpRoutines.dat), 6500, 0'.
20/04/2022 13:44:38.77 [Information] Install Action 'New:krl.COPY; /Sequence=6500(KRC:\R1\TP\ArcTechBasic\ArcOutputHelpRoutines.dat), 6500, 0' is installed with its 0 children.
20/04/2022 13:44:38.81 [Information] Successful execute Install Action 'New:krl.COPY; /Sequence=6500(KRC:\R1\TP\ArcTechBasic\ArcGeneral.dat), 6500, 0'.
20/04/2022 13:44:38.81 [Information] Install Action 'New:krl.COPY; /Sequence=6500(KRC:\R1\TP\ArcTechBasic\ArcGeneral.dat), 6500, 0' is installed with its 0 children.
20/04/2022 13:44:38.88 [Information] Successful execute Install Action 'New:krl.Copy(KRC:\R1\TP\ArcTechBasic\ArcErrorHandler.dat), 6500, 0'.
20/04/2022 13:44:38.90 [Information] Install Action 'New:krl.Copy(KRC:\R1\TP\ArcTechBasic\ArcErrorHandler.dat), 6500, 0' is installed with its 0 children.
20/04/2022 13:44:38.92 [Information] *** Installation of "427630 V1.5.0.0" successful!
20/04/2022 13:44:39.17 [Information] Set current project: 427630 V1.5.0.0
20/04/2022 13:44:39.22 [Information] *** End installation of "427630 V1.5.0.0".
20/04/2022 13:44:39.23 [Information] Committed: Installed.
20/04/2022 13:44:39.31 [Information] Successfully execute post action 'Global.AnalyseAll(), 1000, 0'.
20/04/2022 13:44:39.31 [Information] Execute Global.StartProgram(), 2000, 0. Start submit interpreter!
20/04/2022 13:44:39.73 [Information] Successfully execute post action 'Global.StartProgram(), 2000, 0'.
20/04/2022 13:44:39.74 [Information] *** Post processing successful.
20/04/2022 13:44:41.05 [Information] Committing: Removing package 'C:\KRC\User\ProjectRoot\S-1-5-21-2269380786-2530548679-512879433.pkg'.
20/04/2022 13:44:41.05 [Information] Committed: Completed.
20/04/2022 13:44:41.10 [Information] #----------------o0o---------------#
