24/03/2022 14:20:31.82 [Information] -------------------------------
24/03/2022 14:20:31.82 [Information] *** Begin Prepare ''!
24/03/2022 14:20:31.82 [Information] *** Begin prepare project '427630_br V1.2.0.0'!
24/03/2022 14:20:40.67 [Information] *** Start preparation of '427630_br' path ''
24/03/2022 14:20:49.21 [Information] Prepare Installation of project "427630_br V1.2.0.0".
24/03/2022 14:20:49.24 [Information] Current project was "427630_br V1.1.0".
24/03/2022 14:20:49.60 [Information] °°° Begin adding actions for project '427630_br V1.2.0.0'!
24/03/2022 14:20:49.74 [Warning] Element Type changed for {ExternalFileManifest Safety:Copy(Config:\User\Common\SCTLCRC.XML) - Automatic} -> config
24/03/2022 14:20:49.80 [Warning] Element Type changed for {ExternalFileManifest Safety:Copy(Config:\User\Common\MotionDrivers\motiondrv.ini) - Automatic, SavedExternal} -> config
24/03/2022 14:20:49.80 [Warning] Element Type changed for {ExternalFileManifest File:Copy(KRC:\R1\Mada\machine.upg) - SavedExternal} -> krl
24/03/2022 14:20:49.80 [Warning] Element Type changed for {ExternalFileManifest File:Copy(KRC:\R1\Mada\robcor.upg) - SavedExternal} -> krl
24/03/2022 14:20:49.80 [Warning] Element Type changed for {ExternalFileManifest File:Copy(KRC:\STEU\Mada\custom.upg) - SavedExternal} -> krl
24/03/2022 14:20:49.80 [Warning] Element Type changed for {ExternalFileManifest File:Copy(KRC:\STEU\Mada\machine.upg) - SavedExternal} -> krl
24/03/2022 14:20:49.80 [Warning] Element Type changed for {ExternalFileManifest File:Copy(KRC:\STEU\Mada\option.upg) - SavedExternal} -> krl
24/03/2022 14:20:49.81 [Warning] Element Type changed for {ExternalFileManifest Config:Copy(Config:\User\Common\SafetyConfigData.xml) - SavedExternal} -> safety
24/03/2022 14:20:49.85 [Warning] Element Type changed for {ExternalFileManifest Config:Copy(Config:\User\Common\SCtlPara.sg) - SavedExternal} -> safety
24/03/2022 14:20:49.85 [Information] SafetyHandler ignores element: '{ExternalFileManifest safety:Copy(Config:\User\Common\SafetyConfigData.xml) - SavedExternal}'
24/03/2022 14:20:49.85 [Information] SafetyHandler ignores element: '{ExternalFileManifest safety:Copy(Config:\User\Common\SCtlPara.sg) - SavedExternal}'
24/03/2022 14:20:49.85 [Information] SafetyHandler ignores element: '{ExternalFileManifest safety:Copy(Config:\User\Common\HNFINFO.SAF) - SavedExternal}'
24/03/2022 14:20:50.89 [Information] ° Reboot requested before activation = False
24/03/2022 14:20:50.90 [Information] °°° Begin initialize actions for project '427630_br V1.2.0.0'!
24/03/2022 14:20:50.90 [Information] [Copy]	Action ignore: 'New:file.Copy(C:\KRC\User\Settings.xml), 1500, 0'. MD5 check is identical!
24/03/2022 14:20:50.90 [Information] [Copy]	Action ignore: 'New:file.Copy(C:\KRC\User\SmartHMI.User.config), 1500, 0'. MD5 check is identical!
24/03/2022 14:20:50.91 [Information] [Copy]	Action ignore: 'New:file.Copy(C:\KRC\User\Cross3.User.config), 1500, 0'. MD5 check is identical!
24/03/2022 14:20:50.92 [Information] [Copy]	Action ignore: 'New:file.Copy(C:\KRC\User\SchedulerAction.BackupAction.config), 1500, 0'. MD5 check is identical!
24/03/2022 14:20:50.92 [Information] [Copy]	Action ignore: 'New:file.Copy(C:\KRC\User\MaintenanceHandBook.User.config), 1500, 0'. MD5 check is identical!
24/03/2022 14:20:50.93 [Information] [Copy]	Action ignore: 'New:file.Copy(C:\KRC\User\PMService.user.config), 1500, 0'. MD5 check is identical!
24/03/2022 14:20:50.93 [Information] [Copy]	Action ignore: 'New:file.Copy(C:\KRC\User\ProjectExternalFileList.xml), 1500, 0'. MD5 check is identical!
24/03/2022 14:20:50.93 [Information] [Copy]	Action ignore: 'New:file.Copy(C:\KRC\User\Data\UserAdvMonitoring.kxr), 1500, 0'. MD5 check is identical!
24/03/2022 14:20:50.94 [Information] [Copy]	Action ignore: 'New:file.Copy(C:\KRC\User\KLMDigitalIO.WriteProtectedOutputs.cfg), 1500, 0'. MD5 check is identical!
24/03/2022 14:20:50.94 [Information] [Copy]	Action ignore: 'New:file.Copy(C:\KRC\User\BackupManager.User.config), 1500, 0'. MD5 check is identical!
24/03/2022 14:20:50.94 [Information] [Copy]	Action ignore: 'New:file.Copy(C:\KRC\User\AdvMonitoring\AdvMonitoringConfig.xml), 1500, 0'. MD5 check is identical!
24/03/2022 14:20:50.95 [Information] [Copy]	Action ignore: 'New:file.Copy(C:\KRC\User\WorkVisualServiceHost.User.config), 1500, 0'. MD5 check is identical!
24/03/2022 14:20:50.95 [Information] [Copy]	Action ignore: 'New:file.Copy(C:\KRC\User\SetupWizardStates.xml), 1500, 0'. MD5 check is identical!
24/03/2022 14:20:50.96 [Information] [Copy]	Action ignore: 'New:file.Copy(C:\KRC\User\InstallTech.cfg), 1500, 0'. MD5 check is identical!
24/03/2022 14:20:50.96 [Information] [Copy]	Action ignore: 'New:file.Copy(C:\KRC\User\KukaPMService.User.config), 1500, 0'. MD5 check is identical!
24/03/2022 14:20:50.96 [Information] [Copy]	Action ignore: 'New:file.Copy(C:\KRC\User\WaitForUserList.xml), 1500, 0'. MD5 check is identical!
24/03/2022 14:20:50.97 [Information] [Copy]	Action ignore: 'New:file.Copy(C:\KRC\User\ConfigMon.ini), 1500, 0'. MD5 check is identical!
24/03/2022 14:20:50.97 [Information] [Copy]	Action ignore: 'New:file.Copy(C:\KRC\User\InitialProjectSetup.User.config), 1500, 0'. MD5 check is identical!
24/03/2022 14:20:50.97 [Information] [Copy]	Action ignore: 'New:config.Copy(Config:\User\Common\Mada\NextGenDriveTech.xml), 2000, 0'. MD5 check is identical!
24/03/2022 14:20:50.98 [Information] [Copy]	Action ignore: 'New:config.Copy(Config:\User\Common\Mada\MMAxisAdapter.xml), 2000, 0'. MD5 check is identical!
24/03/2022 14:20:50.98 [Information] [Copy]	Action ignore: 'New:config.Copy(Config:\User\Common\Supply\KPP_400V_10.xml), 2000, 0'. MD5 check is identical!
24/03/2022 14:20:50.98 [Information] [Copy]	Action ignore: 'New:config.Copy(Config:\User\Common\Mada\CFCore.xml), 2000, 0'. MD5 check is identical!
24/03/2022 14:20:50.99 [Information] [Copy]	Action ignore: 'New:config.Copy(Config:\User\Common\Supply\KPP_sr400-244V_15.xml), 2000, 0'. MD5 check is identical!
24/03/2022 14:20:50.99 [Information] [Copy]	Action ignore: 'New:config.Copy(Config:\User\Common\Servofile\S_KPP_400V_10.xml), 2000, 0'. MD5 check is identical!
24/03/2022 14:20:51.00 [Information] [Copy]	Action ignore: 'New:config.Copy(Config:\User\Common\Mada\LDP.xml), 2000, 0'. MD5 check is identical!
24/03/2022 14:20:51.00 [Information] [Copy]	Action ignore: 'New:config.Copy(Config:\User\Common\CabCtrl.xml), 2000, 0'. MD5 check is identical!
24/03/2022 14:20:51.00 [Information] [Copy]	Action ignore: 'New:config.Copy(Config:\User\Cabinet\NGSharedO.xml), 2000, 0'. MD5 check is identical!
24/03/2022 14:20:51.01 [Information] [Copy]	Action ignore: 'New:config.Copy(Config:\User\Common\Mada\CFCoreWaggonDriverConfig.xml), 2000, 0'. MD5 check is identical!
24/03/2022 14:20:51.01 [Information] [Copy]	Action ignore: 'New:config.Copy(Config:\User\Common\Mada\MotionDrivers\mdrBrakeTest.ini), 2000, 0'. MD5 check is identical!
24/03/2022 14:20:51.01 [Information] [Copy]	Action ignore: 'New:config.Copy(Config:\User\Common\Mada\EAWaggonDriverConfig.xml), 2000, 0'. MD5 check is identical!
24/03/2022 14:20:51.02 [Information] [Copy]	Action ignore: 'New:config.Copy(Config:\User\Common\Mada\MotionDrivers\MdlCtlDataDrv.ini), 2000, 0'. MD5 check is identical!
24/03/2022 14:20:51.02 [Information] [copy]	Action ignore: 'New:config.copy(Config:\User\Common\Modules_TimeSync.xml), 2000, 0'. MD5 check is identical!
24/03/2022 14:20:51.02 [Information] [copy]	Action ignore: 'New:config.copy(Config:\User\Common\SysBusDriver.xml), 2000, 0'. MD5 check is identical!
24/03/2022 14:20:51.03 [Information] [copy]	Action ignore: 'New:config.copy(Config:\User\Common\Modules_SysBusDriver.xml), 2000, 0'. MD5 check is identical!
24/03/2022 14:20:51.03 [Information] [Copy]	Action ignore: 'New:config.Copy(Config:\User\Common\SCTLCRC.XML), 2000, 0'. MD5 check is identical!
24/03/2022 14:20:51.04 [Information] [copy]	Action ignore: 'New:config.copy(Config:\User\Common\TimeSyncBase.xml), 2000, 0'. MD5 check is identical!
24/03/2022 14:20:51.04 [Information] [copy]	Action ignore: 'New:config.copy(Config:\User\Common\TimeSync.xml), 2000, 0'. MD5 check is identical!
24/03/2022 14:20:51.06 [Information] [Copy]	Action ignore: 'New:config.Copy(Config:\User\Common\Mada\CtrlGainTab.bin), 2000, 0'. MD5 check is identical!
24/03/2022 14:20:51.07 [Information] [Copy]	Action ignore: 'New:config.Copy(Config:\User\Common\Mada\MotionDrivers\motiondrv.ini), 2000, 0'. MD5 check is identical!
24/03/2022 14:20:51.07 [Information] [Copy]	Action ignore: 'New:config.Copy(Config:\User\Common\MotionDrivers\motiondrv.ini), 2000, 0'. MD5 check is identical!
24/03/2022 14:20:51.08 [Information] [copy]	Action ignore: 'New:config.copy(Config:\User\Common\KNet.xml), 2000, 0'. MD5 check is identical!
24/03/2022 14:20:51.08 [Information] [copy]	Action ignore: 'New:config.copy(Config:\User\Common\connectionchain.xml), 2000, 0'. MD5 check is identical!
24/03/2022 14:20:51.08 [Information] [Copy]	Action ignore: 'New:config.Copy(Config:\User\Common\PersistPC\NGDecouple.xml), 2000, 0'. MD5 check is identical!
24/03/2022 14:20:51.09 [Information] [Copy]	Action ignore: 'New:config.Copy(Config:\User\Common\Mada\NGAxis\CtrlA5AddFct.xml), 2000, 0'. MD5 check is identical!
24/03/2022 14:20:51.09 [Information] [Copy]	Action ignore: 'New:config.Copy(Config:\User\Common\Mada\NGAxis\CtrlA5.xml), 2000, 0'. MD5 check is identical!
24/03/2022 14:20:51.09 [Information] [Copy]	Action ignore: 'New:config.Copy(Config:\User\Common\Mada\NGAxis\A4.xml), 2000, 0'. MD5 check is identical!
24/03/2022 14:20:51.10 [Information] [Copy]	Action ignore: 'New:config.Copy(Config:\User\Common\Mada\NGAxis\CtrlA6AddFct.xml), 2000, 0'. MD5 check is identical!
24/03/2022 14:20:51.10 [Information] [Copy]	Action ignore: 'New:config.Copy(Config:\User\Common\Mada\NGAxis\CtrlA6.xml), 2000, 0'. MD5 check is identical!
24/03/2022 14:20:51.11 [Information] [Copy]	Action ignore: 'New:config.Copy(Config:\User\Common\Mada\NGAxis\A5.xml), 2000, 0'. MD5 check is identical!
24/03/2022 14:20:51.11 [Information] [Copy]	Action ignore: 'New:config.Copy(Config:\User\Common\Motor\M_SSR5-AKM22-11_KSPsr5_244V_V1.xml), 2000, 0'. MD5 check is identical!
24/03/2022 14:20:51.12 [Information] [Copy]	Action ignore: 'New:config.Copy(Config:\User\Common\Mada\NGAxis\A3.xml), 2000, 0'. MD5 check is identical!
24/03/2022 14:20:51.12 [Information] [Copy]	Action ignore: 'New:config.Copy(Config:\User\Common\Mada\NGAxis\CtrlA3AddFct.xml), 2000, 0'. MD5 check is identical!
24/03/2022 14:20:51.12 [Information] [Copy]	Action ignore: 'New:config.Copy(Config:\User\Common\Mada\NGAxis\CtrlA4AddFct.xml), 2000, 0'. MD5 check is identical!
24/03/2022 14:20:51.12 [Information] [Copy]	Action ignore: 'New:config.Copy(Config:\User\Common\Mada\NGAxis\CtrlA4.xml), 2000, 0'. MD5 check is identical!
24/03/2022 14:20:51.13 [Information] [Copy]	Action ignore: 'New:config.Copy(Config:\User\Common\ServoFile\S_SSR5-AKM22-11_KSPsr5_244V_V1.xml), 2000, 0'. MD5 check is identical!
24/03/2022 14:20:51.13 [Information] [Copy]	Action ignore: 'New:config.Copy(Config:\User\Common\Mada\NGAxis\A6.xml), 2000, 0'. MD5 check is identical!
24/03/2022 14:20:51.13 [Information] [Copy]	Action ignore: 'New:config.Copy(Config:\User\Common\Mada\NGAxis\CtrlE3.xml), 2000, 0'. MD5 check is identical!
24/03/2022 14:20:51.14 [Information] [Copy]	Action ignore: 'New:config.Copy(Config:\User\Common\Mada\NGAxis\E2.xml), 2000, 0'. MD5 check is identical!
24/03/2022 14:20:51.14 [Information] [Copy]	Action ignore: 'New:config.Copy(Config:\User\Common\Mada\NGAxis\CtrlE2AddFct.xml), 2000, 0'. MD5 check is identical!
24/03/2022 14:20:51.14 [Information] [Copy]	Action ignore: 'New:config.Copy(Config:\User\Common\Servofile\S_KPP_sr400-244V_15.xml), 2000, 0'. MD5 check is identical!
24/03/2022 14:20:51.16 [Information] [Copy]	Action ignore: 'New:config.Copy(Config:\User\Common\Mada\NGAxis\E3.xml), 2000, 0'. MD5 check is identical!
24/03/2022 14:20:51.16 [Information] [Copy]	Action ignore: 'New:config.Copy(Config:\User\Common\Mada\NGAxis\CtrlE3AddFct.xml), 2000, 0'. MD5 check is identical!
24/03/2022 14:20:51.16 [Information] [Copy]	Action ignore: 'New:config.Copy(Config:\User\Common\Mada\NGAxis\CtrlE1.xml), 2000, 0'. MD5 check is identical!
24/03/2022 14:20:51.17 [Information] [Copy]	Action ignore: 'New:config.Copy(Config:\User\Common\ServoFile\S_G1_KSP40_400V_V1.xml), 2000, 0'. MD5 check is identical!
24/03/2022 14:20:51.17 [Information] [Copy]	Action ignore: 'New:config.Copy(Config:\User\Common\Motor\M_G1_KSP40_400V_V1.xml), 2000, 0'. MD5 check is identical!
24/03/2022 14:20:51.17 [Information] [Copy]	Action ignore: 'New:config.Copy(Config:\User\Common\Mada\NGAxis\CtrlE2.xml), 2000, 0'. MD5 check is identical!
24/03/2022 14:20:51.18 [Information] [Copy]	Action ignore: 'New:config.Copy(Config:\User\Common\Mada\NGAxis\E1.xml), 2000, 0'. MD5 check is identical!
24/03/2022 14:20:51.18 [Information] [Copy]	Action ignore: 'New:config.Copy(Config:\User\Common\Mada\NGAxis\CtrlE1AddFct.xml), 2000, 0'. MD5 check is identical!
24/03/2022 14:20:51.18 [Information] [Copy]	Action ignore: 'New:config.Copy(Config:\User\Common\AsyncDataToKrl.xml), 2000, 0'. MD5 check is identical!
24/03/2022 14:20:51.19 [Information] [Copy]	Action ignore: 'New:config.Copy(Config:\User\Common\MotionDrivers\mdrConveyor.ini), 2000, 0'. MD5 check is identical!
24/03/2022 14:20:51.19 [Information] [Copy]	Action ignore: 'New:config.Copy(Config:\User\Common\MotionDrivers\mdrBrakeTest.ini), 2000, 0'. MD5 check is identical!
24/03/2022 14:20:51.19 [Information] [Copy]	Action ignore: 'New:config.Copy(Config:\User\Common\MotionDrivers\loadDataDevice.ini), 2000, 0'. MD5 check is identical!
24/03/2022 14:20:51.20 [Information] [Copy]	Action ignore: 'New:config.Copy(Config:\User\Common\MotionDrivers\mdrSignalMonitor.ini), 2000, 0'. MD5 check is identical!
24/03/2022 14:20:51.20 [Information] [Copy]	Action ignore: 'New:config.Copy(Config:\User\Common\MotionDrivers\mdrJointOffset.ini), 2000, 0'. MD5 check is identical!
24/03/2022 14:20:51.21 [Information] [Copy]	Action ignore: 'New:config.Copy(Config:\User\Common\MotionDrivers\mdrEmily.ini), 2000, 0'. MD5 check is identical!
24/03/2022 14:20:51.21 [Information] [Copy]	Action ignore: 'New:config.Copy(Config:\User\Common\Mada\SimuAxis\A3.xml), 2000, 0'. MD5 check is identical!
24/03/2022 14:20:51.21 [Information] [Copy]	Action ignore: 'New:config.Copy(Config:\User\Common\Mada\SimuAxis\A2.xml), 2000, 0'. MD5 check is identical!
24/03/2022 14:20:51.22 [Information] [Copy]	Action ignore: 'New:config.Copy(Config:\User\Common\Mada\SimuAxis\A1.xml), 2000, 0'. MD5 check is identical!
24/03/2022 14:20:51.22 [Information] [Copy]	Action ignore: 'New:config.Copy(Config:\User\Common\Mada\SimuAxis\A6.xml), 2000, 0'. MD5 check is identical!
24/03/2022 14:20:51.22 [Information] [Copy]	Action ignore: 'New:config.Copy(Config:\User\Common\Mada\SimuAxis\A5.xml), 2000, 0'. MD5 check is identical!
24/03/2022 14:20:51.23 [Information] [Copy]	Action ignore: 'New:config.Copy(Config:\User\Common\Mada\SimuAxis\A4.xml), 2000, 0'. MD5 check is identical!
24/03/2022 14:20:51.23 [Information] [Copy]	Action ignore: 'New:config.Copy(Config:\User\Common\MotionDrivers\mdrStandStill.ini), 2000, 0'. MD5 check is identical!
24/03/2022 14:20:51.24 [Information] [Copy]	Action ignore: 'New:config.Copy(Config:\User\Common\PNIOIM4Data.dat), 2000, 0'. MD5 check is identical!
24/03/2022 14:20:51.24 [Information] [Copy]	Action ignore: 'New:config.Copy(Config:\User\KrlModSize.bin), 2000, 0'. MD5 check is identical!
24/03/2022 14:20:51.24 [Information] [Copy]	Action ignore: 'New:config.Copy(Config:\User\Office\PersistRDC\Readme.txt), 2000, 0'. MD5 check is identical!
24/03/2022 14:20:51.25 [Information] [Copy]	Action ignore: 'New:config.Copy(Config:\User\Common\Modules_ARCLINKXT.xml), 2000, 0'. MD5 check is identical!
24/03/2022 14:20:51.25 [Information] [Copy]	Action ignore: 'New:config.Copy(Config:\User\Common\Logging_ArcLink.xml), 2000, 0'. MD5 check is identical!
24/03/2022 14:20:51.25 [Information] [Copy]	Action ignore: 'New:config.Copy(Config:\User\Common\PersistPC\KrcRrtLog.xml), 2000, 0'. MD5 check is identical!
24/03/2022 14:20:51.26 [Information] [Copy]	Action ignore: 'New:config.Copy(Config:\User\Common\PersistPC\SimuMastering.xml), 2000, 0'. MD5 check is identical!
24/03/2022 14:20:51.26 [Information] [Copy]	Action ignore: 'New:config.Copy(Config:\User\Common\PersistPC\EncoderMastering.xml), 2000, 0'. MD5 check is identical!
24/03/2022 14:20:51.26 [Information] [Copy]	Action ignore: 'New:config.Copy(Config:\User\Common\MotionDrivers\mdrVwAscii.ini), 2000, 0'. MD5 check is identical!
24/03/2022 14:20:51.27 [Information] [Copy]	Action ignore: 'New:config.Copy(Config:\User\Office\PersistPDS\Readme.txt), 2000, 0'. MD5 check is identical!
24/03/2022 14:20:51.27 [Information] [Copy]	Action ignore: 'New:config.Copy(Config:\User\Office\PersistCIB\Readme.txt), 2000, 0'. MD5 check is identical!
24/03/2022 14:20:51.28 [Information] [Copy]	Action ignore: 'New:config.Copy(Config:\User\Common\VxWin\knet.config), 2000, 0'. MD5 check is identical!
24/03/2022 14:20:51.28 [Information] [Copy]	Action ignore: 'New:config.Copy(Config:\User\Common\KrcDryRun.xml), 2000, 0'. MD5 check is identical!
24/03/2022 14:20:51.28 [Information] [Copy]	Action ignore: 'New:config.Copy(Config:\User\Common\KrcConfig.xml), 2000, 0'. MD5 check is identical!
24/03/2022 14:20:51.29 [Information] [Copy]	Action ignore: 'New:config.Copy(Config:\User\Common\KONIConfig.xml), 2000, 0'. MD5 check is identical!
24/03/2022 14:20:51.29 [Information] [Copy]	Action ignore: 'New:config.Copy(Config:\User\Common\Logging_RoboTeam.xml), 2000, 0'. MD5 check is identical!
24/03/2022 14:20:51.30 [Information] [Copy]	Action ignore: 'New:config.Copy(Config:\User\Common\Logging_BrakeTest.xml), 2000, 0'. MD5 check is identical!
24/03/2022 14:20:51.30 [Information] [Copy]	Action ignore: 'New:config.Copy(Config:\User\Common\KrcExtConfMsg.xml), 2000, 0'. MD5 check is identical!
24/03/2022 14:20:51.30 [Information] [Copy]	Action ignore: 'New:config.Copy(Config:\User\Common\ecat_PBM_Gateway.xml), 2000, 0'. MD5 check is identical!
24/03/2022 14:20:51.31 [Information] [Copy]	Action ignore: 'New:config.Copy(Config:\User\Common\ecat_DNM_Gateway.xml), 2000, 0'. MD5 check is identical!
24/03/2022 14:20:51.31 [Information] [Copy]	Action ignore: 'New:config.Copy(Config:\User\Common\DevIODriver.xml), 2000, 0'. MD5 check is identical!
24/03/2022 14:20:51.31 [Information] [Copy]	Action ignore: 'New:config.Copy(Config:\User\Common\KLIConfig.xml), 2000, 0'. MD5 check is identical!
24/03/2022 14:20:51.32 [Information] [Copy]	Action ignore: 'New:config.Copy(Config:\User\Common\FpExceptions.xml), 2000, 0'. MD5 check is identical!
24/03/2022 14:20:51.32 [Information] [Copy]	Action ignore: 'New:config.Copy(Config:\User\Common\ECAT_SYS_X44.xml), 2000, 0'. MD5 check is identical!
24/03/2022 14:20:51.33 [Information] [Copy]	Action ignore: 'New:config.Copy(Config:\User\Common\Logging_SpotControl.xml), 2000, 0'. MD5 check is identical!
24/03/2022 14:20:51.33 [Information] [Copy]	Action ignore: 'New:config.Copy(Config:\User\Common\ProConOS_PDD.xml), 2000, 0'. MD5 check is identical!
24/03/2022 14:20:51.33 [Information] [Copy]	Action ignore: 'New:config.Copy(Config:\User\Common\ProConOS_IO.xml), 2000, 0'. MD5 check is identical!
24/03/2022 14:20:51.34 [Information] [Copy]	Action ignore: 'New:config.Copy(Config:\User\Common\ProConOS.xml), 2000, 0'. MD5 check is identical!
24/03/2022 14:20:51.34 [Information] [Copy]	Action ignore: 'New:config.Copy(Config:\User\Common\Mada\SimuAxesKrc.xml), 2000, 0'. MD5 check is identical!
24/03/2022 14:20:51.35 [Information] [Copy]	Action ignore: 'New:config.Copy(Config:\User\Common\Mada\SimuAxes.xml), 2000, 0'. MD5 check is identical!
24/03/2022 14:20:51.35 [Information] [Copy]	Action ignore: 'New:config.Copy(Config:\User\Common\Mada\Properties.xml), 2000, 0'. MD5 check is identical!
24/03/2022 14:20:51.35 [Information] [Copy]	Action ignore: 'New:config.Copy(Config:\User\Common\Modules_DevIO.xml), 2000, 0'. MD5 check is identical!
24/03/2022 14:20:51.36 [Information] [Copy]	Action ignore: 'New:config.Copy(Config:\User\Common\Logging_VwAscii.xml), 2000, 0'. MD5 check is identical!
24/03/2022 14:20:51.36 [Information] [Copy]	Action ignore: 'New:config.Copy(Config:\User\Common\Logging_System.xml), 2000, 0'. MD5 check is identical!
24/03/2022 14:20:51.36 [Information] [Copy]	Action ignore: 'New:config.Copy(Config:\User\Common\NGMada.xml), 2000, 0'. MD5 check is identical!
24/03/2022 14:20:51.37 [Information] [Copy]	Action ignore: 'New:config.Copy(Config:\User\Common\Modules_VRC.xml), 2000, 0'. MD5 check is identical!
24/03/2022 14:20:51.37 [Information] [Copy]	Action ignore: 'New:config.Copy(Config:\User\Common\Modules_ProConOS.xml), 2000, 0'. MD5 check is identical!
24/03/2022 14:20:51.42 [Information] [Copy]	Action ignore: 'New:config.Copy(Config:\User\Common\ecatms_config.xml), 2000, 0'. MD5 check is identical!
24/03/2022 14:20:51.49 [Information] [Copy]	Action ignore: 'New:config.Copy(Config:\User\Common\TransferApp_IO.xml), 2000, 0'. MD5 check is identical!
24/03/2022 14:20:51.59 [Information] [Copy]	Action ignore: 'New:config.Copy(Config:\User\Common\ecatms_sys_X48_config.xml), 2000, 0'. MD5 check is identical!
24/03/2022 14:20:51.70 [Information] [Copy]	Action ignore: 'New:config.Copy(Config:\User\Common\ecatms_sys_X44_swap.xml), 2000, 0'. MD5 check is identical!
24/03/2022 14:20:51.71 [Information] [Copy]	Action Requests reconfiguration: 'New:config.Copy(Config:\User\Common\ecatms_sys_X44_usr_config.xml), 2000, 0'.
24/03/2022 14:20:51.71 [Information] [Copy]	Action ignore: 'New:config.Copy(Config:\User\Common\KrcIoSignals.xml), 2000, 0'. MD5 check is identical!
24/03/2022 14:20:51.71 [Warning] Ignore SafetyConfigParamAction: Copy "C:\KRC\ROBOTER\Config\User\Common\SCTLPARA.SAF". Param header and content check states identical data!
24/03/2022 14:20:51.86 [Information] SafetyNetworkInstallAction 'New:safety.Copy(Config:\User\Common\SAFEDEV.SAF), 2000, 0': Checksum is identical.
24/03/2022 14:20:51.94 [Warning] Ignore SafetyNetworkInstallAction: Copy "C:\KRC\ROBOTER\Config\User\Common\SAFEDEV.SAF". Header and content check states identical data!
24/03/2022 14:20:51.94 [Warning] Ignore SafetyConfigParamAction: Copy "C:\KRC\ROBOTER\Config\User\Common\SCTLPARA.SAF". Param header and content check states identical data!
24/03/2022 14:20:51.94 [Information] SafetyParamInfoAction 'New:safety.Copy(Config:\User\Common\SCTLINFO.SAF), 2000, 0': Ignored since safety parameter file is ignored too.
24/03/2022 14:20:51.95 [Information] [Copy]	Action ignore: 'New:config.Copy(Config:\User\Common\KRC_IO.xml), 2000, 0'. MD5 check is identical!
24/03/2022 14:20:51.95 [Warning] Ignore UserPdiInstallAction: Copy "C:\KRC\ROBOTER\Config\User\Common\USERPDI.SAF". Header and content check states identical data!
24/03/2022 14:20:51.95 [Information] [Copy]	Action ignore: 'New:config.Copy(Config:\User\Common\Mada\KRCAxes.xml), 2000, 0'. MD5 check is identical!
24/03/2022 14:20:51.96 [Information] [Copy]	Action ignore: 'New:config.Copy(Config:\User\Common\Mada\NGAxis\A2.xml), 2000, 0'. MD5 check is identical!
24/03/2022 14:20:51.96 [Information] [Copy]	Action ignore: 'New:config.Copy(Config:\User\Common\Mada\NGAxis\CtrlA2AddFct.xml), 2000, 0'. MD5 check is identical!
24/03/2022 14:20:51.96 [Information] [Copy]	Action ignore: 'New:config.Copy(Config:\User\Common\Motor\M_LGen2_KSPsr10_244V_SSRklein_V1.xml), 2000, 0'. MD5 check is identical!
24/03/2022 14:20:51.97 [Information] [Copy]	Action ignore: 'New:config.Copy(Config:\User\Common\Mada\NGAxis\CtrlA3.xml), 2000, 0'. MD5 check is identical!
24/03/2022 14:20:51.97 [Information] [Copy]	Action ignore: 'New:config.Copy(Config:\User\Common\ServoFile\S_LGen2_KSPsr10_244V_SSRklein_V1.xml), 2000, 0'. MD5 check is identical!
24/03/2022 14:20:52.08 [Information] [Copy]	Action ignore: 'New:config.Copy(Config:\User\Common\Mada\NGAxis\CtrlA2.xml), 2000, 0'. MD5 check is identical!
24/03/2022 14:20:52.18 [Information] [Copy]	Action ignore: 'New:config.Copy(Config:\User\Common\ServoFile\S_D0Gen2C_KSPsr12_244V_SSRklein_V1.xml), 2000, 0'. MD5 check is identical!
24/03/2022 14:20:52.19 [Information] [Copy]	Action ignore: 'New:config.Copy(Config:\User\Common\Motor\M_D0Gen2C_KSPsr12_244V_SSRklein_V1.xml), 2000, 0'. MD5 check is identical!
24/03/2022 14:20:52.19 [Information] [Copy]	Action ignore: 'New:config.Copy(Config:\User\Common\Mada\NGAxis\CtrlA1.xml), 2000, 0'. MD5 check is identical!
24/03/2022 14:20:52.19 [Information] [Copy]	Action ignore: 'New:config.Copy(Config:\User\Common\Mada\NGAxis\A1.xml), 2000, 0'. MD5 check is identical!
24/03/2022 14:20:52.20 [Information] [Copy]	Action ignore: 'New:config.Copy(Config:\User\Common\Mada\NGAxis\CtrlA1AddFct.xml), 2000, 0'. MD5 check is identical!
24/03/2022 14:20:52.20 [Information] KrcCopyAction 'New:mada.Copy(KRC:\R1\Mada\$robcor.dat), 4000, 0': Requests stopping the program.
24/03/2022 14:20:52.20 [Information] [Copy]	Action ignore: 'New:mada.Copy(KRC:\STEU\$config.dat), 4000, 0'. MD5 check is identical!
24/03/2022 14:20:52.21 [Information] [Copy]	Action ignore: 'New:mada.Copy(KRC:\STEU\Mada\$machine.dat), 4000, 0'. MD5 check is identical!
24/03/2022 14:20:52.21 [Information] KrcCopyAction 'New:mada.Copy(KRC:\R1\Mada\$machine.dat), 4000, 0': Requests stopping the program.
24/03/2022 14:20:52.22 [Information] KrcCopyAction 'New:mada.Copy(KRC:\Steu\Mada\$custom.dat), 4000, 0': Requests stopping the program.
24/03/2022 14:20:52.33 [Information] [Copy]	Action ignore: 'New:mada.Copy(KRC:\R1\System\$config.dat), 4000, 0'. MD5 check is identical!
24/03/2022 14:20:52.43 [Information] [Copy]	Action ignore: 'New:mada.Copy(KRC:\Steu\Mada\$option.dat), 4000, 0'. MD5 check is identical!
24/03/2022 14:20:52.43 [Information] [Copy]	Action ignore: 'New:krl.Copy(KRC:\R1\TP\BrakeTest\BrakeTestStart.dat), 6500, 0'. MD5 check is identical!
24/03/2022 14:20:52.44 [Information] [Copy]	Action ignore: 'New:krl.Copy(KRC:\R1\TP\ArcTechBasic\ArcSense.dat), 6500, 0'. MD5 check is identical!
24/03/2022 14:20:52.44 [Information] [Copy]	Action ignore: 'New:krl.Copy(KRC:\R1\TP\BrakeTest\BrakeTestReq.dat), 6500, 0'. MD5 check is identical!
24/03/2022 14:20:52.45 [Information] [Copy]	Action ignore: 'New:krl.Copy(KRC:\R1\TP\BrakeTest\BrakeTestSelfTest.dat), 6500, 0'. MD5 check is identical!
24/03/2022 14:20:52.45 [Information] KrcCopyAction 'New:krl.COPY; /Sequence=6500(KRC:\R1\TP\ArcTechBasic\ArcAuxiliary.dat), 6500, 0': Requests stopping the program.
24/03/2022 14:20:52.45 [Information] [Copy]	Action ignore: 'New:krl.Copy(KRC:\R1\TP\ArcTechBasic\ArcAuxiliaryWork.dat), 6500, 0'. MD5 check is identical!
24/03/2022 14:20:52.46 [Information] [Copy]	Action ignore: 'New:krl.Copy(KRC:\R1\TP\ArcTechBasic\ArcTechMonitoring\UserArcTechMonitoring.dat), 6500, 0'. MD5 check is identical!
24/03/2022 14:20:52.46 [Information] [Copy]	Action ignore: 'New:krl.Copy(KRC:\R1\Program\tst.dat), 6500, 0'. MD5 check is identical!
24/03/2022 14:20:52.57 [Information] [Copy]	Action ignore: 'New:krl.Copy(KRC:\R1\TP\BrakeTest\BrakeTestPark.dat), 6500, 0'. MD5 check is identical!
24/03/2022 14:20:52.67 [Information] [Copy]	Action ignore: 'New:krl.Copy(KRC:\R1\Program\tm_useraction.dat), 6500, 0'. MD5 check is identical!
24/03/2022 14:20:52.68 [Information] [Copy]	Action ignore: 'New:krl.Copy(KRC:\R1\System\masref_main.dat), 6500, 0'. MD5 check is identical!
24/03/2022 14:20:52.68 [Information] [COPY; /Sequence=6500]	Action ignore: 'New:krl.COPY; /Sequence=6500(KRC:\R1\TP\Signals.dat), 6500, 0'. MD5 check is identical!
24/03/2022 14:20:52.68 [Information] [Copy]	Action ignore: 'New:krl.Copy(KRC:\R1\Program\masref_user.dat), 6500, 0'. MD5 check is identical!
24/03/2022 14:20:52.69 [Information] [Copy]	Action ignore: 'New:krl.Copy(KRC:\R1\TP\p00.dat), 6500, 0'. MD5 check is identical!
24/03/2022 14:20:52.69 [Information] [Copy]	Action ignore: 'New:krl.Copy(KRC:\R1\TP\BrakeTest\BrakeTestBack.dat), 6500, 0'. MD5 check is identical!
24/03/2022 14:20:52.69 [Information] [Copy]	Action ignore: 'New:krl.Copy(KRC:\R1\System\MsgLib.dat), 6500, 0'. MD5 check is identical!
24/03/2022 14:20:52.70 [Information] [Copy]	Action ignore: 'New:krl.Copy(KRC:\R1\System\tm_bib.dat), 6500, 0'. MD5 check is identical!
24/03/2022 14:20:52.70 [Information] KrcCopyAction 'New:krl.Copy(KRC:\R1\TP\ArcTechBasic\ArcErrorHandler.dat), 6500, 0': Requests stopping the program.
24/03/2022 14:20:52.71 [Information] [Copy]	Action ignore: 'New:krl.Copy(KRC:\R1\TP\ArcTechBasic\ArcMain.dat), 6500, 0'. MD5 check is identical!
24/03/2022 14:20:52.81 [Information] [Copy]	Action ignore: 'New:krl.Copy(KRC:\R1\TP\ArcTechBasic\ArcRoboTeamState.dat), 6500, 0'. MD5 check is identical!
24/03/2022 14:20:52.92 [Information] [Copy]	Action ignore: 'New:krl.Copy(KRC:\R1\TP\ArcTechBasic\ArcWeaveGeneral.dat), 6500, 0'. MD5 check is identical!
24/03/2022 14:20:52.93 [Information] [Copy]	Action ignore: 'New:krl.Copy(KRC:\R1\TP\ArcTechBasic\ArcWeave.dat), 6500, 0'. MD5 check is identical!
24/03/2022 14:20:52.93 [Information] [Copy]	Action ignore: 'New:krl.Copy(KRC:\R1\TP\ArcTechBasic\ArcSplineWeave.dat), 6500, 0'. MD5 check is identical!
24/03/2022 14:20:52.93 [Information] KrcCopyAction 'New:krl.COPY; /Sequence=6500(KRC:\R1\TP\ArcTechBasic\ArcOutputRoutines.dat), 6500, 0': Requests stopping the program.
24/03/2022 14:20:52.93 [Information] [Copy]	Action ignore: 'New:krl.Copy(KRC:\R1\TP\ArcTechBasic\ArcMsgProxy.dat), 6500, 0'. MD5 check is identical!
24/03/2022 14:20:52.94 [Information] KrcCopyAction 'New:krl.COPY; /Sequence=6500(KRC:\R1\TP\ArcTechBasic\ArcOutputHelpRoutines.dat), 6500, 0': Requests stopping the program.
24/03/2022 14:20:52.94 [Information] KrcCopyAction 'New:krl.COPY; /Sequence=6500(KRC:\R1\TP\ArcTechBasic\ArcGeneral.dat), 6500, 0': Requests stopping the program.
24/03/2022 14:20:52.95 [Information] [Copy]	Action ignore: 'New:krl.Copy(KRC:\R1\TP\ArcTechBasic\ToolCorrManual\TCM_ToolCorr.dat), 6500, 0'. MD5 check is identical!
24/03/2022 14:20:52.95 [Information] [Copy]	Action ignore: 'New:krl.Copy(KRC:\R1\TP\ArcTechBasic\ArcStateHandler.dat), 6500, 0'. MD5 check is identical!
24/03/2022 14:20:52.95 [Information] [Copy]	Action ignore: 'New:krl.Copy(KRC:\R1\TP\ArcTechBasic\StringLib.dat), 6500, 0'. MD5 check is identical!
24/03/2022 14:20:53.16 [Information] KrcCopyAction 'New:krl.COPY; /Sequence=6500(KRC:\R1\TP\ArcTechBasic\ArcInputRoutines.dat), 6500, 0': Requests stopping the program.
24/03/2022 14:20:53.17 [Information] [Copy]	Action ignore: 'New:krl.Copy(KRC:\R1\Program\masref_user.src), 7000, 0'. MD5 check is identical!
24/03/2022 14:20:53.17 [Information] [Copy]	Action ignore: 'New:krl.Copy(KRC:\R1\TP\ArcTechBasic\StringLib.src), 7000, 0'. MD5 check is identical!
24/03/2022 14:20:53.17 [Information] [Copy]	Action ignore: 'New:krl.Copy(KRC:\R1\TP\ArcTechBasic\ArcRoboTeamState.src), 7000, 0'. MD5 check is identical!
24/03/2022 14:20:53.18 [Information] [Copy]	Action ignore: 'New:krl.Copy(KRC:\R1\TP\ArcTechBasic\ToolCorrManual\TCM_ToolCorr.src), 7000, 0'. MD5 check is identical!
24/03/2022 14:20:53.18 [Information] [Copy]	Action ignore: 'New:krl.Copy(KRC:\R1\System\ir_stopm.src), 7000, 0'. MD5 check is identical!
24/03/2022 14:20:53.18 [Information] [Copy]	Action ignore: 'New:krl.Copy(KRC:\R1\Program\tm_useraction.src), 7000, 0'. MD5 check is identical!
24/03/2022 14:20:53.19 [Information] [Copy]	Action ignore: 'New:krl.Copy(KRC:\R1\System\bas.src), 7000, 0'. MD5 check is identical!
24/03/2022 14:20:53.19 [Information] [Copy]	Action ignore: 'New:krl.Copy(KRC:\R1\TP\ArcTechBasic\ArcStateTool.src), 7000, 0'. MD5 check is identical!
24/03/2022 14:20:53.30 [Information] [Copy]	Action ignore: 'New:krl.Copy(KRC:\R1\TP\ArcTechBasic\ArcStateHandler.src), 7000, 0'. MD5 check is identical!
24/03/2022 14:20:53.41 [Information] [Copy]	Action ignore: 'New:krl.Copy(KRC:\R1\TP\ArcTechBasic\ArcWeaveGeneral.src), 7000, 0'. MD5 check is identical!
24/03/2022 14:20:53.41 [Information] [Copy]	Action ignore: 'New:krl.Copy(KRC:\R1\TP\ArcTechBasic\ArcWeave.src), 7000, 0'. MD5 check is identical!
24/03/2022 14:20:53.42 [Information] [Copy]	Action ignore: 'New:krl.Copy(KRC:\R1\TP\ArcTechBasic\ArcWeldingFacade.src), 7000, 0'. MD5 check is identical!
24/03/2022 14:20:53.42 [Information] [Copy]	Action ignore: 'New:krl.Copy(KRC:\R1\Mada\robcor.upg), 7000, 0'. MD5 check is identical!
24/03/2022 14:20:53.43 [Information] [Copy]	Action ignore: 'New:krl.Copy(KRC:\R1\TP\ArcTechBasic\ArcSplineWeave.src), 7000, 0'. MD5 check is identical!
24/03/2022 14:20:53.43 [Information] [Copy]	Action ignore: 'New:krl.Copy(KRC:\R1\cell.src), 7000, 0'. MD5 check is identical!
24/03/2022 14:20:53.43 [Information] [Copy]	Action ignore: 'New:krl.Copy(KRC:\R1\Mada\machine.upg), 7000, 0'. MD5 check is identical!
24/03/2022 14:20:53.44 [Information] [Copy]	Action ignore: 'New:krl.Copy(KRC:\R1\System\masref_main.src), 7000, 0'. MD5 check is identical!
24/03/2022 14:20:53.44 [Information] [Copy]	Action ignore: 'New:krl.Copy(KRC:\STEU\Mada\option.upg), 7000, 0'. MD5 check is identical!
24/03/2022 14:20:53.54 [Information] [Copy]	Action ignore: 'New:krl.Copy(KRC:\R1\TP\ArcTechBasic\ArcInputRoutines.src), 7000, 0'. MD5 check is identical!
24/03/2022 14:20:53.65 [Information] [Copy]	Action ignore: 'New:krl.Copy(KRC:\STEU\Mada\machine.upg), 7000, 0'. MD5 check is identical!
24/03/2022 14:20:53.66 [Information] [Copy]	Action ignore: 'New:krl.Copy(KRC:\R1\TP\BrakeTest\BrakeTestStart.src), 7000, 0'. MD5 check is identical!
24/03/2022 14:20:53.66 [Information] [Copy]	Action ignore: 'New:krl.Copy(KRC:\STEU\Mada\custom.upg), 7000, 0'. MD5 check is identical!
24/03/2022 14:20:53.66 [Information] [Copy]	Action ignore: 'New:krl.Copy(KRC:\R1\TP\ArcTechBasic\ArcSense.src), 7000, 0'. MD5 check is identical!
24/03/2022 14:20:53.66 [Information] [Copy]	Action ignore: 'New:krl.Copy(KRC:\R1\TP\ArcTechBasic\ArcAuxiliary.src), 7000, 0'. MD5 check is identical!
24/03/2022 14:20:53.67 [Information] [Copy]	Action ignore: 'New:krl.Copy(KRC:\R1\TP\ArcTechBasic\ArcErrorHandler.src), 7000, 0'. MD5 check is identical!
24/03/2022 14:20:53.67 [Information] [Copy]	Action ignore: 'New:krl.Copy(KRC:\R1\TP\ArcTechBasic\ArcErrorHandlerFacade.src), 7000, 0'. MD5 check is identical!
24/03/2022 14:20:53.68 [Information] [Copy]	Action ignore: 'New:krl.Copy(KRC:\R1\TP\ArcTechBasic\ArcTechMonitoring\UserArcTechMonitoring.src), 7000, 0'. MD5 check is identical!
24/03/2022 14:20:53.68 [Information] [Copy]	Action ignore: 'New:krl.Copy(KRC:\R1\Program\tst.src), 7000, 0'. MD5 check is identical!
24/03/2022 14:20:53.68 [Information] [Copy]	Action ignore: 'New:krl.Copy(KRC:\R1\System\tm_bib.src), 7000, 0'. MD5 check is identical!
24/03/2022 14:20:53.89 [Information] [Copy]	Action ignore: 'New:krl.Copy(KRC:\R1\TP\p00.src), 7000, 0'. MD5 check is identical!
24/03/2022 14:20:53.90 [Information] [Copy]	Action ignore: 'New:krl.Copy(KRC:\R1\TP\ArcTechBasic\ArcOutputRoutines.src), 7000, 0'. MD5 check is identical!
24/03/2022 14:20:53.90 [Information] [Copy]	Action ignore: 'New:krl.Copy(KRC:\R1\System\MsgLib.src), 7000, 0'. MD5 check is identical!
24/03/2022 14:20:53.90 [Information] [Copy]	Action ignore: 'New:krl.Copy(KRC:\R1\System\sps.sub), 7000, 0'. MD5 check is identical!
24/03/2022 14:20:53.91 [Information] [Copy]	Action ignore: 'New:krl.Copy(KRC:\R1\TP\BrakeTest\BrakeTestBack.src), 7000, 0'. MD5 check is identical!
24/03/2022 14:20:53.91 [Information] [Copy]	Action ignore: 'New:krl.Copy(KRC:\R1\TP\BrakeTest\BrakeTestReq.src), 7000, 0'. MD5 check is identical!
24/03/2022 14:20:53.92 [Information] [Copy]	Action ignore: 'New:krl.Copy(KRC:\R1\TP\ArcTechBasic\ArcMain.src), 7000, 0'. MD5 check is identical!
24/03/2022 14:20:53.92 [Information] [Copy]	Action ignore: 'New:krl.Copy(KRC:\R1\TP\BrakeTest\BrakeTestSelfTest.src), 7000, 0'. MD5 check is identical!
24/03/2022 14:20:53.93 [Information] [Copy]	Action ignore: 'New:krl.Copy(KRC:\R1\TP\ArcTechBasic\ArcMsgProxy.src), 7000, 0'. MD5 check is identical!
24/03/2022 14:20:53.98 [Information] [Copy]	Action ignore: 'New:krl.Copy(KRC:\R1\TP\BrakeTest\BrakeTestPark.src), 7000, 0'. MD5 check is identical!
24/03/2022 14:20:53.98 [Information] [Copy]	Action ignore: 'New:solution.Copy(C:\KRC\User\ProjectRoot\427630_br\427630_br.wvs), 9000, 0'. Copy only once!
24/03/2022 14:20:53.98 [Information] °°° Begin adding global actions for project '427630_br V1.2.0.0'!
24/03/2022 14:20:53.99 [Information] °°° Execute prepare actions for project '427630_br V1.2.0.0'!
24/03/2022 14:20:57.64 [Information] Successful execute PrepareAction 'Global.UserPermission(), 1000, 0'.
24/03/2022 14:20:57.65 [Information] Execute Global.StopProgram(), 2000, 0. Krc not in Automatic!
24/03/2022 14:20:57.65 [Information] Successful execute PrepareAction 'Global.StopProgram(), 2000, 0'.
24/03/2022 14:20:57.65 [Information] *** End Prepare '427630_br V1.2.0.0'!
24/03/2022 14:20:57.72 [Information] Committed: Prepared.
24/03/2022 14:20:57.75 [Information] *** Start installation of "427630_br V1.2.0.0".
24/03/2022 14:20:57.75 [Information] Reset current project!
24/03/2022 14:20:57.78 [Information] Successful execute Install Action 'Global.PrepareReconfiguration(), 0, 0'.
24/03/2022 14:20:57.78 [Information] Install Action 'Global.PrepareReconfiguration(), 0, 0' is installed with its 0 children.
24/03/2022 14:20:57.86 [Information] Successful execute Install Action 'New:config.Copy(Config:\User\Common\ecatms_sys_X44_usr_config.xml), 2000, 0'.
24/03/2022 14:20:57.86 [Information] Install Action 'New:config.Copy(Config:\User\Common\ecatms_sys_X44_usr_config.xml), 2000, 0' is installed with its 0 children.
24/03/2022 14:20:58.08 [Information] Successful execute Install Action 'New:mada.Copy(KRC:\Steu\Mada\$custom.dat), 4000, 0'.
24/03/2022 14:20:58.08 [Information] Install Action 'New:mada.Copy(KRC:\Steu\Mada\$custom.dat), 4000, 0' is installed with its 0 children.
24/03/2022 14:20:58.23 [Information] Successful execute Install Action 'New:mada.Copy(KRC:\R1\Mada\$robcor.dat), 4000, 0'.
24/03/2022 14:20:58.23 [Information] Install Action 'New:mada.Copy(KRC:\R1\Mada\$robcor.dat), 4000, 0' is installed with its 0 children.
24/03/2022 14:20:58.32 [Information] Successful execute Install Action 'New:mada.Copy(KRC:\R1\Mada\$machine.dat), 4000, 0'.
24/03/2022 14:20:58.32 [Information] Install Action 'New:mada.Copy(KRC:\R1\Mada\$machine.dat), 4000, 0' is installed with its 0 children.
24/03/2022 14:20:58.36 [Information] Successful execute Install Action 'New:krl.COPY; /Sequence=6500(KRC:\R1\TP\ArcTechBasic\ArcOutputRoutines.dat), 6500, 0'.
24/03/2022 14:20:58.36 [Information] Install Action 'New:krl.COPY; /Sequence=6500(KRC:\R1\TP\ArcTechBasic\ArcOutputRoutines.dat), 6500, 0' is installed with its 0 children.
24/03/2022 14:20:58.43 [Information] Successful execute Install Action 'New:krl.Copy(KRC:\R1\TP\ArcTechBasic\ArcErrorHandler.dat), 6500, 0'.
24/03/2022 14:20:58.43 [Information] Install Action 'New:krl.Copy(KRC:\R1\TP\ArcTechBasic\ArcErrorHandler.dat), 6500, 0' is installed with its 0 children.
24/03/2022 14:20:58.49 [Information] Successful execute Install Action 'New:krl.COPY; /Sequence=6500(KRC:\R1\TP\ArcTechBasic\ArcInputRoutines.dat), 6500, 0'.
24/03/2022 14:20:58.49 [Information] Install Action 'New:krl.COPY; /Sequence=6500(KRC:\R1\TP\ArcTechBasic\ArcInputRoutines.dat), 6500, 0' is installed with its 0 children.
24/03/2022 14:20:58.57 [Information] Successful execute Install Action 'New:krl.COPY; /Sequence=6500(KRC:\R1\TP\ArcTechBasic\ArcOutputHelpRoutines.dat), 6500, 0'.
24/03/2022 14:20:58.57 [Information] Install Action 'New:krl.COPY; /Sequence=6500(KRC:\R1\TP\ArcTechBasic\ArcOutputHelpRoutines.dat), 6500, 0' is installed with its 0 children.
24/03/2022 14:20:58.60 [Information] Successful execute Install Action 'New:krl.COPY; /Sequence=6500(KRC:\R1\TP\ArcTechBasic\ArcGeneral.dat), 6500, 0'.
24/03/2022 14:20:58.60 [Information] Install Action 'New:krl.COPY; /Sequence=6500(KRC:\R1\TP\ArcTechBasic\ArcGeneral.dat), 6500, 0' is installed with its 0 children.
24/03/2022 14:20:58.64 [Information] Successful execute Install Action 'New:krl.COPY; /Sequence=6500(KRC:\R1\TP\ArcTechBasic\ArcAuxiliary.dat), 6500, 0'.
24/03/2022 14:20:58.64 [Information] Install Action 'New:krl.COPY; /Sequence=6500(KRC:\R1\TP\ArcTechBasic\ArcAuxiliary.dat), 6500, 0' is installed with its 0 children.
24/03/2022 14:20:58.69 [Information] *** Installation of "427630_br V1.2.0.0" successful!
24/03/2022 14:20:58.87 [Information] Set current project: 427630_br V1.2.0.0
24/03/2022 14:20:58.91 [Information] *** End installation of "427630_br V1.2.0.0".
24/03/2022 14:20:58.92 [Information] Committed: Installed.
24/03/2022 14:20:58.99 [Information] Successfully execute post action 'Global.AnalyseAll(), 1000, 0'.
24/03/2022 14:20:59.01 [Information] Successfully execute post action 'Global.Reconfiguration(), 99900, 0'.
24/03/2022 14:20:59.01 [Information] *** Post processing successful.
24/03/2022 14:21:00.01 [Information] Committing: Removing package 'C:\KRC\User\ProjectRoot\S-1-5-21-2269380786-2530548679-512879433.pkg'.
24/03/2022 14:21:00.01 [Information] Committed: Completed.
24/03/2022 14:21:00.05 [Information] #----------------o0o---------------#
