03/06/2022 08:25:02.48 [Information] -------------------------------
03/06/2022 08:25:02.49 [Information] *** Begin Prepare ''!
03/06/2022 08:25:02.49 [Information] *** Begin prepare project 'Cortag V1.17.0.0'!
03/06/2022 08:25:11.01 [Information] *** Start preparation of 'Cortag' path ''
03/06/2022 08:25:20.03 [Information] Prepare Installation of project "Cortag V1.17.0.0".
03/06/2022 08:25:20.13 [Information] Current project was "Cortag V1.16.0".
03/06/2022 08:25:20.74 [Information] °°° Begin adding actions for project 'Cortag V1.17.0.0'!
03/06/2022 08:25:20.83 [Warning] Element Type changed for {ExternalFileManifest Safety:Copy(Config:\User\Common\SCTLCRC.XML) - Automatic} -> config
03/06/2022 08:25:20.83 [Warning] Element Type changed for {ExternalFileManifest Safety:Copy(Config:\User\Common\MotionDrivers\motiondrv.ini) - Automatic, SavedExternal} -> config
03/06/2022 08:25:20.83 [Warning] Element Type changed for {ExternalFileManifest File:Copy(KRC:\R1\Mada\machine.upg) - SavedExternal} -> krl
03/06/2022 08:25:20.83 [Warning] Element Type changed for {ExternalFileManifest File:Copy(KRC:\R1\Mada\robcor.upg) - SavedExternal} -> krl
03/06/2022 08:25:20.83 [Warning] Element Type changed for {ExternalFileManifest File:Copy(KRC:\STEU\Mada\custom.upg) - SavedExternal} -> krl
03/06/2022 08:25:20.84 [Warning] Element Type changed for {ExternalFileManifest File:Copy(KRC:\STEU\Mada\machine.upg) - SavedExternal} -> krl
03/06/2022 08:25:20.84 [Warning] Element Type changed for {ExternalFileManifest File:Copy(KRC:\STEU\Mada\option.upg) - SavedExternal} -> krl
03/06/2022 08:25:20.84 [Warning] Element Type changed for {ExternalFileManifest Config:Copy(Config:\User\Common\SafetyConfigData.xml) - SavedExternal} -> safety
03/06/2022 08:25:20.84 [Warning] Element Type changed for {ExternalFileManifest Config:Copy(Config:\User\Common\SCtlPara.sg) - SavedExternal} -> safety
03/06/2022 08:25:20.85 [Information] SafetyHandler ignores element: '{ExternalFileManifest safety:Copy(Config:\User\Common\SafetyConfigData.xml) - SavedExternal}'
03/06/2022 08:25:20.85 [Information] SafetyHandler ignores element: '{ExternalFileManifest safety:Copy(Config:\User\Common\SCtlPara.sg) - SavedExternal}'
03/06/2022 08:25:20.85 [Information] SafetyHandler ignores element: '{ExternalFileManifest safety:Copy(Config:\User\Common\HNFINFO.SAF) - SavedExternal}'
03/06/2022 08:25:21.61 [Information] ° Reboot requested before activation = False
03/06/2022 08:25:21.62 [Information] °°° Begin initialize actions for project 'Cortag V1.17.0.0'!
03/06/2022 08:25:21.64 [Information] [Copy]	Action ignore: 'New:file.Copy(C:\KRC\User\Settings.xml), 1500, 0'. MD5 check is identical!
03/06/2022 08:25:21.64 [Information] [Copy]	Action ignore: 'New:file.Copy(C:\KRC\User\SmartHMI.User.config), 1500, 0'. MD5 check is identical!
03/06/2022 08:25:21.65 [Information] [Copy]	Action ignore: 'New:file.Copy(C:\KRC\User\WaitForUserList.xml), 1500, 0'. MD5 check is identical!
03/06/2022 08:25:21.66 [Information] [Copy]	Action ignore: 'New:file.Copy(C:\KRC\User\SchedulerAction.BackupAction.config), 1500, 0'. MD5 check is identical!
03/06/2022 08:25:21.66 [Information] [Copy]	Action ignore: 'New:file.Copy(C:\KRC\User\MaintenanceHandBook.User.config), 1500, 0'. MD5 check is identical!
03/06/2022 08:25:21.66 [Information] [Copy]	Action ignore: 'New:file.Copy(C:\KRC\User\PMService.user.config), 1500, 0'. MD5 check is identical!
03/06/2022 08:25:21.67 [Information] [Copy]	Action ignore: 'New:file.Copy(C:\KRC\User\ProjectExternalFileList.xml), 1500, 0'. MD5 check is identical!
03/06/2022 08:25:21.67 [Information] [Copy]	Action ignore: 'New:file.Copy(C:\KRC\User\WorkVisualServiceHost.User.config), 1500, 0'. MD5 check is identical!
03/06/2022 08:25:21.67 [Information] [Copy]	Action ignore: 'New:file.Copy(C:\KRC\User\BackupManager.User.config), 1500, 0'. MD5 check is identical!
03/06/2022 08:25:21.68 [Information] [Copy]	Action ignore: 'New:file.Copy(C:\KRC\User\KLMDigitalIO.WriteProtectedOutputs.cfg), 1500, 0'. MD5 check is identical!
03/06/2022 08:25:21.68 [Information] [Copy]	Action ignore: 'New:file.Copy(C:\KRC\User\Measurement.Points.cfg), 1500, 0'. MD5 check is identical!
03/06/2022 08:25:21.68 [Information] [Copy]	Action ignore: 'New:file.Copy(C:\KRC\User\Data\UserAdvMonitoring.kxr), 1500, 0'. MD5 check is identical!
03/06/2022 08:25:21.69 [Information] [Copy]	Action ignore: 'New:file.Copy(C:\KRC\User\SetupWizardStates.xml), 1500, 0'. MD5 check is identical!
03/06/2022 08:25:21.69 [Information] [Copy]	Action ignore: 'New:file.Copy(C:\KRC\User\InstallTech.cfg), 1500, 0'. MD5 check is identical!
03/06/2022 08:25:21.70 [Information] [Copy]	Action ignore: 'New:file.Copy(C:\KRC\User\AdvMonitoring\AdvMonitoringConfig.xml), 1500, 0'. MD5 check is identical!
03/06/2022 08:25:21.70 [Information] [Copy]	Action ignore: 'New:file.Copy(C:\KRC\User\ConfigMon.ini), 1500, 0'. MD5 check is identical!
03/06/2022 08:25:21.71 [Information] [Copy]	Action ignore: 'New:file.Copy(C:\KRC\User\Cross3.User.config), 1500, 0'. MD5 check is identical!
03/06/2022 08:25:21.71 [Information] [Copy]	Action ignore: 'New:file.Copy(C:\KRC\User\KukaPMService.User.config), 1500, 0'. MD5 check is identical!
03/06/2022 08:25:21.72 [Information] [Copy]	Action ignore: 'New:file.Copy(C:\KRC\User\InitialProjectSetup.User.config), 1500, 0'. MD5 check is identical!
03/06/2022 08:25:21.72 [Information] [Copy]	Action ignore: 'New:config.Copy(Config:\User\Common\Mada\NGAxis\CtrlE3.xml), 2000, 0'. MD5 check is identical!
03/06/2022 08:25:21.72 [Information] [Copy]	Action ignore: 'New:config.Copy(Config:\User\Common\Mada\NGAxis\CtrlE3AddFct.xml), 2000, 0'. MD5 check is identical!
03/06/2022 08:25:21.73 [Information] [Copy]	Action ignore: 'New:config.Copy(Config:\User\Common\Mada\NGAxis\E3.xml), 2000, 0'. MD5 check is identical!
03/06/2022 08:25:21.73 [Information] [Copy]	Action ignore: 'New:config.Copy(Config:\User\Common\Mada\CFCore.xml), 2000, 0'. MD5 check is identical!
03/06/2022 08:25:21.73 [Information] [Copy]	Action ignore: 'New:config.Copy(Config:\User\Common\Mada\NGAxis\CtrlE2AddFct.xml), 2000, 0'. MD5 check is identical!
03/06/2022 08:25:21.74 [Information] [Copy]	Action ignore: 'New:config.Copy(Config:\User\Common\Mada\NGAxis\E2.xml), 2000, 0'. MD5 check is identical!
03/06/2022 08:25:21.74 [Information] [Copy]	Action ignore: 'New:config.Copy(Config:\User\Common\Supply\KPP_400V_10.xml), 2000, 0'. MD5 check is identical!
03/06/2022 08:25:21.83 [Information] [Copy]	Action ignore: 'New:config.Copy(Config:\User\Common\Mada\NextGenDriveTech.xml), 2000, 0'. MD5 check is identical!
03/06/2022 08:25:21.83 [Information] [Copy]	Action ignore: 'New:config.Copy(Config:\User\Common\Mada\MMAxisAdapter.xml), 2000, 0'. MD5 check is identical!
03/06/2022 08:25:21.84 [Information] [Copy]	Action ignore: 'New:config.Copy(Config:\User\Common\Servofile\S_KPP_400V_10.xml), 2000, 0'. MD5 check is identical!
03/06/2022 08:25:21.84 [Information] [Copy]	Action ignore: 'New:config.Copy(Config:\User\Common\Servofile\S_KPP_sr400-244V_15.xml), 2000, 0'. MD5 check is identical!
03/06/2022 08:25:21.84 [Information] [Copy]	Action ignore: 'New:config.Copy(Config:\User\Common\Supply\KPP_sr400-244V_15.xml), 2000, 0'. MD5 check is identical!
03/06/2022 08:25:21.85 [Information] [Copy]	Action ignore: 'New:config.Copy(Config:\User\Common\Mada\CFCoreWaggonDriverConfig.xml), 2000, 0'. MD5 check is identical!
03/06/2022 08:25:21.85 [Information] [Copy]	Action ignore: 'New:config.Copy(Config:\User\Common\Mada\EAWaggonDriverConfig.xml), 2000, 0'. MD5 check is identical!
03/06/2022 08:25:21.85 [Information] [copy]	Action ignore: 'New:config.copy(Config:\User\Common\connectionchain.xml), 2000, 0'. MD5 check is identical!
03/06/2022 08:25:21.96 [Information] [Copy]	Action ignore: 'New:config.Copy(Config:\User\Common\PersistPC\NGDecouple.xml), 2000, 0'. MD5 check is identical!
03/06/2022 08:25:22.08 [Information] [Copy]	Action ignore: 'New:config.Copy(Config:\User\Common\Mada\CtrlGainTab.bin), 2000, 0'. MD5 check is identical!
03/06/2022 08:25:22.09 [Information] [copy]	Action ignore: 'New:config.copy(Config:\User\Common\SysBusDriver.xml), 2000, 0'. MD5 check is identical!
03/06/2022 08:25:22.09 [Information] [copy]	Action ignore: 'New:config.copy(Config:\User\Common\Modules_SysBusDriver.xml), 2000, 0'. MD5 check is identical!
03/06/2022 08:25:22.20 [Information] [copy]	Action ignore: 'New:config.copy(Config:\User\Common\KNet.xml), 2000, 0'. MD5 check is identical!
03/06/2022 08:25:22.30 [Information] [Copy]	Action ignore: 'New:config.Copy(Config:\User\Common\Mada\MotionDrivers\motiondrv.ini), 2000, 0'. MD5 check is identical!
03/06/2022 08:25:22.30 [Information] [Copy]	Action ignore: 'New:config.Copy(Config:\User\Common\CabCtrl.xml), 2000, 0'. MD5 check is identical!
03/06/2022 08:25:22.31 [Information] [copy]	Action ignore: 'New:config.copy(Config:\User\Common\Modules_TimeSync.xml), 2000, 0'. MD5 check is identical!
03/06/2022 08:25:22.31 [Information] [Copy]	Action ignore: 'New:config.Copy(Config:\User\Common\Mada\LDP.xml), 2000, 0'. MD5 check is identical!
03/06/2022 08:25:22.32 [Information] [Copy]	Action ignore: 'New:config.Copy(Config:\User\Common\Mada\MotionDrivers\MdlCtlDataDrv.ini), 2000, 0'. MD5 check is identical!
03/06/2022 08:25:22.32 [Information] [Copy]	Action ignore: 'New:config.Copy(Config:\User\Common\Mada\MotionDrivers\mdrBrakeTest.ini), 2000, 0'. MD5 check is identical!
03/06/2022 08:25:22.32 [Information] [Copy]	Action ignore: 'New:config.Copy(Config:\User\Cabinet\NGSharedO.xml), 2000, 0'. MD5 check is identical!
03/06/2022 08:25:22.33 [Information] [Copy]	Action ignore: 'New:config.Copy(Config:\User\Common\Mada\NGAxis\A3.xml), 2000, 0'. MD5 check is identical!
03/06/2022 08:25:22.33 [Information] [Copy]	Action ignore: 'New:config.Copy(Config:\User\Common\Mada\NGAxis\CtrlA3AddFct.xml), 2000, 0'. MD5 check is identical!
03/06/2022 08:25:22.34 [Information] [Copy]	Action ignore: 'New:config.Copy(Config:\User\Common\Mada\NGAxis\CtrlA3.xml), 2000, 0'. MD5 check is identical!
03/06/2022 08:25:22.44 [Information] [Copy]	Action ignore: 'New:config.Copy(Config:\User\Common\Mada\NGAxis\CtrlA4.xml), 2000, 0'. MD5 check is identical!
03/06/2022 08:25:22.54 [Information] [Copy]	Action ignore: 'New:config.Copy(Config:\User\Common\ServoFile\S_SSR5-AKM22-11_KSPsr5_244V_V1.xml), 2000, 0'. MD5 check is identical!
03/06/2022 08:25:22.55 [Information] [Copy]	Action ignore: 'New:config.Copy(Config:\User\Common\Motor\M_SSR5-AKM22-11_KSPsr5_244V_V1.xml), 2000, 0'. MD5 check is identical!
03/06/2022 08:25:22.55 [Information] [Copy]	Action ignore: 'New:config.Copy(Config:\User\Common\ServoFile\S_LGen2_KSPsr10_244V_SSRklein_V1.xml), 2000, 0'. MD5 check is identical!
03/06/2022 08:25:22.56 [Information] [Copy]	Action ignore: 'New:config.Copy(Config:\User\Common\Mada\NGAxis\CtrlA2.xml), 2000, 0'. MD5 check is identical!
03/06/2022 08:25:22.56 [Information] [Copy]	Action ignore: 'New:config.Copy(Config:\User\Common\Mada\NGAxis\A1.xml), 2000, 0'. MD5 check is identical!
03/06/2022 08:25:22.56 [Information] [Copy]	Action ignore: 'New:config.Copy(Config:\User\Common\Mada\NGAxis\CtrlA1AddFct.xml), 2000, 0'. MD5 check is identical!
03/06/2022 08:25:22.57 [Information] [Copy]	Action ignore: 'New:config.Copy(Config:\User\Common\Motor\M_LGen2_KSPsr10_244V_SSRklein_V1.xml), 2000, 0'. MD5 check is identical!
03/06/2022 08:25:22.57 [Information] [Copy]	Action ignore: 'New:config.Copy(Config:\User\Common\Mada\NGAxis\A2.xml), 2000, 0'. MD5 check is identical!
03/06/2022 08:25:22.58 [Information] [Copy]	Action ignore: 'New:config.Copy(Config:\User\Common\Mada\NGAxis\CtrlA2AddFct.xml), 2000, 0'. MD5 check is identical!
03/06/2022 08:25:22.58 [Information] [Copy]	Action ignore: 'New:config.Copy(Config:\User\Common\Mada\NGAxis\CtrlA4AddFct.xml), 2000, 0'. MD5 check is identical!
03/06/2022 08:25:22.69 [Information] [Copy]	Action ignore: 'New:config.Copy(Config:\User\Common\Mada\NGAxis\CtrlE1.xml), 2000, 0'. MD5 check is identical!
03/06/2022 08:25:22.79 [Information] [Copy]	Action ignore: 'New:config.Copy(Config:\User\Common\ServoFile\S_G1_KSP40_400V_V1.xml), 2000, 0'. MD5 check is identical!
03/06/2022 08:25:22.79 [Information] [Copy]	Action ignore: 'New:config.Copy(Config:\User\Common\Motor\M_G1_KSP40_400V_V1.xml), 2000, 0'. MD5 check is identical!
03/06/2022 08:25:22.80 [Information] [Copy]	Action ignore: 'New:config.Copy(Config:\User\Common\Mada\NGAxis\CtrlE2.xml), 2000, 0'. MD5 check is identical!
03/06/2022 08:25:22.80 [Information] [Copy]	Action ignore: 'New:config.Copy(Config:\User\Common\Mada\NGAxis\E1.xml), 2000, 0'. MD5 check is identical!
03/06/2022 08:25:22.81 [Information] [Copy]	Action ignore: 'New:config.Copy(Config:\User\Common\Mada\NGAxis\CtrlE1AddFct.xml), 2000, 0'. MD5 check is identical!
03/06/2022 08:25:22.81 [Information] [Copy]	Action ignore: 'New:config.Copy(Config:\User\Common\Mada\NGAxis\A6.xml), 2000, 0'. MD5 check is identical!
03/06/2022 08:25:22.91 [Information] [Copy]	Action ignore: 'New:config.Copy(Config:\User\Common\Mada\NGAxis\CtrlA5AddFct.xml), 2000, 0'. MD5 check is identical!
03/06/2022 08:25:22.92 [Information] [Copy]	Action ignore: 'New:config.Copy(Config:\User\Common\Mada\NGAxis\CtrlA5.xml), 2000, 0'. MD5 check is identical!
03/06/2022 08:25:22.92 [Information] [Copy]	Action ignore: 'New:config.Copy(Config:\User\Common\Mada\NGAxis\A4.xml), 2000, 0'. MD5 check is identical!
03/06/2022 08:25:22.92 [Information] [Copy]	Action ignore: 'New:config.Copy(Config:\User\Common\Mada\NGAxis\CtrlA6AddFct.xml), 2000, 0'. MD5 check is identical!
03/06/2022 08:25:22.93 [Information] [Copy]	Action ignore: 'New:config.Copy(Config:\User\Common\Mada\NGAxis\CtrlA6.xml), 2000, 0'. MD5 check is identical!
03/06/2022 08:25:22.93 [Information] [Copy]	Action ignore: 'New:config.Copy(Config:\User\Common\Mada\NGAxis\A5.xml), 2000, 0'. MD5 check is identical!
03/06/2022 08:25:22.94 [Information] [copy]	Action ignore: 'New:config.copy(Config:\User\Common\TimeSync.xml), 2000, 0'. MD5 check is identical!
03/06/2022 08:25:22.94 [Information] [Copy]	Action ignore: 'New:config.Copy(Config:\User\Common\MotionDrivers\mdrBrakeTest.ini), 2000, 0'. MD5 check is identical!
03/06/2022 08:25:22.94 [Information] [Copy]	Action ignore: 'New:config.Copy(Config:\User\Common\MotionDrivers\loadDataDevice.ini), 2000, 0'. MD5 check is identical!
03/06/2022 08:25:22.95 [Information] [Copy]	Action ignore: 'New:config.Copy(Config:\User\Common\Mada\SimuAxis\A6.xml), 2000, 0'. MD5 check is identical!
03/06/2022 08:25:22.98 [Information] [Copy]	Action ignore: 'New:config.Copy(Config:\User\Common\MotionDrivers\mdrJointOffset.ini), 2000, 0'. MD5 check is identical!
03/06/2022 08:25:22.99 [Information] [Copy]	Action ignore: 'New:config.Copy(Config:\User\Common\MotionDrivers\mdrEmily.ini), 2000, 0'. MD5 check is identical!
03/06/2022 08:25:23.06 [Information] [Copy]	Action ignore: 'New:config.Copy(Config:\User\Common\MotionDrivers\mdrConveyor.ini), 2000, 0'. MD5 check is identical!
03/06/2022 08:25:23.06 [Information] [Copy]	Action ignore: 'New:config.Copy(Config:\User\Common\Mada\SimuAxis\A5.xml), 2000, 0'. MD5 check is identical!
03/06/2022 08:25:23.06 [Information] [Copy]	Action ignore: 'New:config.Copy(Config:\User\Common\Mada\SimuAxis\A1.xml), 2000, 0'. MD5 check is identical!
03/06/2022 08:25:23.07 [Information] [Copy]	Action ignore: 'New:config.Copy(Config:\User\Common\Mada\SimuAxesKrc.xml), 2000, 0'. MD5 check is identical!
03/06/2022 08:25:23.07 [Information] [Copy]	Action ignore: 'New:config.Copy(Config:\User\Common\Mada\SimuAxes.xml), 2000, 0'. MD5 check is identical!
03/06/2022 08:25:23.08 [Information] [Copy]	Action ignore: 'New:config.Copy(Config:\User\Common\Mada\SimuAxis\A4.xml), 2000, 0'. MD5 check is identical!
03/06/2022 08:25:23.08 [Information] [Copy]	Action ignore: 'New:config.Copy(Config:\User\Common\Mada\SimuAxis\A3.xml), 2000, 0'. MD5 check is identical!
03/06/2022 08:25:23.08 [Information] [Copy]	Action ignore: 'New:config.Copy(Config:\User\Common\Mada\SimuAxis\A2.xml), 2000, 0'. MD5 check is identical!
03/06/2022 08:25:23.09 [Information] [Copy]	Action ignore: 'New:config.Copy(Config:\User\Common\MotionDrivers\mdrSignalMonitor.ini), 2000, 0'. MD5 check is identical!
03/06/2022 08:25:23.09 [Information] [Copy]	Action ignore: 'New:config.Copy(Config:\User\Common\PNIOIM4Data.dat), 2000, 0'. MD5 check is identical!
03/06/2022 08:25:23.09 [Information] [Copy]	Action ignore: 'New:config.Copy(Config:\User\KrlModSize.bin), 2000, 0'. MD5 check is identical!
03/06/2022 08:25:23.29 [Information] [Copy]	Action ignore: 'New:config.Copy(Config:\User\Office\PersistRDC\Readme.txt), 2000, 0'. MD5 check is identical!
03/06/2022 08:25:23.30 [Information] [Copy]	Action ignore: 'New:config.Copy(Config:\User\Common\Modules_ARCLINKXT.xml), 2000, 0'. MD5 check is identical!
03/06/2022 08:25:23.30 [Information] [Copy]	Action ignore: 'New:config.Copy(Config:\User\Common\Logging_ArcLink.xml), 2000, 0'. MD5 check is identical!
03/06/2022 08:25:23.31 [Information] [Copy]	Action ignore: 'New:config.Copy(Config:\User\Common\PersistPC\KrcRrtLog.xml), 2000, 0'. MD5 check is identical!
03/06/2022 08:25:23.31 [Information] [Copy]	Action ignore: 'New:config.Copy(Config:\User\Office\PersistPDS\Readme.txt), 2000, 0'. MD5 check is identical!
03/06/2022 08:25:23.31 [Information] [Copy]	Action ignore: 'New:config.Copy(Config:\User\Common\PersistPC\EncoderMastering.xml), 2000, 0'. MD5 check is identical!
03/06/2022 08:25:23.32 [Information] [Copy]	Action ignore: 'New:config.Copy(Config:\User\Common\MotionDrivers\mdrVwAscii.ini), 2000, 0'. MD5 check is identical!
03/06/2022 08:25:23.32 [Information] [Copy]	Action ignore: 'New:config.Copy(Config:\User\Common\MotionDrivers\mdrStandStill.ini), 2000, 0'. MD5 check is identical!
03/06/2022 08:25:23.32 [Information] [Copy]	Action ignore: 'New:config.Copy(Config:\User\Office\PersistCIB\Readme.txt), 2000, 0'. MD5 check is identical!
03/06/2022 08:25:23.33 [Information] [Copy]	Action ignore: 'New:config.Copy(Config:\User\Common\VxWin\knet.config), 2000, 0'. MD5 check is identical!
03/06/2022 08:25:23.43 [Information] [Copy]	Action ignore: 'New:config.Copy(Config:\User\Common\PersistPC\SimuMastering.xml), 2000, 0'. MD5 check is identical!
03/06/2022 08:25:23.50 [Information] [Copy]	Action ignore: 'New:config.Copy(Config:\User\Common\KLIConfig.xml), 2000, 0'. MD5 check is identical!
03/06/2022 08:25:23.54 [Information] [Copy]	Action ignore: 'New:config.Copy(Config:\User\Common\FpExceptions.xml), 2000, 0'. MD5 check is identical!
03/06/2022 08:25:23.54 [Information] [Copy]	Action ignore: 'New:config.Copy(Config:\User\Common\ECAT_SYS_X44.xml), 2000, 0'. MD5 check is identical!
03/06/2022 08:25:23.55 [Information] [Copy]	Action ignore: 'New:config.Copy(Config:\User\Common\KrcDryRun.xml), 2000, 0'. MD5 check is identical!
03/06/2022 08:25:23.55 [Information] [Copy]	Action ignore: 'New:config.Copy(Config:\User\Common\KrcConfig.xml), 2000, 0'. MD5 check is identical!
03/06/2022 08:25:23.55 [Information] [Copy]	Action ignore: 'New:config.Copy(Config:\User\Common\KONIConfig.xml), 2000, 0'. MD5 check is identical!
03/06/2022 08:25:23.56 [Information] [Copy]	Action ignore: 'New:config.Copy(Config:\User\Common\ecat_PBM_Gateway.xml), 2000, 0'. MD5 check is identical!
03/06/2022 08:25:23.56 [Information] [Copy]	Action ignore: 'New:config.Copy(Config:\User\Common\MotionDrivers\motiondrv.ini), 2000, 0'. MD5 check is identical!
03/06/2022 08:25:23.56 [Information] [Copy]	Action ignore: 'New:config.Copy(Config:\User\Common\SCTLCRC.XML), 2000, 0'. MD5 check is identical!
03/06/2022 08:25:23.57 [Information] [copy]	Action ignore: 'New:config.copy(Config:\User\Common\TimeSyncBase.xml), 2000, 0'. MD5 check is identical!
03/06/2022 08:25:23.78 [Information] [Copy]	Action ignore: 'New:config.Copy(Config:\User\Common\ecat_DNM_Gateway.xml), 2000, 0'. MD5 check is identical!
03/06/2022 08:25:23.88 [Information] [Copy]	Action ignore: 'New:config.Copy(Config:\User\Common\DevIODriver.xml), 2000, 0'. MD5 check is identical!
03/06/2022 08:25:23.89 [Information] [Copy]	Action ignore: 'New:config.Copy(Config:\User\Common\AsyncDataToKrl.xml), 2000, 0'. MD5 check is identical!
03/06/2022 08:25:23.89 [Information] [Copy]	Action ignore: 'New:config.Copy(Config:\User\Common\KrcExtConfMsg.xml), 2000, 0'. MD5 check is identical!
03/06/2022 08:25:23.89 [Information] [Copy]	Action ignore: 'New:config.Copy(Config:\User\Common\ProConOS.xml), 2000, 0'. MD5 check is identical!
03/06/2022 08:25:23.90 [Information] [Copy]	Action ignore: 'New:config.Copy(Config:\User\Common\NGMada.xml), 2000, 0'. MD5 check is identical!
03/06/2022 08:25:23.90 [Information] [Copy]	Action ignore: 'New:config.Copy(Config:\User\Common\Modules_VRC.xml), 2000, 0'. MD5 check is identical!
03/06/2022 08:25:23.90 [Information] [Copy]	Action ignore: 'New:config.Copy(Config:\User\Common\Mada\Properties.xml), 2000, 0'. MD5 check is identical!
03/06/2022 08:25:23.90 [Information] [Copy]	Action ignore: 'New:config.Copy(Config:\User\Common\ProConOS_PDD.xml), 2000, 0'. MD5 check is identical!
03/06/2022 08:25:23.91 [Information] [Copy]	Action ignore: 'New:config.Copy(Config:\User\Common\ProConOS_IO.xml), 2000, 0'. MD5 check is identical!
03/06/2022 08:25:23.91 [Information] [Copy]	Action ignore: 'New:config.Copy(Config:\User\Common\Modules_ProConOS.xml), 2000, 0'. MD5 check is identical!
03/06/2022 08:25:24.02 [Information] [Copy]	Action ignore: 'New:config.Copy(Config:\User\Common\Logging_SpotControl.xml), 2000, 0'. MD5 check is identical!
03/06/2022 08:25:24.12 [Information] [Copy]	Action ignore: 'New:config.Copy(Config:\User\Common\Logging_RoboTeam.xml), 2000, 0'. MD5 check is identical!
03/06/2022 08:25:24.13 [Information] [Copy]	Action ignore: 'New:config.Copy(Config:\User\Common\Logging_BrakeTest.xml), 2000, 0'. MD5 check is identical!
03/06/2022 08:25:24.13 [Information] [Copy]	Action ignore: 'New:config.Copy(Config:\User\Common\Modules_DevIO.xml), 2000, 0'. MD5 check is identical!
03/06/2022 08:25:24.13 [Information] [Copy]	Action ignore: 'New:config.Copy(Config:\User\Common\Logging_VwAscii.xml), 2000, 0'. MD5 check is identical!
03/06/2022 08:25:24.14 [Information] [Copy]	Action ignore: 'New:config.Copy(Config:\User\Common\Logging_System.xml), 2000, 0'. MD5 check is identical!
03/06/2022 08:25:24.14 [Information] [Copy]	Action ignore: 'New:config.Copy(Config:\User\Common\Mada\NGAxis\CtrlA1.xml), 2000, 0'. MD5 check is identical!
03/06/2022 08:25:24.15 [Information] [Copy]	Action Requests reconfiguration: 'New:config.Copy(Config:\User\Common\KRC_IO.xml), 2000, 0'.
03/06/2022 08:25:24.15 [Information] [Copy]	Action Requests reconfiguration: 'New:config.Copy(Config:\User\Common\KrcIoSignals.xml), 2000, 0'.
03/06/2022 08:25:24.16 [Information] [Copy]	Action ignore: 'New:config.Copy(Config:\User\Common\TransferApp_IO.xml), 2000, 0'. MD5 check is identical!
03/06/2022 08:25:24.33 [Warning] Ignore UserPdiInstallAction: Copy "C:\KRC\ROBOTER\Config\User\Common\USERPDI.SAF". Header and content check states identical data!
03/06/2022 08:25:24.41 [Information] SafetyNetworkInstallAction 'New:safety.Copy(Config:\User\Common\SAFEDEV.SAF), 2000, 0': Checksum is identical.
03/06/2022 08:25:24.41 [Warning] Ignore SafetyNetworkInstallAction: Copy "C:\KRC\ROBOTER\Config\User\Common\SAFEDEV.SAF". Header and content check states identical data!
03/06/2022 08:25:24.42 [Warning] Ignore SafetyConfigParamAction: Copy "C:\KRC\ROBOTER\Config\User\Common\SCTLPARA.SAF". Param header and content check states identical data!
03/06/2022 08:25:24.43 [Warning] Ignore SafetyConfigParamAction: Copy "C:\KRC\ROBOTER\Config\User\Common\SCTLPARA.SAF". Param header and content check states identical data!
03/06/2022 08:25:24.43 [Information] SafetyParamInfoAction 'New:safety.Copy(Config:\User\Common\SCTLINFO.SAF), 2000, 0': Ignored since safety parameter file is ignored too.
03/06/2022 08:25:24.43 [Information] [Copy]	Action ignore: 'New:config.Copy(Config:\User\Common\Mada\KRCAxes.xml), 2000, 0'. MD5 check is identical!
03/06/2022 08:25:24.43 [Information] [Copy]	Action ignore: 'New:config.Copy(Config:\User\Common\Motor\M_D0Gen2C_KSPsr12_244V_SSRklein_V1.xml), 2000, 0'. MD5 check is identical!
03/06/2022 08:25:24.44 [Information] [Copy]	Action ignore: 'New:config.Copy(Config:\User\Common\ServoFile\S_D0Gen2C_KSPsr12_244V_SSRklein_V1.xml), 2000, 0'. MD5 check is identical!
03/06/2022 08:25:24.44 [Information] [Copy]	Action ignore: 'New:config.Copy(Config:\User\Common\ecatms_sys_X44_swap.xml), 2000, 0'. MD5 check is identical!
03/06/2022 08:25:24.45 [Information] [Copy]	Action ignore: 'New:config.Copy(Config:\User\Common\ecatms_config.xml), 2000, 0'. MD5 check is identical!
03/06/2022 08:25:24.46 [Information] [Copy]	Action ignore: 'New:config.Copy(Config:\User\Common\ecatms_sys_X48_config.xml), 2000, 0'. MD5 check is identical!
03/06/2022 08:25:24.47 [Information] [Copy]	Action ignore: 'New:config.Copy(Config:\User\Common\ecatms_sys_X44_usr_config.xml), 2000, 0'. MD5 check is identical!
03/06/2022 08:25:24.48 [Information] [Copy]	Action ignore: 'New:mada.Copy(KRC:\STEU\$config.dat), 4000, 0'. MD5 check is identical!
03/06/2022 08:25:24.49 [Information] KrcCopyAction 'New:mada.Copy(KRC:\R1\Mada\$robcor.dat), 4000, 0': Requests stopping the program.
03/06/2022 08:25:24.49 [Information] [Copy]	Action ignore: 'New:mada.Copy(KRC:\Steu\Mada\$option.dat), 4000, 0'. MD5 check is identical!
03/06/2022 08:25:24.50 [Information] KrcCopyAction 'New:mada.Copy(KRC:\R1\System\$config.dat), 4000, 0': Requests stopping the program.
03/06/2022 08:25:24.50 [Information] KrcCopyAction 'New:mada.Copy(KRC:\Steu\Mada\$custom.dat), 4000, 0': Requests stopping the program.
03/06/2022 08:25:24.51 [Information] [Copy]	Action ignore: 'New:mada.Copy(KRC:\STEU\Mada\$machine.dat), 4000, 0'. MD5 check is identical!
03/06/2022 08:25:24.51 [Information] KrcCopyAction 'New:mada.Copy(KRC:\R1\Mada\$machine.dat), 4000, 0': Requests stopping the program.
03/06/2022 08:25:24.51 [Information] KrcCopyAction 'New:krl.Copy(KRC:\R1\TP\ArcTechBasic\ArcErrorHandler.dat), 6500, 0': Requests stopping the program.
03/06/2022 08:25:24.52 [Information] [Copy]	Action ignore: 'New:krl.Copy(KRC:\R1\System\MsgLib.dat), 6500, 0'. MD5 check is identical!
03/06/2022 08:25:24.52 [Information] KrcCopyAction 'New:krl.COPY; /Sequence=6500(KRC:\R1\TP\ArcTechBasic\ArcGeneral.dat), 6500, 0': Requests stopping the program.
03/06/2022 08:25:24.53 [Information] KrcCopyAction 'New:krl.COPY; /Sequence=6500(KRC:\R1\TP\ArcTechBasic\ArcInputRoutines.dat), 6500, 0': Requests stopping the program.
03/06/2022 08:25:24.53 [Information] KrcCopyAction 'New:krl.COPY; /Sequence=6500(KRC:\R1\TP\ArcTechBasic\ArcOutputHelpRoutines.dat), 6500, 0': Requests stopping the program.
03/06/2022 08:25:24.54 [Information] [COPY; /Sequence=6500]	Action ignore: 'New:krl.COPY; /Sequence=6500(KRC:\R1\TP\ArcTechBasic\ArcOutputRoutines.dat), 6500, 0'. MD5 check is identical!
03/06/2022 08:25:24.54 [Information] KrcCopyAction 'New:krl.Copy(KRC:\R1\TP\ArcTechBasic\ArcRoboTeamState.dat), 6500, 0': Requests stopping the program.
03/06/2022 08:25:24.54 [Information] [Copy]	Action ignore: 'New:krl.Copy(KRC:\R1\System\masref_main.dat), 6500, 0'. MD5 check is identical!
03/06/2022 08:25:24.55 [Information] [Copy]	Action ignore: 'New:krl.Copy(KRC:\R1\TP\ArcTechBasic\ArcMain.dat), 6500, 0'. MD5 check is identical!
03/06/2022 08:25:24.55 [Information] [Copy]	Action ignore: 'New:krl.Copy(KRC:\R1\TP\ArcTechBasic\ArcMsgProxy.dat), 6500, 0'. MD5 check is identical!
03/06/2022 08:25:24.55 [Information] [Copy]	Action ignore: 'New:krl.Copy(KRC:\R1\TP\ArcTechBasic\ArcAuxiliaryWork.dat), 6500, 0'. MD5 check is identical!
03/06/2022 08:25:24.56 [Information] [Copy]	Action ignore: 'New:krl.Copy(KRC:\R1\TP\BrakeTest\BrakeTestBack.dat), 6500, 0'. MD5 check is identical!
03/06/2022 08:25:24.57 [Information] [Copy]	Action ignore: 'New:krl.Copy(KRC:\R1\TP\p00.dat), 6500, 0'. MD5 check is identical!
03/06/2022 08:25:24.57 [Information] [Copy]	Action ignore: 'New:krl.Copy(KRC:\R1\TP\BrakeTest\BrakeTestStart.dat), 6500, 0'. MD5 check is identical!
03/06/2022 08:25:24.57 [Information] [Copy]	Action ignore: 'New:krl.Copy(KRC:\R1\TP\BrakeTest\BrakeTestSelfTest.dat), 6500, 0'. MD5 check is identical!
03/06/2022 08:25:24.58 [Information] [Copy]	Action ignore: 'New:krl.Copy(KRC:\R1\TP\BrakeTest\BrakeTestPark.dat), 6500, 0'. MD5 check is identical!
03/06/2022 08:25:24.58 [Information] [Copy]	Action ignore: 'New:krl.Copy(KRC:\R1\Program\tst.dat), 6500, 0'. MD5 check is identical!
03/06/2022 08:25:24.58 [Information] [COPY; /Sequence=6500]	Action ignore: 'New:krl.COPY; /Sequence=6500(KRC:\R1\TP\ArcTechBasic\ArcAuxiliary.dat), 6500, 0'. MD5 check is identical!
03/06/2022 08:25:24.59 [Information] [Copy]	Action ignore: 'New:krl.Copy(KRC:\R1\System\tm_bib.dat), 6500, 0'. MD5 check is identical!
03/06/2022 08:25:24.59 [Information] [Copy]	Action ignore: 'New:krl.Copy(KRC:\R1\TP\ArcTechBasic\ArcSense.dat), 6500, 0'. MD5 check is identical!
03/06/2022 08:25:24.60 [Information] [Copy]	Action ignore: 'New:krl.Copy(KRC:\R1\TP\ArcTechBasic\ArcTechMonitoring\UserArcTechMonitoring.dat), 6500, 0'. MD5 check is identical!
03/06/2022 08:25:24.60 [Information] [COPY; /Sequence=6500]	Action ignore: 'New:krl.COPY; /Sequence=6500(KRC:\R1\TP\Signals.dat), 6500, 0'. MD5 check is identical!
03/06/2022 08:25:24.61 [Information] [Copy]	Action ignore: 'New:krl.Copy(KRC:\R1\TP\ArcTechBasic\StringLib.dat), 6500, 0'. MD5 check is identical!
03/06/2022 08:25:24.61 [Information] [Copy]	Action ignore: 'New:krl.Copy(KRC:\R1\Program\Solda\MASTER_MESA_A.dat), 6500, 0'. MD5 check is identical!
03/06/2022 08:25:24.61 [Information] [Copy]	Action ignore: 'New:krl.Copy(KRC:\R1\Program\Servico\LIMPA_TOCH.dat), 6500, 0'. MD5 check is identical!
03/06/2022 08:25:24.62 [Information] [Copy]	Action ignore: 'New:krl.Copy(KRC:\R1\TP\ArcTechBasic\ArcWeaveGeneral.dat), 6500, 0'. MD5 check is identical!
03/06/2022 08:25:24.63 [Information] [Copy]	Action ignore: 'New:krl.Copy(KRC:\R1\Program\teste_solda.dat), 6500, 0'. MD5 check is identical!
03/06/2022 08:25:24.63 [Information] [Copy]	Action ignore: 'New:krl.Copy(KRC:\R1\Program\Giro de Mesa\LADO_B_OPERADOR.dat), 6500, 0'. MD5 check is identical!
03/06/2022 08:25:24.63 [Information] [Copy]	Action ignore: 'New:krl.Copy(KRC:\R1\Program\Giro de Mesa\LADO_A_OPERADOR.dat), 6500, 0'. MD5 check is identical!
03/06/2022 08:25:24.64 [Information] [Copy]	Action ignore: 'New:krl.Copy(KRC:\R1\Program\lucas.dat), 6500, 0'. MD5 check is identical!
03/06/2022 08:25:24.64 [Information] [Copy]	Action ignore: 'New:krl.Copy(KRC:\R1\TP\ArcTechBasic\ToolCorrManual\TCM_ToolCorr.dat), 6500, 0'. MD5 check is identical!
03/06/2022 08:25:24.65 [Information] [Copy]	Action ignore: 'New:krl.Copy(KRC:\R1\TP\ArcTechBasic\ArcStateHandler.dat), 6500, 0'. MD5 check is identical!
03/06/2022 08:25:24.65 [Information] [Copy]	Action ignore: 'New:krl.Copy(KRC:\R1\Program\tm_useraction.dat), 6500, 0'. MD5 check is identical!
03/06/2022 08:25:24.66 [Information] [Copy]	Action ignore: 'New:krl.Copy(KRC:\R1\TP\ArcTechBasic\ArcSplineWeave.dat), 6500, 0'. MD5 check is identical!
03/06/2022 08:25:24.66 [Information] [Copy]	Action ignore: 'New:krl.Copy(KRC:\R1\Program\Solda\MASTER_125\NEW_MASTER_MESA_A.dat), 6500, 0'. MD5 check is identical!
03/06/2022 08:25:24.67 [Information] [Copy]	Action ignore: 'New:krl.Copy(KRC:\R1\Program\Solda\MASTER_125\MASTER_125_LADO_B.dat), 6500, 0'. MD5 check is identical!
03/06/2022 08:25:24.67 [Information] [Copy]	Action ignore: 'New:krl.Copy(KRC:\R1\TP\ArcTechBasic\ArcWeave.dat), 6500, 0'. MD5 check is identical!
03/06/2022 08:25:24.67 [Information] [Copy]	Action ignore: 'New:krl.Copy(KRC:\R1\TP\BrakeTest\BrakeTestReq.dat), 6500, 0'. MD5 check is identical!
03/06/2022 08:25:24.68 [Information] [Copy]	Action ignore: 'New:krl.Copy(KRC:\R1\Program\masref_user.dat), 6500, 0'. MD5 check is identical!
03/06/2022 08:25:24.69 [Information] [Copy]	Action ignore: 'New:krl.Copy(KRC:\R1\TP\p00.src), 7000, 0'. MD5 check is identical!
03/06/2022 08:25:24.69 [Information] [Copy]	Action ignore: 'New:krl.Copy(KRC:\R1\Mada\robcor.upg), 7000, 0'. MD5 check is identical!
03/06/2022 08:25:24.69 [Information] [Copy]	Action ignore: 'New:krl.Copy(KRC:\R1\TP\BrakeTest\BrakeTestBack.src), 7000, 0'. MD5 check is identical!
03/06/2022 08:25:24.70 [Information] [Copy]	Action ignore: 'New:krl.Copy(KRC:\R1\TP\BrakeTest\BrakeTestPark.src), 7000, 0'. MD5 check is identical!
03/06/2022 08:25:24.70 [Information] [Copy]	Action ignore: 'New:krl.Copy(KRC:\R1\System\ir_stopm.src), 7000, 0'. MD5 check is identical!
03/06/2022 08:25:24.70 [Information] [Copy]	Action ignore: 'New:krl.Copy(KRC:\R1\Mada\machine.upg), 7000, 0'. MD5 check is identical!
03/06/2022 08:25:24.71 [Information] [Copy]	Action ignore: 'New:krl.Copy(KRC:\R1\System\bas.src), 7000, 0'. MD5 check is identical!
03/06/2022 08:25:24.71 [Information] [Copy]	Action ignore: 'New:krl.Copy(KRC:\R1\Program\tm_useraction.src), 7000, 0'. MD5 check is identical!
03/06/2022 08:25:24.71 [Information] [Copy]	Action ignore: 'New:krl.Copy(KRC:\R1\Program\masref_user.src), 7000, 0'. MD5 check is identical!
03/06/2022 08:25:24.72 [Information] [Copy]	Action ignore: 'New:krl.Copy(KRC:\R1\System\sps.sub), 7000, 0'. MD5 check is identical!
03/06/2022 08:25:24.73 [Information] [Copy]	Action ignore: 'New:krl.Copy(KRC:\R1\System\tm_bib.src), 7000, 0'. MD5 check is identical!
03/06/2022 08:25:24.73 [Information] [Copy]	Action ignore: 'New:krl.Copy(KRC:\R1\System\MsgLib.src), 7000, 0'. MD5 check is identical!
03/06/2022 08:25:24.73 [Information] [Copy]	Action ignore: 'New:krl.Copy(KRC:\R1\System\masref_main.src), 7000, 0'. MD5 check is identical!
03/06/2022 08:25:24.74 [Information] [Copy]	Action ignore: 'New:krl.Copy(KRC:\R1\cell.src), 7000, 0'. MD5 check is identical!
03/06/2022 08:25:24.74 [Information] [Copy]	Action ignore: 'New:krl.Copy(KRC:\R1\TP\ArcTechBasic\ArcWeldingFacade.src), 7000, 0'. MD5 check is identical!
03/06/2022 08:25:24.75 [Information] [Copy]	Action ignore: 'New:krl.Copy(KRC:\R1\TP\ArcTechBasic\ArcWeaveGeneral.src), 7000, 0'. MD5 check is identical!
03/06/2022 08:25:24.75 [Information] [Copy]	Action ignore: 'New:krl.Copy(KRC:\R1\TP\ArcTechBasic\ToolCorrManual\TCM_ToolCorr.src), 7000, 0'. MD5 check is identical!
03/06/2022 08:25:24.75 [Information] [Copy]	Action ignore: 'New:krl.Copy(KRC:\R1\TP\ArcTechBasic\StringLib.src), 7000, 0'. MD5 check is identical!
03/06/2022 08:25:24.76 [Information] [Copy]	Action ignore: 'New:krl.Copy(KRC:\R1\TP\ArcTechBasic\ArcStateHandler.src), 7000, 0'. MD5 check is identical!
03/06/2022 08:25:24.76 [Information] [Copy]	Action ignore: 'New:krl.Copy(KRC:\R1\TP\ArcTechBasic\ArcSplineWeave.src), 7000, 0'. MD5 check is identical!
03/06/2022 08:25:24.77 [Information] [Copy]	Action ignore: 'New:krl.Copy(KRC:\R1\TP\ArcTechBasic\ArcWeave.src), 7000, 0'. MD5 check is identical!
03/06/2022 08:25:24.78 [Information] [Copy]	Action ignore: 'New:krl.Copy(KRC:\R1\TP\ArcTechBasic\ArcStateTool.src), 7000, 0'. MD5 check is identical!
03/06/2022 08:25:24.79 [Information] [Copy]	Action ignore: 'New:krl.Copy(KRC:\R1\Program\Giro de Mesa\LADO_A_OPERADOR.src), 7000, 0'. MD5 check is identical!
03/06/2022 08:25:24.79 [Information] [Copy]	Action ignore: 'New:krl.Copy(KRC:\R1\Program\Principal\Master_AB_giro.src), 7000, 0'. MD5 check is identical!
03/06/2022 08:25:24.79 [Information] [Copy]	Action ignore: 'New:krl.Copy(KRC:\R1\Program\Principal\MASTER_AB.src), 7000, 0'. MD5 check is identical!
03/06/2022 08:25:24.80 [Information] [Copy]	Action ignore: 'New:krl.Copy(KRC:\R1\Program\Solda\MASTER_125\NEW_MASTER_MESA_A.src), 7000, 0'. MD5 check is identical!
03/06/2022 08:25:24.80 [Information] [Copy]	Action ignore: 'New:krl.Copy(KRC:\R1\Program\Solda\MASTER_125\MASTER_125_LADO_B.src), 7000, 0'. MD5 check is identical!
03/06/2022 08:25:24.81 [Information] [Copy]	Action ignore: 'New:krl.Copy(KRC:\R1\Program\Giro de Mesa\LADO_B_OPERADOR.src), 7000, 0'. MD5 check is identical!
03/06/2022 08:25:24.81 [Information] [Copy]	Action ignore: 'New:krl.Copy(KRC:\R1\Program\teste_solda.src), 7000, 0'. MD5 check is identical!
03/06/2022 08:25:24.82 [Information] [Copy]	Action ignore: 'New:krl.Copy(KRC:\R1\Program\Solda\MASTER_MESA_A.src), 7000, 0'. MD5 check is identical!
03/06/2022 08:25:24.82 [Information] [Copy]	Action ignore: 'New:krl.Copy(KRC:\R1\Program\lucas.src), 7000, 0'. MD5 check is identical!
03/06/2022 08:25:24.83 [Information] [Copy]	Action ignore: 'New:krl.Copy(KRC:\STEU\Mada\option.upg), 7000, 0'. MD5 check is identical!
03/06/2022 08:25:24.83 [Information] [Copy]	Action ignore: 'New:krl.Copy(KRC:\STEU\Mada\machine.upg), 7000, 0'. MD5 check is identical!
03/06/2022 08:25:24.83 [Information] [Copy]	Action ignore: 'New:krl.Copy(KRC:\R1\TP\ArcTechBasic\ArcTechMonitoring\UserArcTechMonitoring.src), 7000, 0'. MD5 check is identical!
03/06/2022 08:25:24.84 [Information] [Copy]	Action ignore: 'New:krl.Copy(KRC:\R1\TP\ArcTechBasic\ArcSense.src), 7000, 0'. MD5 check is identical!
03/06/2022 08:25:24.84 [Information] [Copy]	Action ignore: 'New:krl.Copy(KRC:\R1\TP\BrakeTest\BrakeTestSelfTest.src), 7000, 0'. MD5 check is identical!
03/06/2022 08:25:24.84 [Information] [Copy]	Action ignore: 'New:krl.Copy(KRC:\R1\TP\BrakeTest\BrakeTestReq.src), 7000, 0'. MD5 check is identical!
03/06/2022 08:25:24.85 [Information] [Copy]	Action ignore: 'New:krl.Copy(KRC:\STEU\Mada\custom.upg), 7000, 0'. MD5 check is identical!
03/06/2022 08:25:24.85 [Information] [Copy]	Action ignore: 'New:krl.Copy(KRC:\R1\TP\BrakeTest\BrakeTestStart.src), 7000, 0'. MD5 check is identical!
03/06/2022 08:25:24.86 [Information] [Copy]	Action ignore: 'New:krl.Copy(KRC:\R1\Program\tst.src), 7000, 0'. MD5 check is identical!
03/06/2022 08:25:24.86 [Information] [Copy]	Action ignore: 'New:krl.Copy(KRC:\R1\TP\ArcTechBasic\ArcMain.src), 7000, 0'. MD5 check is identical!
03/06/2022 08:25:24.87 [Information] [Copy]	Action ignore: 'New:krl.Copy(KRC:\R1\TP\ArcTechBasic\ArcRoboTeamState.src), 7000, 0'. MD5 check is identical!
03/06/2022 08:25:24.87 [Information] [Copy]	Action ignore: 'New:krl.Copy(KRC:\R1\TP\ArcTechBasic\ArcOutputRoutines.src), 7000, 0'. MD5 check is identical!
03/06/2022 08:25:24.88 [Information] [Copy]	Action ignore: 'New:krl.Copy(KRC:\R1\TP\ArcTechBasic\ArcMsgProxy.src), 7000, 0'. MD5 check is identical!
03/06/2022 08:25:24.88 [Information] [Copy]	Action ignore: 'New:krl.Copy(KRC:\R1\TP\ArcTechBasic\ArcErrorHandler.src), 7000, 0'. MD5 check is identical!
03/06/2022 08:25:24.89 [Information] [Copy]	Action ignore: 'New:krl.Copy(KRC:\R1\TP\ArcTechBasic\ArcAuxiliary.src), 7000, 0'. MD5 check is identical!
03/06/2022 08:25:24.89 [Information] [Copy]	Action ignore: 'New:krl.Copy(KRC:\R1\TP\ArcTechBasic\ArcInputRoutines.src), 7000, 0'. MD5 check is identical!
03/06/2022 08:25:24.90 [Information] [Copy]	Action ignore: 'New:krl.Copy(KRC:\R1\TP\ArcTechBasic\ArcErrorHandlerFacade.src), 7000, 0'. MD5 check is identical!
03/06/2022 08:25:24.90 [Information] [Copy]	Action ignore: 'New:solution.Copy(C:\KRC\User\ProjectRoot\Cortag\Cortag.wvs), 9000, 0'. Copy only once!
03/06/2022 08:25:24.91 [Information] °°° Begin adding global actions for project 'Cortag V1.17.0.0'!
03/06/2022 08:25:24.94 [Information] °°° Execute prepare actions for project 'Cortag V1.17.0.0'!
03/06/2022 08:25:40.91 [Information] Successful execute PrepareAction 'Global.UserPermission(), 1000, 0'.
03/06/2022 08:25:41.10 [Information] Execute Global.StopProgram(), 2000, 0. Krc not in Automatic!
03/06/2022 08:25:41.10 [Information] Successful execute PrepareAction 'Global.StopProgram(), 2000, 0'.
03/06/2022 08:25:41.10 [Information] *** End Prepare 'Cortag V1.17.0.0'!
03/06/2022 08:25:41.46 [Information] Committed: Prepared.
03/06/2022 08:25:41.90 [Information] *** Start installation of "Cortag V1.17.0.0".
03/06/2022 08:25:42.00 [Information] Reset current project!
03/06/2022 08:25:42.24 [Information] Successful execute Install Action 'Global.PrepareReconfiguration(), 0, 0'.
03/06/2022 08:25:42.24 [Information] Install Action 'Global.PrepareReconfiguration(), 0, 0' is installed with its 0 children.
03/06/2022 08:25:42.29 [Information] Successful execute Install Action 'New:config.Copy(Config:\User\Common\KRC_IO.xml), 2000, 0'.
03/06/2022 08:25:42.36 [Information] Install Action 'New:config.Copy(Config:\User\Common\KRC_IO.xml), 2000, 0' is installed with its 0 children.
03/06/2022 08:25:42.37 [Information] Successful execute Install Action 'New:config.Copy(Config:\User\Common\KrcIoSignals.xml), 2000, 0'.
03/06/2022 08:25:42.37 [Information] Install Action 'New:config.Copy(Config:\User\Common\KrcIoSignals.xml), 2000, 0' is installed with its 0 children.
03/06/2022 08:25:42.53 [Information] Successful execute Install Action 'New:mada.Copy(KRC:\Steu\Mada\$custom.dat), 4000, 0'.
03/06/2022 08:25:42.53 [Information] Install Action 'New:mada.Copy(KRC:\Steu\Mada\$custom.dat), 4000, 0' is installed with its 0 children.
03/06/2022 08:25:42.61 [Information] Successful execute Install Action 'New:mada.Copy(KRC:\R1\Mada\$machine.dat), 4000, 0'.
03/06/2022 08:25:42.61 [Information] Install Action 'New:mada.Copy(KRC:\R1\Mada\$machine.dat), 4000, 0' is installed with its 0 children.
03/06/2022 08:25:42.71 [Information] Successful execute Install Action 'New:mada.Copy(KRC:\R1\Mada\$robcor.dat), 4000, 0'.
03/06/2022 08:25:42.71 [Information] Install Action 'New:mada.Copy(KRC:\R1\Mada\$robcor.dat), 4000, 0' is installed with its 0 children.
03/06/2022 08:25:42.78 [Information] Successful execute Install Action 'New:mada.Copy(KRC:\R1\System\$config.dat), 4000, 0'.
03/06/2022 08:25:42.78 [Information] Install Action 'New:mada.Copy(KRC:\R1\System\$config.dat), 4000, 0' is installed with its 0 children.
03/06/2022 08:25:42.88 [Information] Successful execute Install Action 'New:krl.Copy(KRC:\R1\TP\ArcTechBasic\ArcRoboTeamState.dat), 6500, 0'.
03/06/2022 08:25:42.88 [Information] Install Action 'New:krl.Copy(KRC:\R1\TP\ArcTechBasic\ArcRoboTeamState.dat), 6500, 0' is installed with its 0 children.
03/06/2022 08:25:42.95 [Information] Successful execute Install Action 'New:krl.COPY; /Sequence=6500(KRC:\R1\TP\ArcTechBasic\ArcOutputHelpRoutines.dat), 6500, 0'.
03/06/2022 08:25:42.95 [Information] Install Action 'New:krl.COPY; /Sequence=6500(KRC:\R1\TP\ArcTechBasic\ArcOutputHelpRoutines.dat), 6500, 0' is installed with its 0 children.
03/06/2022 08:25:43.01 [Information] Successful execute Install Action 'New:krl.Copy(KRC:\R1\TP\ArcTechBasic\ArcErrorHandler.dat), 6500, 0'.
03/06/2022 08:25:43.01 [Information] Install Action 'New:krl.Copy(KRC:\R1\TP\ArcTechBasic\ArcErrorHandler.dat), 6500, 0' is installed with its 0 children.
03/06/2022 08:25:43.07 [Information] Successful execute Install Action 'New:krl.COPY; /Sequence=6500(KRC:\R1\TP\ArcTechBasic\ArcInputRoutines.dat), 6500, 0'.
03/06/2022 08:25:43.07 [Information] Install Action 'New:krl.COPY; /Sequence=6500(KRC:\R1\TP\ArcTechBasic\ArcInputRoutines.dat), 6500, 0' is installed with its 0 children.
03/06/2022 08:25:43.11 [Information] Successful execute Install Action 'New:krl.COPY; /Sequence=6500(KRC:\R1\TP\ArcTechBasic\ArcGeneral.dat), 6500, 0'.
03/06/2022 08:25:43.11 [Information] Install Action 'New:krl.COPY; /Sequence=6500(KRC:\R1\TP\ArcTechBasic\ArcGeneral.dat), 6500, 0' is installed with its 0 children.
03/06/2022 08:25:43.20 [Information] *** Installation of "Cortag V1.17.0.0" successful!
03/06/2022 08:25:43.45 [Information] Set current project: Cortag V1.17.0.0
03/06/2022 08:25:43.49 [Information] *** End installation of "Cortag V1.17.0.0".
03/06/2022 08:25:43.51 [Information] Committed: Installed.
03/06/2022 08:25:43.59 [Information] Successfully execute post action 'Global.AnalyseAll(), 1000, 0'.
03/06/2022 08:25:43.59 [Information] Successfully execute post action 'Global.Reconfiguration(), 99900, 0'.
03/06/2022 08:25:43.59 [Information] *** Post processing successful.
03/06/2022 08:25:44.79 [Information] Committing: Removing package 'C:\KRC\User\ProjectRoot\S-1-5-21-2269380786-2530548679-512879433.pkg'.
03/06/2022 08:25:44.79 [Information] Committed: Completed.
03/06/2022 08:25:44.82 [Information] #----------------o0o---------------#
