Date: DEC 03 2020  Time: 11:30:01  Axis 1  Serialno.: 427630  First Mastering by EMT  (FirstEncoderValue: 79.492351)
Date: DEC 03 2020  Time: 11:31:13  Axis 2  Serialno.: 427630  First Mastering by EMT  (FirstEncoderValue: 32.253936)
Date: DEC 03 2020  Time: 11:32:21  Axis 3  Serialno.: 427630  First Mastering by EMT  (FirstEncoderValue: 29.233705)
Date: DEC 03 2020  Time: 11:33:51  Axis 4  Serialno.: 427630  First Mastering by EMT  (FirstEncoderValue: 265.670918)
Date: DEC 03 2020  Time: 11:35:30  Axis 5  Serialno.: 427630  First Mastering by EMT  (FirstEncoderValue: 335.337618)
Date: DEC 03 2020  Time: 11:36:36  Axis 6  Serialno.: 427630  First Mastering by EMT  (FirstEncoderValue: 123.435711)
Date: DEC 03 2020  Time: 11:40:09  Axis 7  Serialno.: 427630  First Mastering by Gauge  (FirstEncoderValue: 23.613740)
Date: DEC 03 2020  Time: 11:40:09  Axis 8  Serialno.: 427630  First Mastering by Gauge  (FirstEncoderValue: 5.655212)
Date: DEC 03 2020  Time: 11:40:11  Axis 9  Serialno.: 427630  First Mastering by Gauge  (FirstEncoderValue: 43.185883)
Date: MAR 09 2022  Time: 15:50:52  Axis 3  Serialno.: 427630  First Mastering by Gauge  (FirstEncoderValue: 88.776395)
Date: MAR 09 2022  Time: 15:51:00  Axis 7  Serialno.: 427630  First Mastering by Gauge  (FirstEncoderValue: 39.686736)
Date: MAR 10 2022  Time: 13:05:15  Axis 7  Serialno.: 427630  First Mastering by Gauge  (FirstEncoderValue: 51.682433)
Date: MAR 10 2022  Time: 13:05:17  Axis 8  Serialno.: 427630  First Mastering by Gauge  (FirstEncoderValue: 46.609498)
Date: MAR 10 2022  Time: 13:05:18  Axis 9  Serialno.: 427630  First Mastering by Gauge  (FirstEncoderValue: 73.898166)
Date: MAR 15 2022  Time: 11:34:16  Axis 9  Serialno.: 427630  First Mastering by Gauge  (FirstEncoderValue: 11.744385)
Date: MAR 15 2022  Time: 11:46:49  Axis 7  Serialno.: 427630  First Mastering by Gauge  (FirstEncoderValue: 68.310245)
Date: MAR 15 2022  Time: 11:51:41  Axis 8  Serialno.: 427630  First Mastering by Gauge  (FirstEncoderValue: 18.007965)
Date: MAR 23 2022  Time: 17:27:21  Axis 7  Serialno.: 427630  First Mastering by Gauge  (FirstEncoderValue: 35.761870)
Date: MAR 23 2022  Time: 17:33:53  Axis 8  Serialno.: 427630  First Mastering by EMT  (FirstEncoderValue: 36.207871)
Date: MAR 23 2022  Time: 17:50:28  Axis 7  Serialno.: 427630  First Mastering by EMT  (FirstEncoderValue: 18.875007)
Date: MAR 23 2022  Time: 17:54:53  Axis 8  Serialno.: 427630  First Mastering by EMT  (FirstEncoderValue: 36.306318)
Date: MAR 23 2022  Time: 17:57:57  Axis 9  Serialno.: 427630  First Mastering by EMT  (FirstEncoderValue: 85.336486)
Date: MAY 26 2022  Time: 14:33:11  Axis 9  Serialno.: 427630  First Mastering by Gauge  (FirstEncoderValue: 79.902189)
